2022-10-10 09:00:22 SimCov version SimCov version 0.1.1.d78b099-dirty-master built on 20220926_142515
2022-10-10 09:00:22 _________________________
2022-10-10 09:00:22 Compiler definitions:
2022-10-10 09:00:22   _XOPEN_SOURCE=700
2022-10-10 09:00:22   CONFIG_USE_COLORS
2022-10-10 09:00:22   USE_BYTELL
2022-10-10 09:00:22   MAX_VIRIONS=125000
2022-10-10 09:00:22   MIN_VIRIONS=1e-10
2022-10-10 09:00:22   BLOCK_PARTITION
2022-10-10 09:00:22   MIN_BLOCKS_PER_PROC=1
2022-10-10 09:00:22   AVERAGE_SUBSAMPLE
2022-10-10 09:00:22 _________________________
2022-10-10 09:00:22 Options:
2022-10-10 09:00:22   dim =                         15000 15000 1
2022-10-10 09:00:22   whole-lung-dim =              48000 40000 20000
2022-10-10 09:00:22   timesteps =                   33120
2022-10-10 09:00:22   infection-coords =            uniform:1
2022-10-10 09:00:22   initial-infection =           1000
2022-10-10 09:00:22   incubation-period =           480
2022-10-10 09:00:22   apoptosis-period =            180
2022-10-10 09:00:22   expressing-period =           900
2022-10-10 09:00:22   infectivity =                 0.001
2022-10-10 09:00:22   infectivity-multiplier =      1.0
2022-10-10 09:00:22   virion-production =           1.1
2022-10-10 09:00:22   virion-production-multiplier = 1.0
2022-10-10 09:00:22   virion-clearance =            0.004
2022-10-10 09:00:22   virion-diffusion =            0.002049
2022-10-10 09:00:22   chemokine-production =        1.0
2022-10-10 09:00:22   chemokine-decay =             0.01
2022-10-10 09:00:22   chemokine-diffusion =         1.0
2022-10-10 09:00:22   min-chemokine =               1e-06
2022-10-10 09:00:22   antibody-factor =             1
2022-10-10 09:00:22   antibody-period =             5760
2022-10-10 09:00:22   tcell-generation-rate =       105000
2022-10-10 09:00:22   tcell-initial-delay =         10080
2022-10-10 09:00:22   tcell-vascular-period =       5760
2022-10-10 09:00:22   tcell-tissue-period =         1440
2022-10-10 09:00:22   tcell-binding-period =        10
2022-10-10 09:00:22   max-binding-prob =            1
2022-10-10 09:00:22   tcells-follow-gradient =      false
2022-10-10 09:00:22   seed =                        29
2022-10-10 09:00:22   sample-period =               0
2022-10-10 09:00:22   sample-resolution =           1
2022-10-10 09:00:22   max-block-dim =               10
2022-10-10 09:00:22   output =                      experiments/j-0.002049_m-1
2022-10-10 09:00:22 _________________________
2022-10-10 09:00:22 Starting run with 64 processes on 2 nodes at 10/10/22 09:00:22
2022-10-10 09:00:22 Pinned processes, with process 0 (pid 2019200) pinned to core 0
2022-10-10 09:00:22 Using block partitioning
2022-10-10 09:00:22 Initial free memory across all nodes: 164.85GB
2022-10-10 09:00:22 Starting with 82.19GB free on node 0
2022-10-10 09:00:22 Dividing 225000000 grid points into 3515625 squares of size 64 (8^2), with 54932 per process
2022-10-10 09:00:22 Total initial memory required per process is at least 281.63MB with each grid point requiring on average 84 bytes
2022-10-10 09:00:26  --- Elapsed time for tissue.cpp:Tissue:  (exiting barrier) 2022-10-10 09:00:26 ...
2022-10-10 09:00:26           ... (min/my/avg/max, bal) (3.51/3.51/3.51/3.51 s, 1.00) barrier(0.00 s) --- 
2022-10-10 09:00:26 Memory used on node 0 after initialization is  10.90GB
2022-10-10 09:00:26           ... (min/my/avg/max, bal) No-Time barrier(0.00 s) --- 
2022-10-10 09:00:26 Fraction of circulating T cells extravasating is 5.85938e-06
2022-10-10 09:00:26 # datetime                    step    incb       expr       apop       dead       tvas       ttis       chem       virs       chempts    %infct     <%active  lbln>
2022-10-10 09:00:26 [0] <main.cpp:141> WARNING: Time step 0: SUCCESSFUL initial infection at (7500, 7500, 0) after 0 tries
2022-10-10 09:00:26 [10/10/22 09:00:26    0.00s]: 0       1          0          0          0          0          0          0.00e+00   0.00e+00   1.00e+00   0.00       < 0.000 0.016 >
2022-10-10 09:00:26 [10/10/22 09:00:26    0.11s]: 662     11         11         0          0          0          0          4.74e-07   9.36e+02   5.78e+03   0.00       < 0.003 0.706 >
2022-10-10 09:00:26 [10/10/22 09:00:26    0.20s]: 1324    30         27         0          0          0          0          8.68e-07   5.60e+03   1.18e+04   0.00       < 0.005 0.720 >
2022-10-10 09:00:26 [10/10/22 09:00:26    0.22s]: 1986    41         43         0          21         0          0          1.27e-06   1.02e+04   1.28e+04   0.00       < 0.006 0.784 >
2022-10-10 09:00:26 [10/10/22 09:00:26    0.23s]: 2648    49         65         0          55         0          0          1.77e-06   1.65e+04   1.38e+04   0.00       < 0.006 0.845 >
2022-10-10 09:00:27 [10/10/22 09:00:27    0.24s]: 3310    61         85         0          101        0          0          2.31e-06   2.25e+04   1.47e+04   0.00       < 0.007 0.788 >
2022-10-10 09:00:27 [10/10/22 09:00:27    0.26s]: 3972    73         113        0          161        0          0          2.85e-06   2.80e+04   1.56e+04   0.00       < 0.007 0.788 >
2022-10-10 09:00:27 [10/10/22 09:00:27    0.27s]: 4634    87         133        0          241        0          0          3.44e-06   3.50e+04   1.66e+04   0.00       < 0.007 0.809 >
2022-10-10 09:00:28 [10/10/22 09:00:28    0.29s]: 5296    86         160        0          343        0          0          4.07e-06   4.05e+04   1.74e+04   0.00       < 0.008 0.776 >
2022-10-10 09:00:28 [10/10/22 09:00:28    0.30s]: 5958    101        186        0          450        0          0          4.69e-06   4.84e+04   1.84e+04   0.00       < 0.008 0.763 >
2022-10-10 09:00:28 [10/10/22 09:00:28    0.31s]: 6620    108        205        0          579        0          0          5.21e-06   5.26e+04   1.93e+04   0.00       < 0.009 0.783 >
2022-10-10 09:00:28 [10/10/22 09:00:28    0.31s]: 7282    138        208        0          725        0          0          5.80e-06   5.56e+04   2.00e+04   0.00       < 0.009 0.815 >
2022-10-10 09:00:29 [10/10/22 09:00:29    0.33s]: 7944    152        240        0          883        0          0          6.40e-06   6.29e+04   2.10e+04   0.00       < 0.009 0.855 >
2022-10-10 09:00:29 [10/10/22 09:00:29    0.32s]: 8606    145        280        0          1052       0          0          7.07e-06   7.28e+04   2.19e+04   0.00       < 0.010 0.840 >
2022-10-10 09:00:29 [10/10/22 09:00:29    0.34s]: 9268    155        289        0          1256       0          0          7.63e-06   7.72e+04   2.28e+04   0.00       < 0.010 0.815 >
2022-10-10 09:00:30 [10/10/22 09:00:30    0.36s]: 9930    183        313        0          1454       0          0          8.33e-06   8.29e+04   2.38e+04   0.00       < 0.011 0.781 >
2022-10-10 09:00:30 [10/10/22 09:00:30    0.40s]: 10592   195        340        0          1681       51435196   8          8.93e-06   8.92e+04   2.48e+04   0.00       < 0.011 0.771 >
2022-10-10 09:00:31 [10/10/22 09:00:31    0.44s]: 11254   179        337        22         1948       111508576  41         9.52e-06   9.46e+04   2.59e+04   0.00       < 0.011 0.789 >
2022-10-10 09:00:31 [10/10/22 09:00:31    0.48s]: 11916   148        214        75         2329       165059275  104        9.32e-06   7.96e+04   2.67e+04   0.00       < 0.012 0.817 >
2022-10-10 09:00:32 [10/10/22 09:00:32    0.53s]: 12578   83         33         71         2794       212795059  166        5.58e-06   3.32e+04   2.73e+04   0.00       < 0.012 0.834 >
2022-10-10 09:00:32 [10/10/22 09:00:32    0.56s]: 13240   48         9          40         3014       255347743  197        2.49e-06   1.00e+04   2.59e+04   0.00       < 0.012 0.794 >
2022-10-10 09:00:33 [10/10/22 09:00:33    0.57s]: 13902   18         2          20         3143       293280132  224        1.02e-06   2.87e+03   2.36e+04   0.00       < 0.010 0.762 >
2022-10-10 09:00:33 [10/10/22 09:00:33    0.56s]: 14564   2          0          6          3195       327093848  250        1.16e-08   3.38e+02   1.85e+04   0.00       < 0.008 0.755 >
2022-10-10 09:00:34 [10/10/22 09:00:34    0.45s]: 15226   0          0          1          3209       357235896  197        1.03e-07   1.50e+02   8.12e+03   0.00       < 0.004 0.580 >
2022-10-10 09:00:34 [10/10/22 09:00:34    0.44s]: 15888   0          0          0          3212       384105222  133        6.62e-11   1.06e+01   4.79e+03   0.00       < 0.003 0.702 >
2022-10-10 09:00:35 [10/10/22 09:00:35    0.34s]: 16550   0          0          0          3212       408057107  63         0.00e+00   7.46e-01   3.21e+03   0.00       < 0.002 0.564 >
2022-10-10 09:00:35 [10/10/22 09:00:35    0.34s]: 17212   0          0          0          3212       429408233  8          0.00e+00   5.25e-02   3.21e+03   0.00       < 0.002 0.529 >
2022-10-10 09:00:35 [10/10/22 09:00:35    0.33s]: 17874   0          0          0          3212       448440962  0          0.00e+00   3.70e-03   3.21e+03   0.00       < 0.002 0.474 >
2022-10-10 09:00:36 [10/10/22 09:00:36    0.33s]: 18536   0          0          0          3212       465407195  0          0.00e+00   2.61e-04   3.21e+03   0.00       < 0.001 0.374 >
2022-10-10 09:00:36 [10/10/22 09:00:36    0.33s]: 19198   0          0          0          3212       480531087  0          0.00e+00   1.83e-05   3.21e+03   0.00       < 0.001 0.255 >
2022-10-10 09:00:36 [10/10/22 09:00:36    0.31s]: 19860   0          0          0          3212       494013029  0          0.00e+00   1.25e-06   3.21e+03   0.00       < 0.000 0.143 >
2022-10-10 09:00:37 [10/10/22 09:00:37    0.30s]: 20522   0          0          0          3212       506030978  0          0.00e+00   7.66e-08   3.21e+03   0.00       < 0.000 0.041 >
2022-10-10 09:00:37 [10/10/22 09:00:37    0.29s]: 21184   0          0          0          3212       516743942  0          0.00e+00   5.17e-10   3.21e+03   0.00       < 0.000 0.020 >
2022-10-10 09:00:37 [10/10/22 09:00:37    0.28s]: 21846   0          0          0          3212       526293878  0          0.00e+00   0.00e+00   3.21e+03   0.00       < 0.000 1.000 >
2022-10-10 09:00:37 [10/10/22 09:00:37    0.28s]: 22508   0          0          0          3212       534806779  0          0.00e+00   0.00e+00   3.21e+03   0.00       < 0.000 1.000 >
2022-10-10 09:00:38 [10/10/22 09:00:38    0.28s]: 23170   0          0          0          3212       542395286  0          0.00e+00   0.00e+00   3.21e+03   0.00       < 0.000 1.000 >
2022-10-10 09:00:38 [10/10/22 09:00:38    0.29s]: 23832   0          0          0          3212       549159860  0          0.00e+00   0.00e+00   3.21e+03   0.00       < 0.000 1.000 >
2022-10-10 09:00:38 [10/10/22 09:00:38    0.29s]: 24494   0          0          0          3212       555189961  0          0.00e+00   0.00e+00   3.21e+03   0.00       < 0.000 1.000 >
2022-10-10 09:00:39 [10/10/22 09:00:39    0.29s]: 25156   0          0          0          3212       560565365  0          0.00e+00   0.00e+00   3.21e+03   0.00       < 0.000 1.000 >
2022-10-10 09:00:39 [10/10/22 09:00:39    0.29s]: 25818   0          0          0          3212       565356951  0          0.00e+00   0.00e+00   3.21e+03   0.00       < 0.000 1.000 >
2022-10-10 09:00:39 [10/10/22 09:00:39    0.30s]: 26480   0          0          0          3212       569628469  0          0.00e+00   0.00e+00   3.21e+03   0.00       < 0.000 1.000 >
2022-10-10 09:00:39 [10/10/22 09:00:39    0.30s]: 27142   0          0          0          3212       573436111  0          0.00e+00   0.00e+00   3.21e+03   0.00       < 0.000 1.000 >
2022-10-10 09:00:40 [10/10/22 09:00:40    0.30s]: 27804   0          0          0          3212       576830251  0          0.00e+00   0.00e+00   3.21e+03   0.00       < 0.000 1.000 >
2022-10-10 09:00:40 [10/10/22 09:00:40    0.30s]: 28466   0          0          0          3212       579855804  0          0.00e+00   0.00e+00   3.21e+03   0.00       < 0.000 1.000 >
2022-10-10 09:00:40 [10/10/22 09:00:40    0.30s]: 29128   0          0          0          3212       582552867  0          0.00e+00   0.00e+00   3.21e+03   0.00       < 0.000 1.000 >
2022-10-10 09:00:41 [10/10/22 09:00:41    0.30s]: 29790   0          0          0          3212       584957157  0          0.00e+00   0.00e+00   3.21e+03   0.00       < 0.000 1.000 >
2022-10-10 09:00:41 [10/10/22 09:00:41    0.31s]: 30452   0          0          0          3212       587100264  0          0.00e+00   0.00e+00   3.21e+03   0.00       < 0.000 1.000 >
2022-10-10 09:00:41 [10/10/22 09:00:41    0.31s]: 31114   0          0          0          3212       589010722  0          0.00e+00   0.00e+00   3.21e+03   0.00       < 0.000 1.000 >
2022-10-10 09:00:42 [10/10/22 09:00:42    0.31s]: 31776   0          0          0          3212       590713695  0          0.00e+00   0.00e+00   3.21e+03   0.00       < 0.000 1.000 >
2022-10-10 09:00:42 [10/10/22 09:00:42    0.31s]: 32438   0          0          0          3212       592231744  0          0.00e+00   0.00e+00   3.21e+03   0.00       < 0.000 1.000 >
2022-10-10 09:00:42 [10/10/22 09:00:42    0.31s]: 33100   0          0          0          3212       593584994  0          0.00e+00   0.00e+00   3.21e+03   0.00       < 0.000 1.000 >
2022-10-10 09:00:42 [10/10/22 09:00:42    0.01s]: 33119   0          0          0          3212       593621591  0          0.00e+00   0.00e+00   3.21e+03   0.00       < 0.000 1.000 >
2022-10-10 09:00:42  ---  main.cpp:generate tcells took  avg 0.00 s max 0.00 s balance 0.87  --- 
2022-10-10 09:00:42  ---  main.cpp:update circulating tcells took  avg 6.12 s max 6.59 s balance 0.93  --- 
2022-10-10 09:00:42  ---  main.cpp:update tcells took  avg 0.16 s max 0.19 s balance 0.86  --- 
2022-10-10 09:00:42  ---  main.cpp:update epicells took  avg 0.23 s max 0.26 s balance 0.89  --- 
2022-10-10 09:00:42  ---  main.cpp:update concentrations took  avg 0.78 s max 0.87 s balance 0.90  --- 
2022-10-10 09:00:42  ---  main.cpp:compute updates took  avg 10.35 s max 10.35 s balance 1.00  --- 
2022-10-10 09:00:42  ---  main.cpp:dispatch updates took  avg 2.14 s max 2.47 s balance 0.86  --- 
2022-10-10 09:00:42  ---  main.cpp:add new actives took  avg 0.11 s max 0.15 s balance 0.69  --- 
2022-10-10 09:00:42  ---  main.cpp:erase inactive took  avg 0.53 s max 0.58 s balance 0.92  --- 
2022-10-10 09:00:42  ---  main.cpp:sample took  avg 0.00 s max 0.00 s balance -nan  --- 
2022-10-10 09:00:42  ---  main.cpp:sample write took  avg 0.00 s max 0.00 s balance -nan  --- 
2022-10-10 09:00:42  ---  main.cpp:log took  avg 1.27 s max 1.28 s balance 0.99  --- 
2022-10-10 09:00:42 Finished 33120 time steps in 16.4770 s (0.0005 s per step)
2022-10-10 09:00:42  --- Elapsed time for main.cpp:run_sim:  (exiting barrier) 2022-10-10 09:00:42 ...
2022-10-10 09:00:42           ... (min/my/avg/max, bal) (16.48/16.48/16.48/16.48 s, 1.00) barrier(0.00 s) --- 
2022-10-10 09:00:42 Peak memory used across all nodes: 21.84GB
2022-10-10 09:00:42 Finished in 20.13 s at 10/10/22 09:00:42 for SimCov version 0.1.1.d78b099-dirty
