2022-10-10 09:46:21 SimCov version SimCov version 0.1.1.d78b099-dirty-master built on 20220926_142515
2022-10-10 09:46:21 _________________________
2022-10-10 09:46:21 Compiler definitions:
2022-10-10 09:46:21   _XOPEN_SOURCE=700
2022-10-10 09:46:21   CONFIG_USE_COLORS
2022-10-10 09:46:21   USE_BYTELL
2022-10-10 09:46:21   MAX_VIRIONS=125000
2022-10-10 09:46:21   MIN_VIRIONS=1e-10
2022-10-10 09:46:21   BLOCK_PARTITION
2022-10-10 09:46:21   MIN_BLOCKS_PER_PROC=1
2022-10-10 09:46:21   AVERAGE_SUBSAMPLE
2022-10-10 09:46:21 _________________________
2022-10-10 09:46:21 Options:
2022-10-10 09:46:21   dim =                         15000 15000 1
2022-10-10 09:46:21   whole-lung-dim =              48000 40000 20000
2022-10-10 09:46:21   timesteps =                   33120
2022-10-10 09:46:21   infection-coords =            uniform:1
2022-10-10 09:46:21   initial-infection =           1000
2022-10-10 09:46:21   incubation-period =           480
2022-10-10 09:46:21   apoptosis-period =            180
2022-10-10 09:46:21   expressing-period =           900
2022-10-10 09:46:21   infectivity =                 0.001
2022-10-10 09:46:21   infectivity-multiplier =      1.0
2022-10-10 09:46:21   virion-production =           1.1
2022-10-10 09:46:21   virion-production-multiplier = 1.0
2022-10-10 09:46:21   virion-clearance =            0.004
2022-10-10 09:46:21   virion-diffusion =            1.0
2022-10-10 09:46:21   chemokine-production =        1.0
2022-10-10 09:46:21   chemokine-decay =             0.01
2022-10-10 09:46:21   chemokine-diffusion =         1.0
2022-10-10 09:46:21   min-chemokine =               1e-06
2022-10-10 09:46:21   antibody-factor =             1
2022-10-10 09:46:21   antibody-period =             5760
2022-10-10 09:46:21   tcell-generation-rate =       105000
2022-10-10 09:46:21   tcell-initial-delay =         10080
2022-10-10 09:46:21   tcell-vascular-period =       5760
2022-10-10 09:46:21   tcell-tissue-period =         1440
2022-10-10 09:46:21   tcell-binding-period =        10
2022-10-10 09:46:21   max-binding-prob =            1
2022-10-10 09:46:21   tcells-follow-gradient =      false
2022-10-10 09:46:21   seed =                        29
2022-10-10 09:46:21   sample-period =               0
2022-10-10 09:46:21   sample-resolution =           1
2022-10-10 09:46:21   max-block-dim =               10
2022-10-10 09:46:21   output =                      experiments/j-1_m-1
2022-10-10 09:46:21 _________________________
2022-10-10 09:46:21 Starting run with 64 processes on 2 nodes at 10/10/22 09:46:21
2022-10-10 09:46:21 Pinned processes, with process 0 (pid 2021543) pinned to core 0
2022-10-10 09:46:21 Using block partitioning
2022-10-10 09:46:21 Initial free memory across all nodes: 164.71GB
2022-10-10 09:46:21 Starting with 82.11GB free on node 0
2022-10-10 09:46:21 Dividing 225000000 grid points into 3515625 squares of size 64 (8^2), with 54932 per process
2022-10-10 09:46:21 Total initial memory required per process is at least 281.63MB with each grid point requiring on average 84 bytes
2022-10-10 09:46:25  --- Elapsed time for tissue.cpp:Tissue:  (exiting barrier) 2022-10-10 09:46:25 ...
2022-10-10 09:46:25           ... (min/my/avg/max, bal) (3.48/3.48/3.48/3.48 s, 1.00) barrier(0.00 s) --- 
2022-10-10 09:46:25 Memory used on node 0 after initialization is  10.91GB
2022-10-10 09:46:25           ... (min/my/avg/max, bal) No-Time barrier(0.00 s) --- 
2022-10-10 09:46:25 Fraction of circulating T cells extravasating is 5.85938e-06
2022-10-10 09:46:25 # datetime                    step    incb       expr       apop       dead       tvas       ttis       chem       virs       chempts    %infct     <%active  lbln>
2022-10-10 09:46:25 [0] <main.cpp:141> WARNING: Time step 0: SUCCESSFUL initial infection at (7500, 7500, 0) after 0 tries
2022-10-10 09:46:25 [10/10/22 09:46:25    0.00s]: 0       1          0          0          0          0          0          0.00e+00   0.00e+00   1.00e+00   0.00       < 0.000 0.016 >
2022-10-10 09:46:25 [10/10/22 09:46:25    0.38s]: 662     448        114        0          0          0          0          4.90e-06   9.34e+03   8.75e+03   0.00       < 0.022 0.878 >
2022-10-10 09:46:26 [10/10/22 09:46:26    0.85s]: 1324    3804       1693       0          0          0          0          2.25e-05   1.97e+05   3.06e+04   0.00       < 0.034 0.874 >
2022-10-10 09:46:27 [10/10/22 09:46:27    1.19s]: 1986    8688       7413       0          376        0          0          6.77e-05   1.37e+06   4.66e+04   0.01       < 0.050 0.923 >
2022-10-10 09:46:29 [10/10/22 09:46:29    1.67s]: 2648    11894      15130      0          4947       0          0          1.28e-04   3.34e+06   7.15e+04   0.01       < 0.066 0.948 >
2022-10-10 09:46:31 [10/10/22 09:46:31    2.15s]: 3310    15468      21712      0          15462      0          0          1.88e-04   5.28e+06   1.03e+05   0.02       < 0.085 0.943 >
2022-10-10 09:46:34 [10/10/22 09:46:34    2.79s]: 3972    20230      29458      0          30416      0          0          2.51e-04   7.23e+06   1.40e+05   0.04       < 0.107 0.957 >
2022-10-10 09:46:37 [10/10/22 09:46:37    3.58s]: 4634    24089      37723      0          50653      0          0          3.16e-04   9.47e+06   1.81e+05   0.05       < 0.131 0.968 >
2022-10-10 09:46:42 [10/10/22 09:46:42    4.51s]: 5296    27768      44645      0          77589      0          0          3.78e-04   1.14e+07   2.30e+05   0.07       < 0.157 0.969 >
2022-10-10 09:46:47 [10/10/22 09:46:47    5.67s]: 5958    32571      52102      0          109489     0          0          4.42e-04   1.35e+07   2.85e+05   0.09       < 0.187 0.972 >
2022-10-10 09:46:54 [10/10/22 09:46:54    6.86s]: 6620    36611      60669      0          146528     0          0          5.08e-04   1.57e+07   3.47e+05   0.11       < 0.221 0.977 >
2022-10-10 09:47:03 [10/10/22 09:47:03    8.84s]: 7282    41653      68006      0          190211     0          0          5.82e-04   1.78e+07   4.17e+05   0.13       < 0.257 0.980 >
2022-10-10 09:47:14 [10/10/22 09:47:14   10.49s]: 7944    47074      77883      0          239271     0          0          6.60e-04   2.02e+07   4.86e+05   0.16       < 0.295 0.984 >
2022-10-10 09:47:26 [10/10/22 09:47:26   12.25s]: 8606    49641      88099      0          294633     0          0          7.32e-04   2.31e+07   5.65e+05   0.19       < 0.334 0.983 >
2022-10-10 09:47:40 [10/10/22 09:47:40   13.95s]: 9268    54614      93427      0          358773     0          0          7.98e-04   2.49e+07   6.51e+05   0.23       < 0.377 0.982 >
2022-10-10 09:47:56 [10/10/22 09:47:56   15.77s]: 9930    58229      102161     0          426350     0          0          8.58e-04   2.70e+07   7.38e+05   0.26       < 0.423 0.984 >
2022-10-10 09:48:14 [10/10/22 09:48:14   18.55s]: 10592   61276      108707     529        500485     51435082   184        9.19e-04   2.92e+07   8.30e+05   0.30       < 0.470 0.981 >
2022-10-10 09:48:35 [10/10/22 09:48:35   20.95s]: 11254   63187      110024     3372       583231     111507749  1005       9.66e-04   3.04e+07   9.26e+05   0.34       < 0.520 0.983 >
2022-10-10 09:48:59 [10/10/22 09:48:59   23.81s]: 11916   64164      102619     8465       676856     165056949  2482       1.01e-03   3.01e+07   1.03e+06   0.38       < 0.571 0.988 >
2022-10-10 09:49:26 [10/10/22 09:49:26   27.15s]: 12578   64425      93131      12485      777208     212790850  4058       1.04e-03   2.85e+07   1.13e+06   0.42       < 0.625 0.990 >
2022-10-10 09:49:56 [10/10/22 09:49:56   29.58s]: 13240   64113      84554      15747      880402     255341457  5459       1.06e-03   2.66e+07   1.24e+06   0.46       < 0.675 0.989 >
2022-10-10 09:50:28 [10/10/22 09:50:28   32.09s]: 13902   65563      76216      18429      985875     293271202  6855       1.09e-03   2.47e+07   1.35e+06   0.51       < 0.722 0.990 >
2022-10-10 09:51:02 [10/10/22 09:51:02   34.32s]: 14564   65659      73042      20629      1090929    327081970  8309       1.10e-03   2.36e+07   1.46e+06   0.56       < 0.768 0.986 >
2022-10-10 09:51:38 [10/10/22 09:51:38   36.30s]: 15226   66063      66755      22503      1201159    357221044  9543       1.11e-03   2.25e+07   1.57e+06   0.60       < 0.813 0.991 >
2022-10-10 09:52:17 [10/10/22 09:52:17   38.89s]: 15888   66230      63054      24175      1312084    384086770  10839      1.12e-03   2.14e+07   1.69e+06   0.65       < 0.856 0.992 >
2022-10-10 09:52:59 [10/10/22 09:52:59   41.96s]: 16550   67548      57645      25546      1426301    408035228  12034      1.12e-03   2.02e+07   1.81e+06   0.70       < 0.897 0.994 >
2022-10-10 09:53:44 [10/10/22 09:53:44   44.48s]: 17212   69453      55948      26815      1540835    429382652  13139      1.13e-03   1.95e+07   1.94e+06   0.75       < 0.938 0.993 >
2022-10-10 09:54:30 [10/10/22 09:54:30   46.59s]: 17874   69359      53307      28746      1659468    448411802  14330      1.15e-03   1.92e+07   2.06e+06   0.80       < 0.976 0.992 >
2022-10-10 09:55:19 [10/10/22 09:55:19   48.60s]: 18536   69862      50276      30037      1781264    465374294  15386      1.15e-03   1.83e+07   2.19e+06   0.86       < 1.012 0.989 >
2022-10-10 09:56:09 [10/10/22 09:56:09   50.38s]: 19198   70679      47522      30701      1905543    480494368  16372      1.16e-03   1.76e+07   2.32e+06   0.91       < 1.048 0.993 >
2022-10-10 09:57:02 [10/10/22 09:57:02   52.72s]: 19860   71550      48071      31100      2029252    493972657  17061      1.17e-03   1.73e+07   2.45e+06   0.97       < 1.082 0.991 >
2022-10-10 09:57:57 [10/10/22 09:57:57   55.30s]: 20522   72903      47243      32543      2156211    505986663  18054      1.19e-03   1.73e+07   2.59e+06   1.03       < 1.116 0.991 >
2022-10-10 09:58:56 [10/10/22 09:58:56   58.36s]: 21184   74275      46696      33617      2287052    516696172  19044      1.20e-03   1.72e+07   2.73e+06   1.09       < 1.151 0.989 >
2022-10-10 09:59:56 [10/10/22 09:59:56   60.19s]: 21846   73403      44204      35038      2421831    526242122  20104      1.21e-03   1.70e+07   2.87e+06   1.14       < 1.185 0.988 >
2022-10-10 10:00:58 [10/10/22 10:00:58   62.14s]: 22508   74547      41228      35229      2559443    534751217  20926      1.20e-03   1.61e+07   3.00e+06   1.20       < 1.221 0.989 >
2022-10-10 10:02:02 [10/10/22 10:02:02   64.21s]: 23170   76328      40893      35815      2696564    542336247  21665      1.20e-03   1.57e+07   3.16e+06   1.27       < 1.252 0.991 >
2022-10-10 10:03:08 [10/10/22 10:03:08   65.57s]: 23832   77976      40889      36849      2835934    549097041  22484      1.22e-03   1.58e+07   3.32e+06   1.33       < 1.284 0.994 >
2022-10-10 10:04:15 [10/10/22 10:04:15   67.40s]: 24494   80470      42359      37201      2978319    555123530  23153      1.25e-03   1.60e+07   3.47e+06   1.39       < 1.320 0.994 >
2022-10-10 10:05:24 [10/10/22 10:05:24   69.33s]: 25156   81234      43332      39533      3125045    560495283  24039      1.28e-03   1.66e+07   3.63e+06   1.46       < 1.354 0.992 >
2022-10-10 10:06:36 [10/10/22 10:06:36   71.45s]: 25818   80178      39736      40655      3278866    565283479  25050      1.29e-03   1.63e+07   3.77e+06   1.53       < 1.387 0.989 >
2022-10-10 10:07:50 [10/10/22 10:07:50   73.73s]: 26480   82186      37616      40227      3432384    569551391  25727      1.28e-03   1.53e+07   3.94e+06   1.60       < 1.418 0.993 >
2022-10-10 10:09:05 [10/10/22 10:09:05   75.41s]: 27142   84311      40064      41345      3584449    573355468  26815      1.28e-03   1.55e+07   4.12e+06   1.67       < 1.450 0.996 >
2022-10-10 10:10:22 [10/10/22 10:10:22   77.17s]: 27804   86435      39867      42008      3743174    576746368  27469      1.33e-03   1.58e+07   4.28e+06   1.74       < 1.485 0.993 >
2022-10-10 10:11:41 [10/10/22 10:11:41   79.04s]: 28466   87762      41419      42848      3904592    579768781  27796      1.36e-03   1.61e+07   4.45e+06   1.81       < 1.518 0.994 >
2022-10-10 10:13:02 [10/10/22 10:13:02   80.97s]: 29128   90161      43728      43633      4067010    582462804  28305      1.39e-03   1.68e+07   4.62e+06   1.89       < 1.551 0.993 >
2022-10-10 10:14:25 [10/10/22 10:14:25   82.62s]: 29790   91323      43998      44833      4235147    584864137  28856      1.42e-03   1.74e+07   4.80e+06   1.96       < 1.584 0.993 >
2022-10-10 10:15:49 [10/10/22 10:15:49   84.49s]: 30452   92527      43908      45051      4406945    587004101  29765      1.44e-03   1.73e+07   4.98e+06   2.04       < 1.616 0.994 >
2022-10-10 10:17:16 [10/10/22 10:17:16   86.64s]: 31114   92922      44427      47026      4580517    588911598  30606      1.45e-03   1.76e+07   5.17e+06   2.12       < 1.647 0.992 >
2022-10-10 10:18:44 [10/10/22 10:18:44   88.39s]: 31776   95778      44125      46592      4758695    590611745  31358      1.47e-03   1.74e+07   5.36e+06   2.20       < 1.682 0.995 >
2022-10-10 10:20:15 [10/10/22 10:20:15   90.75s]: 32438   98080      44398      48843      4939149    592126728  32039      1.50e-03   1.77e+07   5.55e+06   2.28       < 1.721 0.994 >
2022-10-10 10:21:48 [10/10/22 10:21:48   93.12s]: 33100   98253      45031      49528      5124861    593476740  33151      1.53e-03   1.79e+07   5.75e+06   2.36       < 1.756 0.992 >
2022-10-10 10:21:51 [10/10/22 10:21:51    2.69s]: 33119   98134      45020      49640      5130254    593513199  33175      1.53e-03   1.79e+07   5.76e+06   2.37       < 1.757 0.992 >
2022-10-10 10:21:51  ---  main.cpp:generate tcells took  avg 0.01 s max 0.02 s balance 0.60  --- 
2022-10-10 10:21:51  ---  main.cpp:update circulating tcells took  avg 7.56 s max 7.97 s balance 0.95  --- 
2022-10-10 10:21:51  ---  main.cpp:update tcells took  avg 62.14 s max 68.94 s balance 0.90  --- 
2022-10-10 10:21:51  ---  main.cpp:update epicells took  avg 56.82 s max 57.68 s balance 0.99  --- 
2022-10-10 10:21:51  ---  main.cpp:update concentrations took  avg 578.17 s max 593.23 s balance 0.97  --- 
2022-10-10 10:21:51  ---  main.cpp:compute updates took  avg 1202.94 s max 1202.98 s balance 1.00  --- 
2022-10-10 10:21:51  ---  main.cpp:dispatch updates took  avg 556.98 s max 614.62 s balance 0.91  --- 
2022-10-10 10:21:51  ---  main.cpp:add new actives took  avg 23.92 s max 24.55 s balance 0.97  --- 
2022-10-10 10:21:51  ---  main.cpp:erase inactive took  avg 244.21 s max 250.61 s balance 0.97  --- 
2022-10-10 10:21:51  ---  main.cpp:sample took  avg 0.00 s max 0.00 s balance -nan  --- 
2022-10-10 10:21:51  ---  main.cpp:sample write took  avg 0.00 s max 0.00 s balance -nan  --- 
2022-10-10 10:21:51  ---  main.cpp:log took  avg 2.63 s max 2.64 s balance 0.99  --- 
2022-10-10 10:21:51 Finished 33120 time steps in 2126.2801 s (0.0642 s per step)
2022-10-10 10:21:51  --- Elapsed time for main.cpp:run_sim:  (exiting barrier) 2022-10-10 10:21:51 ...
2022-10-10 10:21:51           ... (min/my/avg/max, bal) (2126.28/2126.28/2126.28/2126.28 s, 1.00) barrier(0.00 s) --- 
2022-10-10 10:21:51 Peak memory used across all nodes: 23.30GB
2022-10-10 10:21:51 Finished in 2130.26 s at 10/10/22 10:21:51 for SimCov version 0.1.1.d78b099-dirty
