2022-10-10 09:11:22 SimCov version SimCov version 0.1.1.d78b099-dirty-master built on 20220926_142515
2022-10-10 09:11:22 _________________________
2022-10-10 09:11:22 Compiler definitions:
2022-10-10 09:11:22   _XOPEN_SOURCE=700
2022-10-10 09:11:22   CONFIG_USE_COLORS
2022-10-10 09:11:22   USE_BYTELL
2022-10-10 09:11:22   MAX_VIRIONS=125000
2022-10-10 09:11:22   MIN_VIRIONS=1e-10
2022-10-10 09:11:22   BLOCK_PARTITION
2022-10-10 09:11:22   MIN_BLOCKS_PER_PROC=1
2022-10-10 09:11:22   AVERAGE_SUBSAMPLE
2022-10-10 09:11:22 _________________________
2022-10-10 09:11:22 Options:
2022-10-10 09:11:22   dim =                         15000 15000 1
2022-10-10 09:11:22   whole-lung-dim =              48000 40000 20000
2022-10-10 09:11:22   timesteps =                   33120
2022-10-10 09:11:22   infection-coords =            uniform:1
2022-10-10 09:11:22   initial-infection =           1000
2022-10-10 09:11:22   incubation-period =           480
2022-10-10 09:11:22   apoptosis-period =            180
2022-10-10 09:11:22   expressing-period =           900
2022-10-10 09:11:22   infectivity =                 0.001
2022-10-10 09:11:22   infectivity-multiplier =      1.0
2022-10-10 09:11:22   virion-production =           1.1
2022-10-10 09:11:22   virion-production-multiplier = 1.0
2022-10-10 09:11:22   virion-clearance =            0.004
2022-10-10 09:11:22   virion-diffusion =            1.0
2022-10-10 09:11:22   chemokine-production =        1.0
2022-10-10 09:11:22   chemokine-decay =             0.01
2022-10-10 09:11:22   chemokine-diffusion =         0.763
2022-10-10 09:11:22   min-chemokine =               1e-06
2022-10-10 09:11:22   antibody-factor =             1
2022-10-10 09:11:22   antibody-period =             5760
2022-10-10 09:11:22   tcell-generation-rate =       105000
2022-10-10 09:11:22   tcell-initial-delay =         10080
2022-10-10 09:11:22   tcell-vascular-period =       5760
2022-10-10 09:11:22   tcell-tissue-period =         1440
2022-10-10 09:11:22   tcell-binding-period =        10
2022-10-10 09:11:22   max-binding-prob =            1
2022-10-10 09:11:22   tcells-follow-gradient =      false
2022-10-10 09:11:22   seed =                        29
2022-10-10 09:11:22   sample-period =               0
2022-10-10 09:11:22   sample-resolution =           1
2022-10-10 09:11:22   max-block-dim =               10
2022-10-10 09:11:22   output =                      experiments/j-1_m-0.763
2022-10-10 09:11:22 _________________________
2022-10-10 09:11:22 Starting run with 64 processes on 2 nodes at 10/10/22 09:11:22
2022-10-10 09:11:22 Pinned processes, with process 0 (pid 2096410) pinned to core 0
2022-10-10 09:11:22 Using block partitioning
2022-10-10 09:11:22 Initial free memory across all nodes: 162.92GB
2022-10-10 09:11:22 Starting with 81.63GB free on node 0
2022-10-10 09:11:22 Dividing 225000000 grid points into 3515625 squares of size 64 (8^2), with 54932 per process
2022-10-10 09:11:22 Total initial memory required per process is at least 281.63MB with each grid point requiring on average 84 bytes
2022-10-10 09:11:26  --- Elapsed time for tissue.cpp:Tissue:  (exiting barrier) 2022-10-10 09:11:26 ...
2022-10-10 09:11:26           ... (min/my/avg/max, bal) (3.50/3.50/3.50/3.50 s, 1.00) barrier(0.00 s) --- 
2022-10-10 09:11:26 Memory used on node 0 after initialization is  10.91GB
2022-10-10 09:11:26           ... (min/my/avg/max, bal) No-Time barrier(0.00 s) --- 
2022-10-10 09:11:26 Fraction of circulating T cells extravasating is 5.85938e-06
2022-10-10 09:11:26 # datetime                    step    incb       expr       apop       dead       tvas       ttis       chem       virs       chempts    %infct     <%active  lbln>
2022-10-10 09:11:26 [0] <main.cpp:141> WARNING: Time step 0: SUCCESSFUL initial infection at (7500, 7500, 0) after 0 tries
2022-10-10 09:11:26 [10/10/22 09:11:26    0.00s]: 0       1          0          0          0          0          0          0.00e+00   0.00e+00   1.00e+00   0.00       < 0.000 0.016 >
2022-10-10 09:11:26 [10/10/22 09:11:26    0.38s]: 662     423        102        0          0          0          0          3.74e-06   8.13e+03   7.14e+03   0.00       < 0.022 0.878 >
2022-10-10 09:11:27 [10/10/22 09:11:27    0.84s]: 1324    3858       1545       0          1          0          0          2.06e-05   1.79e+05   2.55e+04   0.00       < 0.034 0.874 >
2022-10-10 09:11:28 [10/10/22 09:11:28    1.16s]: 1986    8405       7319       0          357        0          0          6.31e-05   1.35e+06   4.36e+04   0.01       < 0.050 0.931 >
2022-10-10 09:11:30 [10/10/22 09:11:30    1.66s]: 2648    12086      14792      0          4886       0          0          1.26e-04   3.29e+06   6.47e+04   0.01       < 0.066 0.942 >
2022-10-10 09:11:32 [10/10/22 09:11:32    2.16s]: 3310    15509      22072      0          15080      0          0          1.81e-04   5.27e+06   9.44e+04   0.02       < 0.085 0.936 >
2022-10-10 09:11:35 [10/10/22 09:11:35    2.84s]: 3972    20299      29679      0          30100      0          0          2.43e-04   7.32e+06   1.29e+05   0.04       < 0.107 0.965 >
2022-10-10 09:11:38 [10/10/22 09:11:38    3.54s]: 4634    24294      37556      0          50641      0          0          3.05e-04   9.48e+06   1.72e+05   0.05       < 0.131 0.966 >
2022-10-10 09:11:43 [10/10/22 09:11:43    4.46s]: 5296    28382      44553      0          77651      0          0          3.69e-04   1.15e+07   2.18e+05   0.07       < 0.158 0.973 >
2022-10-10 09:11:48 [10/10/22 09:11:48    5.47s]: 5958    31918      52555      0          109571     0          0          4.28e-04   1.36e+07   2.68e+05   0.09       < 0.187 0.968 >
2022-10-10 09:11:55 [10/10/22 09:11:55    6.72s]: 6620    36202      60239      0          146930     0          0          4.93e-04   1.57e+07   3.30e+05   0.11       < 0.220 0.979 >
2022-10-10 09:12:04 [10/10/22 09:12:04    8.67s]: 7282    41708      67914      0          190021     0          0          5.59e-04   1.78e+07   3.97e+05   0.13       < 0.256 0.977 >
2022-10-10 09:12:14 [10/10/22 09:12:14   10.31s]: 7944    46144      77461      0          239036     0          0          6.29e-04   2.01e+07   4.64e+05   0.16       < 0.294 0.982 >
2022-10-10 09:12:26 [10/10/22 09:12:26   12.01s]: 8606    49465      86035      0          294389     0          0          6.96e-04   2.28e+07   5.39e+05   0.19       < 0.333 0.985 >
2022-10-10 09:12:39 [10/10/22 09:12:39   13.52s]: 9268    53263      92013      0          357117     0          0          7.52e-04   2.45e+07   6.19e+05   0.22       < 0.375 0.983 >
2022-10-10 09:12:55 [10/10/22 09:12:55   15.27s]: 9930    57588      99384      0          424023     0          0          8.11e-04   2.64e+07   7.09e+05   0.26       < 0.419 0.984 >
2022-10-10 09:13:13 [10/10/22 09:13:13   17.87s]: 10592   61743      107282     560        496081     51435006   191        8.75e-04   2.86e+07   8.03e+05   0.30       < 0.467 0.986 >
2022-10-10 09:13:33 [10/10/22 09:13:33   20.19s]: 11254   64229      108978     3728       577982     111507776  982        9.40e-04   3.02e+07   9.00e+05   0.34       < 0.518 0.988 >
2022-10-10 09:13:56 [10/10/22 09:13:56   23.01s]: 11916   64944      104535     8121       671012     165056999  2321       9.92e-04   3.03e+07   9.98e+05   0.38       < 0.570 0.989 >
2022-10-10 09:14:22 [10/10/22 09:14:22   26.64s]: 12578   64658      96555      11919      771190     212791211  3754       1.02e-03   2.92e+07   1.10e+06   0.42       < 0.624 0.993 >
2022-10-10 09:14:51 [10/10/22 09:14:51   29.02s]: 13240   65252      88826      15051      873671     255342010  5017       1.03e-03   2.76e+07   1.21e+06   0.46       < 0.673 0.990 >
2022-10-10 09:15:23 [10/10/22 09:15:23   31.20s]: 13902   67109      79699      17599      980506     293271998  6195       1.05e-03   2.56e+07   1.31e+06   0.51       < 0.721 0.989 >
2022-10-10 09:15:56 [10/10/22 09:15:56   33.34s]: 14564   67866      75238      19844      1087307    327082958  7593       1.07e-03   2.43e+07   1.43e+06   0.56       < 0.767 0.991 >
2022-10-10 09:16:32 [10/10/22 09:16:32   35.90s]: 15226   69009      71119      22155      1196607    357221922  8964       1.09e-03   2.36e+07   1.55e+06   0.60       < 0.813 0.992 >
2022-10-10 09:17:10 [10/10/22 09:17:10   38.24s]: 15888   70992      67775      24292      1309381    384087894  10365      1.11e-03   2.27e+07   1.67e+06   0.65       < 0.860 0.993 >
2022-10-10 09:17:52 [10/10/22 09:17:52   41.46s]: 16550   71996      66716      26074      1425025    408036185  11560      1.14e-03   2.25e+07   1.79e+06   0.71       < 0.905 0.992 >
2022-10-10 09:18:35 [10/10/22 09:18:35   43.68s]: 17212   72342      62212      27926      1546984    429383914  12426      1.16e-03   2.18e+07   1.92e+06   0.76       < 0.947 0.990 >
2022-10-10 09:19:21 [10/10/22 09:19:21   46.11s]: 17874   74789      59790      29278      1669372    448413061  13487      1.17e-03   2.10e+07   2.06e+06   0.81       < 0.987 0.990 >
2022-10-10 09:20:10 [10/10/22 09:20:10   48.25s]: 18536   76358      58361      31056      1795912    465375505  14840      1.18e-03   2.08e+07   2.20e+06   0.87       < 1.029 0.994 >
2022-10-10 09:21:00 [10/10/22 09:21:00   50.26s]: 19198   77594      56498      32147      1927428    480495804  16050      1.20e-03   2.03e+07   2.33e+06   0.93       < 1.071 0.994 >
2022-10-10 09:21:53 [10/10/22 09:21:53   53.44s]: 19860   76292      53568      33689      2062406    493973946  16890      1.20e-03   1.98e+07   2.47e+06   0.99       < 1.109 0.988 >
2022-10-10 09:22:50 [10/10/22 09:22:50   56.56s]: 20522   78791      51155      34390      2198675    505987929  17986      1.21e-03   1.89e+07   2.61e+06   1.05       < 1.148 0.989 >
2022-10-10 09:23:49 [10/10/22 09:23:49   59.20s]: 21184   78983      50630      35578      2336367    516697124  19049      1.21e-03   1.89e+07   2.76e+06   1.11       < 1.185 0.995 >
2022-10-10 09:24:50 [10/10/22 09:24:50   60.97s]: 21846   80449      50223      35938      2476951    526243143  19706      1.22e-03   1.86e+07   2.91e+06   1.17       < 1.221 0.995 >
2022-10-10 09:25:53 [10/10/22 09:25:53   63.09s]: 22508   82705      49742      36574      2620072    534752540  20320      1.24e-03   1.86e+07   3.06e+06   1.24       < 1.256 0.991 >
2022-10-10 09:26:58 [10/10/22 09:26:58   64.84s]: 23170   84236      50353      38088      2765413    542337700  21005      1.26e-03   1.88e+07   3.22e+06   1.31       < 1.293 0.993 >
2022-10-10 09:28:05 [10/10/22 09:28:05   66.90s]: 23832   85083      49670      38786      2916647    549098865  21815      1.29e-03   1.87e+07   3.38e+06   1.37       < 1.328 0.992 >
2022-10-10 09:29:14 [10/10/22 09:29:14   68.64s]: 24494   86563      49788      39993      3069517    555125354  22647      1.30e-03   1.88e+07   3.54e+06   1.44       < 1.366 0.993 >
2022-10-10 09:30:24 [10/10/22 09:30:24   70.52s]: 25156   89501      49279      40873      3226746    560497145  23558      1.33e-03   1.88e+07   3.70e+06   1.51       < 1.401 0.992 >
2022-10-10 09:31:37 [10/10/22 09:31:37   72.88s]: 25818   90718      50726      41925      3386751    565285515  24203      1.34e-03   1.90e+07   3.87e+06   1.59       < 1.436 0.993 >
2022-10-10 09:32:51 [10/10/22 09:32:51   74.40s]: 26480   92176      51405      42582      3549880    569553694  24984      1.36e-03   1.95e+07   4.04e+06   1.66       < 1.472 0.993 >
2022-10-10 09:34:08 [10/10/22 09:34:08   76.62s]: 27142   94753      51819      43586      3715960    573358083  25677      1.39e-03   1.96e+07   4.22e+06   1.74       < 1.508 0.994 >
2022-10-10 09:35:27 [10/10/22 09:35:27   78.89s]: 27804   95227      51172      45029      3887672    576748931  26435      1.41e-03   1.99e+07   4.40e+06   1.81       < 1.543 0.994 >
2022-10-10 09:36:48 [10/10/22 09:36:48   80.74s]: 28466   97887      50862      45463      4062277    579771464  27087      1.44e-03   1.97e+07   4.60e+06   1.89       < 1.580 0.993 >
2022-10-10 09:38:10 [10/10/22 09:38:10   82.57s]: 29128   99628      52107      46856      4239442    582465292  27829      1.45e-03   1.99e+07   4.78e+06   1.97       < 1.619 0.993 >
2022-10-10 09:39:35 [10/10/22 09:39:35   84.79s]: 29790   100617     51909      47370      4421317    584866489  28666      1.48e-03   2.02e+07   4.97e+06   2.05       < 1.655 0.992 >
2022-10-10 09:41:02 [10/10/22 09:41:02   86.97s]: 30452   102845     53136      48097      4604339    587006435  29271      1.51e-03   2.03e+07   5.17e+06   2.14       < 1.691 0.994 >
2022-10-10 09:42:31 [10/10/22 09:42:31   89.37s]: 31114   104538     52805      50027      4791591    588913768  30101      1.53e-03   2.07e+07   5.35e+06   2.22       < 1.727 0.995 >
2022-10-10 09:44:02 [10/10/22 09:44:02   91.08s]: 31776   106311     53677      49870      4983085    590613778  30844      1.55e-03   2.07e+07   5.56e+06   2.31       < 1.762 0.994 >
2022-10-10 09:45:35 [10/10/22 09:45:35   92.90s]: 32438   107699     54518      51820      5176620    592128868  31670      1.58e-03   2.13e+07   5.77e+06   2.40       < 1.798 0.992 >
2022-10-10 09:47:10 [10/10/22 09:47:10   95.14s]: 33100   110774     54719      52863      5374664    593479430  31987      1.61e-03   2.14e+07   5.98e+06   2.49       < 1.835 0.993 >
2022-10-10 09:47:13 [10/10/22 09:47:13    2.76s]: 33119   110811     54703      52596      5380655    593515948  31967      1.61e-03   2.14e+07   5.99e+06   2.49       < 1.836 0.993 >
2022-10-10 09:47:13  ---  main.cpp:generate tcells took  avg 0.01 s max 0.01 s balance 0.73  --- 
2022-10-10 09:47:13  ---  main.cpp:update circulating tcells took  avg 7.36 s max 7.86 s balance 0.94  --- 
2022-10-10 09:47:13  ---  main.cpp:update tcells took  avg 58.41 s max 64.20 s balance 0.91  --- 
2022-10-10 09:47:13  ---  main.cpp:update epicells took  avg 58.01 s max 59.40 s balance 0.98  --- 
2022-10-10 09:47:13  ---  main.cpp:update concentrations took  avg 586.31 s max 604.29 s balance 0.97  --- 
2022-10-10 09:47:13  ---  main.cpp:compute updates took  avg 1221.63 s max 1221.66 s balance 1.00  --- 
2022-10-10 09:47:13  ---  main.cpp:dispatch updates took  avg 554.51 s max 612.19 s balance 0.91  --- 
2022-10-10 09:47:13  ---  main.cpp:add new actives took  avg 25.08 s max 26.24 s balance 0.96  --- 
2022-10-10 09:47:13  ---  main.cpp:erase inactive took  avg 248.00 s max 253.28 s balance 0.98  --- 
2022-10-10 09:47:13  ---  main.cpp:sample took  avg 0.00 s max 0.00 s balance -nan  --- 
2022-10-10 09:47:13  ---  main.cpp:sample write took  avg 0.00 s max 0.00 s balance -nan  --- 
2022-10-10 09:47:13  ---  main.cpp:log took  avg 2.54 s max 2.57 s balance 0.99  --- 
2022-10-10 09:47:13 Finished 33120 time steps in 2147.4747 s (0.0648 s per step)
2022-10-10 09:47:13  --- Elapsed time for main.cpp:run_sim:  (exiting barrier) 2022-10-10 09:47:13 ...
2022-10-10 09:47:13           ... (min/my/avg/max, bal) (2147.47/2147.48/2147.47/2147.48 s, 1.00) barrier(0.00 s) --- 
2022-10-10 09:47:13 Peak memory used across all nodes: 23.32GB
2022-10-10 09:47:13 Finished in 2151.21 s at 10/10/22 09:47:13 for SimCov version 0.1.1.d78b099-dirty
