2022-10-10 09:07:22 SimCov version SimCov version 0.1.1.d78b099-dirty-master built on 20220926_142515
2022-10-10 09:07:22 _________________________
2022-10-10 09:07:22 Compiler definitions:
2022-10-10 09:07:22   _XOPEN_SOURCE=700
2022-10-10 09:07:22   CONFIG_USE_COLORS
2022-10-10 09:07:22   USE_BYTELL
2022-10-10 09:07:22   MAX_VIRIONS=125000
2022-10-10 09:07:22   MIN_VIRIONS=1e-10
2022-10-10 09:07:22   BLOCK_PARTITION
2022-10-10 09:07:22   MIN_BLOCKS_PER_PROC=1
2022-10-10 09:07:22   AVERAGE_SUBSAMPLE
2022-10-10 09:07:22 _________________________
2022-10-10 09:07:22 Options:
2022-10-10 09:07:22   dim =                         15000 15000 1
2022-10-10 09:07:22   whole-lung-dim =              48000 40000 20000
2022-10-10 09:07:22   timesteps =                   33120
2022-10-10 09:07:22   infection-coords =            uniform:1
2022-10-10 09:07:22   initial-infection =           1000
2022-10-10 09:07:22   incubation-period =           480
2022-10-10 09:07:22   apoptosis-period =            180
2022-10-10 09:07:22   expressing-period =           900
2022-10-10 09:07:22   infectivity =                 0.001
2022-10-10 09:07:22   infectivity-multiplier =      1.0
2022-10-10 09:07:22   virion-production =           1.1
2022-10-10 09:07:22   virion-production-multiplier = 1.0
2022-10-10 09:07:22   virion-clearance =            0.004
2022-10-10 09:07:22   virion-diffusion =            1.0
2022-10-10 09:07:22   chemokine-production =        1.0
2022-10-10 09:07:22   chemokine-decay =             0.01
2022-10-10 09:07:22   chemokine-diffusion =         0.007632
2022-10-10 09:07:22   min-chemokine =               1e-06
2022-10-10 09:07:22   antibody-factor =             1
2022-10-10 09:07:22   antibody-period =             5760
2022-10-10 09:07:22   tcell-generation-rate =       105000
2022-10-10 09:07:22   tcell-initial-delay =         10080
2022-10-10 09:07:22   tcell-vascular-period =       5760
2022-10-10 09:07:22   tcell-tissue-period =         1440
2022-10-10 09:07:22   tcell-binding-period =        10
2022-10-10 09:07:22   max-binding-prob =            1
2022-10-10 09:07:22   tcells-follow-gradient =      false
2022-10-10 09:07:22   seed =                        29
2022-10-10 09:07:22   sample-period =               0
2022-10-10 09:07:22   sample-resolution =           1
2022-10-10 09:07:22   max-block-dim =               10
2022-10-10 09:07:22   output =                      experiments/j-1_m-0.007632
2022-10-10 09:07:22 _________________________
2022-10-10 09:07:22 Starting run with 64 processes on 2 nodes at 10/10/22 09:07:22
2022-10-10 09:07:22 Pinned processes, with process 0 (pid 2020264) pinned to core 0
2022-10-10 09:07:22 Using block partitioning
2022-10-10 09:07:22 Initial free memory across all nodes: 164.75GB
2022-10-10 09:07:22 Starting with 82.13GB free on node 0
2022-10-10 09:07:22 Dividing 225000000 grid points into 3515625 squares of size 64 (8^2), with 54932 per process
2022-10-10 09:07:22 Total initial memory required per process is at least 281.63MB with each grid point requiring on average 84 bytes
2022-10-10 09:07:26  --- Elapsed time for tissue.cpp:Tissue:  (exiting barrier) 2022-10-10 09:07:26 ...
2022-10-10 09:07:26           ... (min/my/avg/max, bal) (3.50/3.50/3.50/3.50 s, 1.00) barrier(0.00 s) --- 
2022-10-10 09:07:26 Memory used on node 0 after initialization is  10.90GB
2022-10-10 09:07:26           ... (min/my/avg/max, bal) No-Time barrier(0.00 s) --- 
2022-10-10 09:07:26 Fraction of circulating T cells extravasating is 5.85938e-06
2022-10-10 09:07:26 # datetime                    step    incb       expr       apop       dead       tvas       ttis       chem       virs       chempts    %infct     <%active  lbln>
2022-10-10 09:07:26 [0] <main.cpp:141> WARNING: Time step 0: SUCCESSFUL initial infection at (7500, 7500, 0) after 0 tries
2022-10-10 09:07:26 [10/10/22 09:07:26    0.00s]: 0       1          0          0          0          0          0          0.00e+00   0.00e+00   1.00e+00   0.00       < 0.000 0.016 >
2022-10-10 09:07:26 [10/10/22 09:07:26    0.38s]: 662     415        114        0          0          0          0          6.15e-07   8.57e+03   1.36e+03   0.00       < 0.022 0.878 >
2022-10-10 09:07:27 [10/10/22 09:07:27    0.77s]: 1324    3421       1605       0          1          0          0          7.78e-06   1.82e+05   6.21e+03   0.00       < 0.034 0.877 >
2022-10-10 09:07:28 [10/10/22 09:07:28    1.07s]: 1986    8419       6955       0          361        0          0          3.35e-05   1.27e+06   1.79e+04   0.01       < 0.049 0.937 >
2022-10-10 09:07:30 [10/10/22 09:07:30    1.53s]: 2648    11980      14840      0          4554       0          0          7.33e-05   3.22e+06   3.42e+04   0.01       < 0.065 0.943 >
2022-10-10 09:07:32 [10/10/22 09:07:32    1.96s]: 3310    15695      21934      0          14685      0          0          1.11e-04   5.26e+06   5.56e+04   0.02       < 0.084 0.960 >
2022-10-10 09:07:34 [10/10/22 09:07:34    2.52s]: 3972    19751      29329      0          29818      0          0          1.50e-04   7.28e+06   8.31e+04   0.04       < 0.106 0.974 >
2022-10-10 09:07:37 [10/10/22 09:07:37    3.29s]: 4634    24419      36982      0          50341      0          0          1.89e-04   9.32e+06   1.17e+05   0.05       < 0.131 0.976 >
2022-10-10 09:07:42 [10/10/22 09:07:42    4.11s]: 5296    28615      44945      0          76557      0          0          2.30e-04   1.15e+07   1.57e+05   0.07       < 0.157 0.970 >
2022-10-10 09:07:47 [10/10/22 09:07:47    5.07s]: 5958    32590      53136      0          108807     0          0          2.74e-04   1.37e+07   2.02e+05   0.09       < 0.188 0.965 >
2022-10-10 09:07:53 [10/10/22 09:07:53    6.33s]: 6620    36812      61386      0          146612     0          0          3.16e-04   1.59e+07   2.53e+05   0.11       < 0.221 0.970 >
2022-10-10 09:08:01 [10/10/22 09:08:01    7.91s]: 7282    41199      69273      0          190563     0          0          3.57e-04   1.81e+07   3.10e+05   0.13       < 0.256 0.970 >
2022-10-10 09:08:10 [10/10/22 09:08:10    9.60s]: 7944    44814      77469      0          240272     0          0          3.99e-04   2.03e+07   3.72e+05   0.16       < 0.293 0.981 >
2022-10-10 09:08:22 [10/10/22 09:08:22   11.17s]: 8606    48840      84409      0          296084     0          0          4.36e-04   2.23e+07   4.40e+05   0.19       < 0.331 0.984 >
2022-10-10 09:08:34 [10/10/22 09:08:34   12.61s]: 9268    53266      91186      0          357211     0          0          4.71e-04   2.42e+07   5.12e+05   0.22       < 0.373 0.979 >
2022-10-10 09:08:49 [10/10/22 09:08:49   14.28s]: 9930    56748      98932      0          423412     0          0          5.12e-04   2.63e+07   5.91e+05   0.26       < 0.418 0.986 >
2022-10-10 09:09:05 [10/10/22 09:09:05   16.82s]: 10592   60782      105796     449        495454     51434955   106        5.50e-04   2.83e+07   6.75e+05   0.29       < 0.465 0.986 >
2022-10-10 09:09:24 [10/10/22 09:09:24   19.04s]: 11254   65241      110079     2375       574682     111508048  597        5.85e-04   3.01e+07   7.65e+05   0.33       < 0.515 0.990 >
2022-10-10 09:09:46 [10/10/22 09:09:46   21.60s]: 11916   69380      111918     5191       661436     165057802  1394       6.12e-04   3.14e+07   8.62e+05   0.38       < 0.568 0.990 >
2022-10-10 09:10:11 [10/10/22 09:10:11   24.81s]: 12578   71870      113556     7870       754944     212792798  2270       6.37e-04   3.25e+07   9.62e+05   0.42       < 0.623 0.985 >
2022-10-10 09:10:38 [10/10/22 09:10:38   27.10s]: 13240   76806      112700     10335      854966     255344225  3246       6.51e-04   3.31e+07   1.07e+06   0.47       < 0.675 0.982 >
2022-10-10 09:11:07 [10/10/22 09:11:07   29.41s]: 13902   80350      115973     12108      957707     293275004  4180       6.77e-04   3.42e+07   1.18e+06   0.52       < 0.725 0.982 >
2022-10-10 09:11:39 [10/10/22 09:11:39   31.69s]: 14564   82885      118255     13869      1067833    327087005  4965       7.01e-04   3.51e+07   1.30e+06   0.57       < 0.776 0.983 >
2022-10-10 09:12:13 [10/10/22 09:12:13   34.14s]: 15226   86336      120262     16086      1181795    357227153  5712       7.24e-04   3.62e+07   1.42e+06   0.62       < 0.827 0.988 >
2022-10-10 09:12:50 [10/10/22 09:12:50   36.78s]: 15888   90928      119946     17970      1303485    384094542  6539       7.38e-04   3.68e+07   1.55e+06   0.68       < 0.878 0.989 >
2022-10-10 09:13:30 [10/10/22 09:13:30   40.21s]: 16550   94700      123949     20133      1427672    408044022  7508       7.67e-04   3.79e+07   1.69e+06   0.74       < 0.930 0.990 >
2022-10-10 09:14:13 [10/10/22 09:14:13   42.62s]: 17212   96965      126834     21580      1558762    429392665  8365       7.93e-04   3.92e+07   1.82e+06   0.80       < 0.980 0.990 >
2022-10-10 09:14:58 [10/10/22 09:14:58   45.05s]: 17874   102752     128827     22323      1695422    448423202  8939       8.10e-04   3.99e+07   1.97e+06   0.87       < 1.032 0.993 >
2022-10-10 09:15:46 [10/10/22 09:15:46   47.99s]: 18536   107646     135345     24067      1835454    465386918  9642       8.48e-04   4.16e+07   2.13e+06   0.93       < 1.085 0.992 >
2022-10-10 09:16:38 [10/10/22 09:16:38   51.91s]: 19198   111498     138225     26260      1984956    480508314  10519      8.82e-04   4.33e+07   2.28e+06   1.00       < 1.136 0.990 >
2022-10-10 09:17:33 [10/10/22 09:17:33   55.58s]: 19860   113628     140788     27731      2141173    493987395  11388      9.03e-04   4.44e+07   2.45e+06   1.08       < 1.186 0.990 >
2022-10-10 09:18:31 [10/10/22 09:18:31   57.90s]: 20522   117810     142398     29108      2302308    506002703  12137      9.22e-04   4.51e+07   2.62e+06   1.15       < 1.237 0.990 >
2022-10-10 09:19:32 [10/10/22 09:19:32   60.68s]: 21184   121961     146189     30599      2466583    516712988  12902      9.48e-04   4.64e+07   2.79e+06   1.23       < 1.288 0.993 >
2022-10-10 09:20:35 [10/10/22 09:20:35   62.92s]: 21846   124022     150381     31646      2637027    526260216  13501      9.75e-04   4.76e+07   2.97e+06   1.31       < 1.337 0.993 >
2022-10-10 09:21:40 [10/10/22 09:21:40   65.53s]: 22508   128612     152353     33319      2813435    534770517  14233      9.98e-04   4.87e+07   3.16e+06   1.39       < 1.388 0.992 >
2022-10-10 09:22:48 [10/10/22 09:22:48   67.94s]: 23170   132749     156643     34216      2995029    542356380  14878      1.03e-03   4.99e+07   3.35e+06   1.47       < 1.439 0.994 >
2022-10-10 09:23:59 [10/10/22 09:23:59   70.49s]: 23832   136642     160681     36489      3180976    549118194  15622      1.06e-03   5.16e+07   3.54e+06   1.56       < 1.491 0.995 >
2022-10-10 09:25:12 [10/10/22 09:25:12   73.35s]: 24494   138995     162273     38010      3375379    555145365  16401      1.08e-03   5.25e+07   3.74e+06   1.65       < 1.541 0.993 >
2022-10-10 09:26:27 [10/10/22 09:26:27   75.38s]: 25156   145098     166869     38064      3572763    560518095  16920      1.10e-03   5.35e+07   3.95e+06   1.74       < 1.592 0.995 >
2022-10-10 09:27:46 [10/10/22 09:27:46   78.31s]: 25818   148990     171934     39522      3775855    565307168  17548      1.14e-03   5.52e+07   4.17e+06   1.84       < 1.642 0.992 >
2022-10-10 09:29:07 [10/10/22 09:29:07   80.89s]: 26480   152075     176247     41461      3984796    569575925  18220      1.17e-03   5.70e+07   4.39e+06   1.94       < 1.692 0.994 >
2022-10-10 09:30:30 [10/10/22 09:30:30   83.65s]: 27142   156706     178844     42379      4201261    573380603  19020      1.19e-03   5.80e+07   4.61e+06   2.04       < 1.744 0.994 >
2022-10-10 09:31:57 [10/10/22 09:31:57   86.32s]: 27804   159867     183015     43391      4422107    576772005  19821      1.22e-03   5.94e+07   4.84e+06   2.14       < 1.793 0.996 >
2022-10-10 09:33:26 [10/10/22 09:33:26   89.16s]: 28466   164537     188531     44773      4646724    579795085  20275      1.25e-03   6.10e+07   5.08e+06   2.24       < 1.844 0.995 >
2022-10-10 09:34:58 [10/10/22 09:34:58   92.01s]: 29128   167798     192524     45831      4879882    582489626  20801      1.28e-03   6.22e+07   5.32e+06   2.35       < 1.894 0.995 >
2022-10-10 09:36:33 [10/10/22 09:36:33   94.88s]: 29790   171525     196153     47175      5117818    584891166  21574      1.31e-03   6.37e+07   5.57e+06   2.46       < 1.947 0.994 >
2022-10-10 09:38:10 [10/10/22 09:38:10   97.43s]: 30452   175591     200540     47837      5361112    587031708  22246      1.34e-03   6.49e+07   5.82e+06   2.57       < 1.996 0.996 >
2022-10-10 09:39:50 [10/10/22 09:39:50  100.23s]: 31114   180694     205941     49461      5608569    588939729  22575      1.37e-03   6.67e+07   6.08e+06   2.69       < 2.049 0.997 >
2022-10-10 09:41:33 [10/10/22 09:41:33  103.01s]: 31776   183523     208770     51426      5865351    590640128  23212      1.40e-03   6.81e+07   6.35e+06   2.80       < 2.099 0.994 >
2022-10-10 09:43:20 [10/10/22 09:43:20  106.36s]: 32438   188011     210706     52001      6127844    592155830  23914      1.42e-03   6.90e+07   6.62e+06   2.92       < 2.150 0.994 >
2022-10-10 09:45:09 [10/10/22 09:45:09  109.27s]: 33100   190586     217012     53051      6391736    593506656  24340      1.45e-03   7.06e+07   6.89e+06   3.05       < 2.200 0.995 >
2022-10-10 09:45:12 [10/10/22 09:45:12    3.20s]: 33119   190721     217348     53109      6399251    593543150  24344      1.45e-03   7.06e+07   6.90e+06   3.05       < 2.202 0.995 >
2022-10-10 09:45:12  ---  main.cpp:generate tcells took  avg 0.01 s max 0.01 s balance 0.71  --- 
2022-10-10 09:45:12  ---  main.cpp:update circulating tcells took  avg 7.45 s max 7.94 s balance 0.94  --- 
2022-10-10 09:45:12  ---  main.cpp:update tcells took  avg 42.80 s max 47.89 s balance 0.89  --- 
2022-10-10 09:45:12  ---  main.cpp:update epicells took  avg 63.84 s max 64.52 s balance 0.99  --- 
2022-10-10 09:45:12  ---  main.cpp:update concentrations took  avg 628.35 s max 645.48 s balance 0.97  --- 
2022-10-10 09:45:12  ---  main.cpp:compute updates took  avg 1294.13 s max 1294.17 s balance 1.00  --- 
2022-10-10 09:45:12  ---  main.cpp:dispatch updates took  avg 562.84 s max 628.69 s balance 0.90  --- 
2022-10-10 09:45:12  ---  main.cpp:add new actives took  avg 29.41 s max 30.09 s balance 0.98  --- 
2022-10-10 09:45:12  ---  main.cpp:erase inactive took  avg 276.35 s max 283.57 s balance 0.97  --- 
2022-10-10 09:45:12  ---  main.cpp:sample took  avg 0.00 s max 0.00 s balance -nan  --- 
2022-10-10 09:45:12  ---  main.cpp:sample write took  avg 0.00 s max 0.00 s balance -nan  --- 
2022-10-10 09:45:12  ---  main.cpp:log took  avg 2.58 s max 2.60 s balance 0.99  --- 
2022-10-10 09:45:12 Finished 33120 time steps in 2266.2716 s (0.0684 s per step)
2022-10-10 09:45:12  --- Elapsed time for main.cpp:run_sim:  (exiting barrier) 2022-10-10 09:45:12 ...
2022-10-10 09:45:12           ... (min/my/avg/max, bal) (2266.27/2266.27/2266.27/2266.28 s, 1.00) barrier(0.00 s) --- 
2022-10-10 09:45:13 Peak memory used across all nodes: 23.56GB
2022-10-10 09:45:13 Finished in 2270.28 s at 10/10/22 09:45:13 for SimCov version 0.1.1.d78b099-dirty
