2022-10-10 08:59:22 SimCov version SimCov version 0.1.1.d78b099-dirty-master built on 20220926_142515
2022-10-10 08:59:22 _________________________
2022-10-10 08:59:22 Compiler definitions:
2022-10-10 08:59:22   _XOPEN_SOURCE=700
2022-10-10 08:59:22   CONFIG_USE_COLORS
2022-10-10 08:59:22   USE_BYTELL
2022-10-10 08:59:22   MAX_VIRIONS=125000
2022-10-10 08:59:22   MIN_VIRIONS=1e-10
2022-10-10 08:59:22   BLOCK_PARTITION
2022-10-10 08:59:22   MIN_BLOCKS_PER_PROC=1
2022-10-10 08:59:22   AVERAGE_SUBSAMPLE
2022-10-10 08:59:22 _________________________
2022-10-10 08:59:22 Options:
2022-10-10 08:59:22   dim =                         15000 15000 1
2022-10-10 08:59:22   whole-lung-dim =              48000 40000 20000
2022-10-10 08:59:22   timesteps =                   33120
2022-10-10 08:59:22   infection-coords =            uniform:1
2022-10-10 08:59:22   initial-infection =           1000
2022-10-10 08:59:22   incubation-period =           480
2022-10-10 08:59:22   apoptosis-period =            180
2022-10-10 08:59:22   expressing-period =           900
2022-10-10 08:59:22   infectivity =                 0.001
2022-10-10 08:59:22   infectivity-multiplier =      1.0
2022-10-10 08:59:22   virion-production =           1.1
2022-10-10 08:59:22   virion-production-multiplier = 1.0
2022-10-10 08:59:22   virion-clearance =            0.004
2022-10-10 08:59:22   virion-diffusion =            0.0007632
2022-10-10 08:59:22   chemokine-production =        1.0
2022-10-10 08:59:22   chemokine-decay =             0.01
2022-10-10 08:59:22   chemokine-diffusion =         1.0
2022-10-10 08:59:22   min-chemokine =               1e-06
2022-10-10 08:59:22   antibody-factor =             1
2022-10-10 08:59:22   antibody-period =             5760
2022-10-10 08:59:22   tcell-generation-rate =       105000
2022-10-10 08:59:22   tcell-initial-delay =         10080
2022-10-10 08:59:22   tcell-vascular-period =       5760
2022-10-10 08:59:22   tcell-tissue-period =         1440
2022-10-10 08:59:22   tcell-binding-period =        10
2022-10-10 08:59:22   max-binding-prob =            1
2022-10-10 08:59:22   tcells-follow-gradient =      false
2022-10-10 08:59:22   seed =                        29
2022-10-10 08:59:22   sample-period =               0
2022-10-10 08:59:22   sample-resolution =           1
2022-10-10 08:59:22   max-block-dim =               10
2022-10-10 08:59:22   output =                      experiments/j-0.0007632_m-1
2022-10-10 08:59:22 _________________________
2022-10-10 08:59:22 Starting run with 64 processes on 2 nodes at 10/10/22 08:59:22
2022-10-10 08:59:22 Pinned processes, with process 0 (pid 2094632) pinned to core 0
2022-10-10 08:59:22 Using block partitioning
2022-10-10 08:59:22 Initial free memory across all nodes: 163.08GB
2022-10-10 08:59:22 Starting with 81.71GB free on node 0
2022-10-10 08:59:22 Dividing 225000000 grid points into 3515625 squares of size 64 (8^2), with 54932 per process
2022-10-10 08:59:22 Total initial memory required per process is at least 281.63MB with each grid point requiring on average 84 bytes
2022-10-10 08:59:25  --- Elapsed time for tissue.cpp:Tissue:  (exiting barrier) 2022-10-10 08:59:25 ...
2022-10-10 08:59:25           ... (min/my/avg/max, bal) (3.45/3.45/3.45/3.45 s, 1.00) barrier(0.00 s) --- 
2022-10-10 08:59:25 Memory used on node 0 after initialization is  10.91GB
2022-10-10 08:59:25           ... (min/my/avg/max, bal) No-Time barrier(0.00 s) --- 
2022-10-10 08:59:25 Fraction of circulating T cells extravasating is 5.85938e-06
2022-10-10 08:59:25 # datetime                    step    incb       expr       apop       dead       tvas       ttis       chem       virs       chempts    %infct     <%active  lbln>
2022-10-10 08:59:25 [0] <main.cpp:141> WARNING: Time step 0: SUCCESSFUL initial infection at (7500, 7500, 0) after 0 tries
2022-10-10 08:59:25 [10/10/22 08:59:25    0.00s]: 0       1          0          0          0          0          0          0.00e+00   0.00e+00   1.00e+00   0.00       < 0.000 0.016 >
2022-10-10 08:59:26 [10/10/22 08:59:26    0.11s]: 662     5          6          0          0          0          0          3.78e-07   5.02e+02   5.68e+03   0.00       < 0.003 0.693 >
2022-10-10 08:59:26 [10/10/22 08:59:26    0.19s]: 1324    13         13         0          0          0          0          6.12e-07   2.84e+03   1.12e+04   0.00       < 0.005 0.685 >
2022-10-10 08:59:26 [10/10/22 08:59:26    0.21s]: 1986    13         24         0          11         0          0          9.49e-07   4.72e+03   1.20e+04   0.00       < 0.005 0.733 >
2022-10-10 08:59:26 [10/10/22 08:59:26    0.22s]: 2648    21         33         0          27         0          0          1.21e-06   7.71e+03   1.28e+04   0.00       < 0.006 0.783 >
2022-10-10 08:59:26 [10/10/22 08:59:26    0.22s]: 3310    36         41         0          47         0          0          1.49e-06   1.06e+04   1.35e+04   0.00       < 0.006 0.826 >
2022-10-10 08:59:27 [10/10/22 08:59:27    0.23s]: 3972    36         55         0          78         0          0          1.85e-06   1.37e+04   1.41e+04   0.00       < 0.006 0.830 >
2022-10-10 08:59:27 [10/10/22 08:59:27    0.24s]: 4634    35         62         0          121        0          0          2.19e-06   1.66e+04   1.48e+04   0.00       < 0.007 0.783 >
2022-10-10 08:59:27 [10/10/22 08:59:27    0.25s]: 5296    48         70         0          166        0          0          2.54e-06   1.83e+04   1.54e+04   0.00       < 0.007 0.782 >
2022-10-10 08:59:27 [10/10/22 08:59:27    0.27s]: 5958    56         84         0          216        0          0          2.92e-06   2.16e+04   1.61e+04   0.00       < 0.007 0.790 >
2022-10-10 08:59:28 [10/10/22 08:59:28    0.27s]: 6620    41         101        0          279        0          0          3.35e-06   2.60e+04   1.67e+04   0.00       < 0.007 0.813 >
2022-10-10 08:59:28 [10/10/22 08:59:28    0.29s]: 7282    63         99         0          348        0          0          3.65e-06   2.68e+04   1.72e+04   0.00       < 0.008 0.787 >
2022-10-10 08:59:28 [10/10/22 08:59:28    0.30s]: 7944    68         117        0          416        0          0          4.05e-06   3.06e+04   1.78e+04   0.00       < 0.008 0.766 >
2022-10-10 08:59:29 [10/10/22 08:59:29    0.32s]: 8606    69         124        0          504        0          0          4.44e-06   3.28e+04   1.84e+04   0.00       < 0.008 0.765 >
2022-10-10 08:59:29 [10/10/22 08:59:29    0.31s]: 9268    87         136        0          593        0          0          4.84e-06   3.66e+04   1.91e+04   0.00       < 0.008 0.777 >
2022-10-10 08:59:29 [10/10/22 08:59:29    0.31s]: 9930    87         155        0          691        0          0          5.29e-06   3.96e+04   1.97e+04   0.00       < 0.009 0.802 >
2022-10-10 08:59:29 [10/10/22 08:59:29    0.33s]: 10592   98         157        5          804        51435271   5          5.73e-06   4.33e+04   2.04e+04   0.00       < 0.009 0.829 >
2022-10-10 08:59:30 [10/10/22 08:59:30    0.36s]: 11254   88         146        12         947        111508706  24         5.94e-06   4.44e+04   2.11e+04   0.00       < 0.009 0.851 >
2022-10-10 08:59:30 [10/10/22 08:59:30    0.40s]: 11916   90         132        22         1088       165059082  76         6.06e-06   4.03e+04   2.16e+04   0.00       < 0.010 0.833 >
2022-10-10 08:59:31 [10/10/22 08:59:31    0.44s]: 12578   60         36         49         1317       212794950  125        4.94e-06   2.86e+04   2.21e+04   0.00       < 0.010 0.830 >
2022-10-10 08:59:31 [10/10/22 08:59:31    0.47s]: 13240   18         14         11         1475       255347640  177        2.15e-06   8.33e+03   2.17e+04   0.00       < 0.010 0.831 >
2022-10-10 08:59:32 [10/10/22 08:59:32    0.49s]: 13902   13         5          15         1530       293280037  194        1.01e-06   3.81e+03   1.83e+04   0.00       < 0.008 0.772 >
2022-10-10 08:59:32 [10/10/22 08:59:32    0.44s]: 14564   2          0          3          1575       327093634  168        1.33e-08   4.99e+02   1.30e+04   0.00       < 0.006 0.791 >
2022-10-10 08:59:32 [10/10/22 08:59:32    0.37s]: 15226   0          0          0          1581       357235803  117        0.00e+00   3.51e+01   1.58e+03   0.00       < 0.001 0.590 >
2022-10-10 08:59:33 [10/10/22 08:59:33    0.29s]: 15888   0          0          0          1582       384105081  38         0.00e+00   2.47e+00   1.58e+03   0.00       < 0.001 0.573 >
2022-10-10 08:59:33 [10/10/22 08:59:33    0.27s]: 16550   0          0          0          1582       408056979  0          0.00e+00   1.74e-01   1.58e+03   0.00       < 0.001 0.565 >
2022-10-10 08:59:33 [10/10/22 08:59:33    0.27s]: 17212   0          0          0          1582       429407968  0          0.00e+00   1.23e-02   1.58e+03   0.00       < 0.001 0.532 >
2022-10-10 08:59:34 [10/10/22 08:59:34    0.28s]: 17874   0          0          0          1582       448440671  0          0.00e+00   8.63e-04   1.58e+03   0.00       < 0.001 0.469 >
2022-10-10 08:59:34 [10/10/22 08:59:34    0.29s]: 18536   0          0          0          1582       465406924  0          0.00e+00   6.08e-05   1.58e+03   0.00       < 0.001 0.376 >
2022-10-10 08:59:34 [10/10/22 08:59:34    0.29s]: 19198   0          0          0          1582       480531075  0          0.00e+00   4.25e-06   1.58e+03   0.00       < 0.000 0.227 >
2022-10-10 08:59:34 [10/10/22 08:59:34    0.29s]: 19860   0          0          0          1582       494012956  0          0.00e+00   2.79e-07   1.58e+03   0.00       < 0.000 0.059 >
2022-10-10 08:59:35 [10/10/22 08:59:35    0.28s]: 20522   0          0          0          1582       506030886  0          0.00e+00   1.35e-08   1.58e+03   0.00       < 0.000 0.022 >
2022-10-10 08:59:35 [10/10/22 08:59:35    0.27s]: 21184   0          0          0          1582       516743842  0          0.00e+00   0.00e+00   1.58e+03   0.00       < 0.000 1.000 >
2022-10-10 08:59:35 [10/10/22 08:59:35    0.27s]: 21846   0          0          0          1582       526293738  0          0.00e+00   0.00e+00   1.58e+03   0.00       < 0.000 1.000 >
2022-10-10 08:59:36 [10/10/22 08:59:36    0.27s]: 22508   0          0          0          1582       534806483  0          0.00e+00   0.00e+00   1.58e+03   0.00       < 0.000 1.000 >
2022-10-10 08:59:36 [10/10/22 08:59:36    0.27s]: 23170   0          0          0          1582       542395283  0          0.00e+00   0.00e+00   1.58e+03   0.00       < 0.000 1.000 >
2022-10-10 08:59:36 [10/10/22 08:59:36    0.28s]: 23832   0          0          0          1582       549159771  0          0.00e+00   0.00e+00   1.58e+03   0.00       < 0.000 1.000 >
2022-10-10 08:59:36 [10/10/22 08:59:36    0.28s]: 24494   0          0          0          1582       555189627  0          0.00e+00   0.00e+00   1.58e+03   0.00       < 0.000 1.000 >
2022-10-10 08:59:37 [10/10/22 08:59:37    0.28s]: 25156   0          0          0          1582       560565119  0          0.00e+00   0.00e+00   1.58e+03   0.00       < 0.000 1.000 >
2022-10-10 08:59:37 [10/10/22 08:59:37    0.29s]: 25818   0          0          0          1582       565356661  0          0.00e+00   0.00e+00   1.58e+03   0.00       < 0.000 1.000 >
2022-10-10 08:59:37 [10/10/22 08:59:37    0.29s]: 26480   0          0          0          1582       569628020  0          0.00e+00   0.00e+00   1.58e+03   0.00       < 0.000 1.000 >
2022-10-10 08:59:38 [10/10/22 08:59:38    0.29s]: 27142   0          0          0          1582       573435730  0          0.00e+00   0.00e+00   1.58e+03   0.00       < 0.000 1.000 >
2022-10-10 08:59:38 [10/10/22 08:59:38    0.29s]: 27804   0          0          0          1582       576830015  0          0.00e+00   0.00e+00   1.58e+03   0.00       < 0.000 1.000 >
2022-10-10 08:59:38 [10/10/22 08:59:38    0.29s]: 28466   0          0          0          1582       579855597  0          0.00e+00   0.00e+00   1.58e+03   0.00       < 0.000 1.000 >
2022-10-10 08:59:38 [10/10/22 08:59:38    0.29s]: 29128   0          0          0          1582       582552782  0          0.00e+00   0.00e+00   1.58e+03   0.00       < 0.000 1.000 >
2022-10-10 08:59:39 [10/10/22 08:59:39    0.29s]: 29790   0          0          0          1582       584957028  0          0.00e+00   0.00e+00   1.58e+03   0.00       < 0.000 1.000 >
2022-10-10 08:59:39 [10/10/22 08:59:39    0.30s]: 30452   0          0          0          1582       587100110  0          0.00e+00   0.00e+00   1.58e+03   0.00       < 0.000 1.000 >
2022-10-10 08:59:39 [10/10/22 08:59:39    0.30s]: 31114   0          0          0          1582       589010696  0          0.00e+00   0.00e+00   1.58e+03   0.00       < 0.000 1.000 >
2022-10-10 08:59:40 [10/10/22 08:59:40    0.30s]: 31776   0          0          0          1582       590713555  0          0.00e+00   0.00e+00   1.58e+03   0.00       < 0.000 1.000 >
2022-10-10 08:59:40 [10/10/22 08:59:40    0.30s]: 32438   0          0          0          1582       592231676  0          0.00e+00   0.00e+00   1.58e+03   0.00       < 0.000 1.000 >
2022-10-10 08:59:40 [10/10/22 08:59:40    0.30s]: 33100   0          0          0          1582       593584933  0          0.00e+00   0.00e+00   1.58e+03   0.00       < 0.000 1.000 >
2022-10-10 08:59:40 [10/10/22 08:59:40    0.01s]: 33119   0          0          0          1582       593621502  0          0.00e+00   0.00e+00   1.58e+03   0.00       < 0.000 1.000 >
2022-10-10 08:59:40  ---  main.cpp:generate tcells took  avg 0.00 s max 0.00 s balance 0.68  --- 
2022-10-10 08:59:40  ---  main.cpp:update circulating tcells took  avg 5.96 s max 6.43 s balance 0.93  --- 
2022-10-10 08:59:40  ---  main.cpp:update tcells took  avg 0.11 s max 0.13 s balance 0.84  --- 
2022-10-10 08:59:40  ---  main.cpp:update epicells took  avg 0.18 s max 0.21 s balance 0.86  --- 
2022-10-10 08:59:40  ---  main.cpp:update concentrations took  avg 0.60 s max 0.69 s balance 0.86  --- 
2022-10-10 08:59:40  ---  main.cpp:compute updates took  avg 9.42 s max 9.42 s balance 1.00  --- 
2022-10-10 08:59:40  ---  main.cpp:dispatch updates took  avg 1.62 s max 2.26 s balance 0.72  --- 
2022-10-10 08:59:40  ---  main.cpp:add new actives took  avg 0.08 s max 0.10 s balance 0.83  --- 
2022-10-10 08:59:40  ---  main.cpp:erase inactive took  avg 0.42 s max 0.48 s balance 0.89  --- 
2022-10-10 08:59:40  ---  main.cpp:sample took  avg 0.00 s max 0.00 s balance -nan  --- 
2022-10-10 08:59:40  ---  main.cpp:sample write took  avg 0.00 s max 0.00 s balance -nan  --- 
2022-10-10 08:59:40  ---  main.cpp:log took  avg 1.25 s max 1.26 s balance 0.99  --- 
2022-10-10 08:59:40 Finished 33120 time steps in 14.7497 s (0.0004 s per step)
2022-10-10 08:59:40  --- Elapsed time for main.cpp:run_sim:  (exiting barrier) 2022-10-10 08:59:40 ...
2022-10-10 08:59:40           ... (min/my/avg/max, bal) (14.75/14.75/14.75/14.75 s, 1.00) barrier(0.00 s) --- 
2022-10-10 08:59:41 Peak memory used across all nodes: 21.83GB
2022-10-10 08:59:41 Finished in 18.59 s at 10/10/22 08:59:41 for SimCov version 0.1.1.d78b099-dirty
