2022-10-10 09:02:22 SimCov version SimCov version 0.1.1.d78b099-dirty-master built on 20220926_142515
2022-10-10 09:02:22 _________________________
2022-10-10 09:02:22 Compiler definitions:
2022-10-10 09:02:22   _XOPEN_SOURCE=700
2022-10-10 09:02:22   CONFIG_USE_COLORS
2022-10-10 09:02:22   USE_BYTELL
2022-10-10 09:02:22   MAX_VIRIONS=125000
2022-10-10 09:02:22   MIN_VIRIONS=1e-10
2022-10-10 09:02:22   BLOCK_PARTITION
2022-10-10 09:02:22   MIN_BLOCKS_PER_PROC=1
2022-10-10 09:02:22   AVERAGE_SUBSAMPLE
2022-10-10 09:02:22 _________________________
2022-10-10 09:02:22 Options:
2022-10-10 09:02:22   dim =                         15000 15000 1
2022-10-10 09:02:22   whole-lung-dim =              48000 40000 20000
2022-10-10 09:02:22   timesteps =                   33120
2022-10-10 09:02:22   infection-coords =            uniform:1
2022-10-10 09:02:22   initial-infection =           1000
2022-10-10 09:02:22   incubation-period =           480
2022-10-10 09:02:22   apoptosis-period =            180
2022-10-10 09:02:22   expressing-period =           900
2022-10-10 09:02:22   infectivity =                 0.001
2022-10-10 09:02:22   infectivity-multiplier =      1.0
2022-10-10 09:02:22   virion-production =           1.1
2022-10-10 09:02:22   virion-production-multiplier = 1.0
2022-10-10 09:02:22   virion-clearance =            0.004
2022-10-10 09:02:22   virion-diffusion =            0.15
2022-10-10 09:02:22   chemokine-production =        1.0
2022-10-10 09:02:22   chemokine-decay =             0.01
2022-10-10 09:02:22   chemokine-diffusion =         0.0717
2022-10-10 09:02:22   min-chemokine =               1e-06
2022-10-10 09:02:22   antibody-factor =             1
2022-10-10 09:02:22   antibody-period =             5760
2022-10-10 09:02:22   tcell-generation-rate =       105000
2022-10-10 09:02:22   tcell-initial-delay =         10080
2022-10-10 09:02:22   tcell-vascular-period =       5760
2022-10-10 09:02:22   tcell-tissue-period =         1440
2022-10-10 09:02:22   tcell-binding-period =        10
2022-10-10 09:02:22   max-binding-prob =            1
2022-10-10 09:02:22   tcells-follow-gradient =      false
2022-10-10 09:02:22   seed =                        29
2022-10-10 09:02:22   sample-period =               0
2022-10-10 09:02:22   sample-resolution =           1
2022-10-10 09:02:22   max-block-dim =               10
2022-10-10 09:02:22   output =                      experiments/j-0.15_m-0.0717
2022-10-10 09:02:22 _________________________
2022-10-10 09:02:22 Starting run with 64 processes on 2 nodes at 10/10/22 09:02:22
2022-10-10 09:02:22 Pinned processes, with process 0 (pid 2019848) pinned to core 0
2022-10-10 09:02:22 Using block partitioning
2022-10-10 09:02:22 Initial free memory across all nodes: 164.79GB
2022-10-10 09:02:22 Starting with 82.15GB free on node 0
2022-10-10 09:02:22 Dividing 225000000 grid points into 3515625 squares of size 64 (8^2), with 54932 per process
2022-10-10 09:02:22 Total initial memory required per process is at least 281.63MB with each grid point requiring on average 84 bytes
2022-10-10 09:02:25  --- Elapsed time for tissue.cpp:Tissue:  (exiting barrier) 2022-10-10 09:02:25 ...
2022-10-10 09:02:25           ... (min/my/avg/max, bal) (3.52/3.52/3.53/3.53 s, 1.00) barrier(0.00 s) --- 
2022-10-10 09:02:25 Memory used on node 0 after initialization is  10.90GB
2022-10-10 09:02:25           ... (min/my/avg/max, bal) No-Time barrier(0.00 s) --- 
2022-10-10 09:02:25 Fraction of circulating T cells extravasating is 5.85938e-06
2022-10-10 09:02:25 # datetime                    step    incb       expr       apop       dead       tvas       ttis       chem       virs       chempts    %infct     <%active  lbln>
2022-10-10 09:02:25 [0] <main.cpp:141> WARNING: Time step 0: SUCCESSFUL initial infection at (7500, 7500, 0) after 0 tries
2022-10-10 09:02:25 [10/10/22 09:02:25    0.00s]: 0       1          0          0          0          0          0          0.00e+00   0.00e+00   1.00e+00   0.00       < 0.000 0.016 >
2022-10-10 09:02:26 [10/10/22 09:02:26    0.14s]: 662     143        77         0          0          0          0          6.16e-07   6.28e+03   7.81e+02   0.00       < 0.004 0.649 >
2022-10-10 09:02:26 [10/10/22 09:02:26    0.23s]: 1324    786        473        0          2          0          0          2.94e-06   6.78e+04   2.71e+03   0.00       < 0.006 0.767 >
2022-10-10 09:02:26 [10/10/22 09:02:26    0.28s]: 1986    1407       1495       0          174        0          0          8.96e-06   2.92e+05   5.04e+03   0.00       < 0.008 0.747 >
2022-10-10 09:02:26 [10/10/22 09:02:26    0.34s]: 2648    1959       2456       0          1171       0          0          1.55e-05   5.72e+05   8.24e+03   0.00       < 0.010 0.800 >
2022-10-10 09:02:27 [10/10/22 09:02:27    0.44s]: 3310    2531       3475       0          2908       0          0          2.21e-05   8.55e+05   1.23e+04   0.00       < 0.013 0.813 >
2022-10-10 09:02:27 [10/10/22 09:02:27    0.51s]: 3972    2898       4608       0          5335       0          0          2.91e-05   1.15e+06   1.67e+04   0.01       < 0.016 0.882 >
2022-10-10 09:02:28 [10/10/22 09:02:28    0.61s]: 4634    3549       5604       0          8576       0          0          3.60e-05   1.43e+06   2.25e+04   0.01       < 0.020 0.837 >
2022-10-10 09:02:29 [10/10/22 09:02:29    0.70s]: 5296    4205       6792       0          12478      0          0          4.31e-05   1.73e+06   2.89e+04   0.01       < 0.024 0.911 >
2022-10-10 09:02:29 [10/10/22 09:02:29    0.85s]: 5958    4935       8015       0          17290      0          0          5.10e-05   2.05e+06   3.64e+04   0.01       < 0.028 0.903 >
2022-10-10 09:02:30 [10/10/22 09:02:30    0.96s]: 6620    5618       9334       0          22926      0          0          5.91e-05   2.41e+06   4.48e+04   0.02       < 0.033 0.903 >
2022-10-10 09:02:32 [10/10/22 09:02:32    1.08s]: 7282    6109       10332      0          29663      0          0          6.57e-05   2.72e+06   5.33e+04   0.02       < 0.038 0.915 >
2022-10-10 09:02:33 [10/10/22 09:02:33    1.20s]: 7944    6430       11254      0          37182      0          0          7.16e-05   2.99e+06   6.26e+04   0.02       < 0.044 0.923 >
2022-10-10 09:02:34 [10/10/22 09:02:34    1.34s]: 8606    7454       12166      0          45335      0          0          7.79e-05   3.25e+06   7.39e+04   0.03       < 0.049 0.911 >
2022-10-10 09:02:36 [10/10/22 09:02:36    1.56s]: 9268    8029       13621      0          54131      0          0          8.65e-05   3.58e+06   8.56e+04   0.03       < 0.056 0.906 >
2022-10-10 09:02:37 [10/10/22 09:02:37    1.70s]: 9930    8386       14829      0          64078      0          0          9.50e-05   3.95e+06   9.74e+04   0.04       < 0.062 0.941 >
2022-10-10 09:02:39 [10/10/22 09:02:39    1.91s]: 10592   8976       15815      85         74850      51435167   23         1.01e-04   4.23e+06   1.11e+05   0.04       < 0.069 0.954 >
2022-10-10 09:02:41 [10/10/22 09:02:41    2.13s]: 11254   9435       16219      433        86754      111508601  113        1.07e-04   4.46e+06   1.24e+05   0.05       < 0.077 0.946 >
2022-10-10 09:02:44 [10/10/22 09:02:44    2.36s]: 11916   10004      16126      931        99874      165059012  261        1.12e-04   4.57e+06   1.39e+05   0.06       < 0.084 0.958 >
2022-10-10 09:02:46 [10/10/22 09:02:46    2.59s]: 12578   10458      15265      1743       114293     212794815  468        1.17e-04   4.56e+06   1.55e+05   0.06       < 0.093 0.949 >
2022-10-10 09:02:49 [10/10/22 09:02:49    2.85s]: 13240   10581      14436      2410       129763     255347200  657        1.19e-04   4.47e+06   1.71e+05   0.07       < 0.100 0.962 >
2022-10-10 09:02:52 [10/10/22 09:02:52    3.12s]: 13902   11039      13177      2962       146333     293279293  855        1.20e-04   4.28e+06   1.89e+05   0.08       < 0.108 0.963 >
2022-10-10 09:02:56 [10/10/22 09:02:56    3.43s]: 14564   11269      12569      3234       163351     327092516  1039       1.20e-04   4.10e+06   2.06e+05   0.08       < 0.116 0.956 >
2022-10-10 09:02:59 [10/10/22 09:02:59    3.75s]: 15226   11903      12547      3383       180280     357234195  1140       1.23e-04   4.08e+06   2.24e+05   0.09       < 0.123 0.969 >
2022-10-10 09:03:04 [10/10/22 09:03:04    4.09s]: 15888   12203      12995      3838       197622     384103118  1308       1.28e-04   4.25e+06   2.43e+05   0.10       < 0.131 0.973 >
2022-10-10 09:03:08 [10/10/22 09:03:08    4.25s]: 16550   12633      12816      4077       216262     408054434  1501       1.29e-04   4.28e+06   2.63e+05   0.11       < 0.138 0.959 >
2022-10-10 09:03:12 [10/10/22 09:03:12    4.63s]: 17212   12912      12190      4623       235909     429405090  1663       1.31e-04   4.27e+06   2.84e+05   0.12       < 0.146 0.973 >
2022-10-10 09:03:17 [10/10/22 09:03:17    4.82s]: 17874   13111      12030      4752       256212     448437420  1764       1.32e-04   4.16e+06   3.05e+05   0.13       < 0.153 0.958 >
2022-10-10 09:03:22 [10/10/22 09:03:22    5.12s]: 18536   13504      11982      4893       276717     465403060  1884       1.33e-04   4.16e+06   3.26e+05   0.14       < 0.160 0.959 >
2022-10-10 09:03:28 [10/10/22 09:03:28    5.39s]: 19198   13630      11759      5140       298223     480526581  2089       1.34e-04   4.14e+06   3.49e+05   0.15       < 0.167 0.958 >
2022-10-10 09:03:33 [10/10/22 09:03:33    5.62s]: 19860   13981      11827      5343       319913     494007889  2309       1.35e-04   4.15e+06   3.71e+05   0.16       < 0.174 0.966 >
2022-10-10 09:03:39 [10/10/22 09:03:39    5.84s]: 20522   14417      10434      5657       343305     506025244  2452       1.33e-04   3.98e+06   3.95e+05   0.17       < 0.180 0.952 >
2022-10-10 09:03:45 [10/10/22 09:03:45    6.09s]: 21184   14738      10821      5939       365988     516737885  2521       1.32e-04   3.93e+06   4.19e+05   0.18       < 0.187 0.959 >
2022-10-10 09:03:52 [10/10/22 09:03:52    6.28s]: 21846   15610      10471      6020       389899     526287224  2524       1.35e-04   3.94e+06   4.45e+05   0.19       < 0.194 0.977 >
2022-10-10 09:03:58 [10/10/22 09:03:58    6.59s]: 22508   15453      11556      6262       413657     534799587  2656       1.41e-04   4.14e+06   4.71e+05   0.20       < 0.200 0.960 >
2022-10-10 09:04:05 [10/10/22 09:04:05    7.03s]: 23170   16077      11069      6458       439181     542387652  2844       1.44e-04   4.16e+06   4.97e+05   0.21       < 0.207 0.960 >
2022-10-10 09:04:13 [10/10/22 09:04:13    7.28s]: 23832   16713      11421      6763       464909     549151874  2955       1.46e-04   4.18e+06   5.24e+05   0.22       < 0.214 0.972 >
2022-10-10 09:04:20 [10/10/22 09:04:20    7.63s]: 24494   17150      11571      6893       491466     555181483  3066       1.49e-04   4.34e+06   5.53e+05   0.23       < 0.221 0.961 >
2022-10-10 09:04:28 [10/10/22 09:04:28    7.98s]: 25156   17619      11664      7133       518958     560556432  3170       1.52e-04   4.40e+06   5.83e+05   0.25       < 0.227 0.959 >
2022-10-10 09:04:36 [10/10/22 09:04:36    8.30s]: 25818   17879      11977      7732       547378     565347547  3369       1.57e-04   4.50e+06   6.13e+05   0.26       < 0.234 0.973 >
2022-10-10 09:04:45 [10/10/22 09:04:45    8.61s]: 26480   18462      11618      7615       577197     569618378  3543       1.57e-04   4.46e+06   6.42e+05   0.27       < 0.241 0.960 >
2022-10-10 09:04:54 [10/10/22 09:04:54    9.01s]: 27142   18791      11987      7568       607004     573425528  3621       1.59e-04   4.51e+06   6.74e+05   0.29       < 0.248 0.967 >
2022-10-10 09:05:05 [10/10/22 09:05:05   10.74s]: 27804   19204      12494      7950       636920     576819115  3762       1.64e-04   4.67e+06   7.06e+05   0.30       < 0.255 0.971 >
2022-10-10 09:05:14 [10/10/22 09:05:14    9.54s]: 28466   19230      12477      8093       668420     579844289  3923       1.67e-04   4.74e+06   7.38e+05   0.31       < 0.262 0.965 >
2022-10-10 09:05:24 [10/10/22 09:05:24    9.90s]: 29128   19778      12282      8316       700094     582540817  3953       1.68e-04   4.71e+06   7.70e+05   0.33       < 0.268 0.959 >
2022-10-10 09:05:34 [10/10/22 09:05:34   10.20s]: 29790   20863      12650      8359       732246     584944576  3968       1.71e-04   4.77e+06   8.05e+05   0.34       < 0.275 0.971 >
2022-10-10 09:05:45 [10/10/22 09:05:45   10.55s]: 30452   21047      13289      8857       765205     587087141  4116       1.78e-04   5.01e+06   8.40e+05   0.36       < 0.282 0.966 >
2022-10-10 09:05:56 [10/10/22 09:05:56   10.99s]: 31114   20703      13370      8939       799663     588997107  4217       1.81e-04   5.09e+06   8.74e+05   0.37       < 0.289 0.960 >
2022-10-10 09:06:07 [10/10/22 09:06:07   11.33s]: 31776   21302      12967      9108       834579     590699682  4310       1.79e-04   5.03e+06   9.11e+05   0.39       < 0.295 0.968 >
2022-10-10 09:06:19 [10/10/22 09:06:19   11.44s]: 32438   21742      12292      9162       870275     592217430  4369       1.80e-04   4.92e+06   9.47e+05   0.41       < 0.302 0.966 >
2022-10-10 09:06:31 [10/10/22 09:06:31   11.87s]: 33100   22335      13403      9284       905369     593570310  4462       1.83e-04   4.99e+06   9.85e+05   0.42       < 0.309 0.966 >
2022-10-10 09:06:31 [10/10/22 09:06:31    0.34s]: 33119   22399      13424      9320       906348     593606899  4480       1.83e-04   5.00e+06   9.86e+05   0.42       < 0.309 0.965 >
2022-10-10 09:06:31  ---  main.cpp:generate tcells took  avg 0.00 s max 0.01 s balance 0.69  --- 
2022-10-10 09:06:31  ---  main.cpp:update circulating tcells took  avg 7.23 s max 7.66 s balance 0.94  --- 
2022-10-10 09:06:31  ---  main.cpp:update tcells took  avg 6.29 s max 6.89 s balance 0.91  --- 
2022-10-10 09:06:31  ---  main.cpp:update epicells took  avg 9.24 s max 9.41 s balance 0.98  --- 
2022-10-10 09:06:31  ---  main.cpp:update concentrations took  avg 47.99 s max 49.21 s balance 0.98  --- 
2022-10-10 09:06:31  ---  main.cpp:compute updates took  avg 134.85 s max 134.87 s balance 1.00  --- 
2022-10-10 09:06:31  ---  main.cpp:dispatch updates took  avg 62.76 s max 67.28 s balance 0.93  --- 
2022-10-10 09:06:31  ---  main.cpp:add new actives took  avg 3.71 s max 3.82 s balance 0.97  --- 
2022-10-10 09:06:31  ---  main.cpp:erase inactive took  avg 28.43 s max 29.27 s balance 0.97  --- 
2022-10-10 09:06:31  ---  main.cpp:sample took  avg 0.00 s max 0.00 s balance -nan  --- 
2022-10-10 09:06:31  ---  main.cpp:sample write took  avg 0.00 s max 0.00 s balance -nan  --- 
2022-10-10 09:06:31  ---  main.cpp:log took  avg 3.50 s max 3.51 s balance 1.00  --- 
2022-10-10 09:06:31 Finished 33120 time steps in 245.5446 s (0.0074 s per step)
2022-10-10 09:06:31  --- Elapsed time for main.cpp:run_sim:  (exiting barrier) 2022-10-10 09:06:31 ...
2022-10-10 09:06:31           ... (min/my/avg/max, bal) (245.54/245.55/245.54/245.55 s, 1.00) barrier(0.00 s) --- 
2022-10-10 09:06:31 Peak memory used across all nodes: 22.10GB
2022-10-10 09:06:31 Finished in 249.15 s at 10/10/22 09:06:31 for SimCov version 0.1.1.d78b099-dirty
