2022-10-10 08:58:22 SimCov version SimCov version 0.1.1.d78b099-dirty-master built on 20220926_142515
2022-10-10 08:58:22 _________________________
2022-10-10 08:58:22 Compiler definitions:
2022-10-10 08:58:22   _XOPEN_SOURCE=700
2022-10-10 08:58:22   CONFIG_USE_COLORS
2022-10-10 08:58:22   USE_BYTELL
2022-10-10 08:58:22   MAX_VIRIONS=125000
2022-10-10 08:58:22   MIN_VIRIONS=1e-10
2022-10-10 08:58:22   BLOCK_PARTITION
2022-10-10 08:58:22   MIN_BLOCKS_PER_PROC=1
2022-10-10 08:58:22   AVERAGE_SUBSAMPLE
2022-10-10 08:58:22 _________________________
2022-10-10 08:58:22 Options:
2022-10-10 08:58:22   dim =                         15000 15000 1
2022-10-10 08:58:22   whole-lung-dim =              48000 40000 20000
2022-10-10 08:58:22   timesteps =                   33120
2022-10-10 08:58:22   infection-coords =            uniform:1
2022-10-10 08:58:22   initial-infection =           1000
2022-10-10 08:58:22   incubation-period =           480
2022-10-10 08:58:22   apoptosis-period =            180
2022-10-10 08:58:22   expressing-period =           900
2022-10-10 08:58:22   infectivity =                 0.001
2022-10-10 08:58:22   infectivity-multiplier =      1.0
2022-10-10 08:58:22   virion-production =           1.1
2022-10-10 08:58:22   virion-production-multiplier = 1.0
2022-10-10 08:58:22   virion-clearance =            0.004
2022-10-10 08:58:22   virion-diffusion =            0.0007632
2022-10-10 08:58:22   chemokine-production =        1.0
2022-10-10 08:58:22   chemokine-decay =             0.01
2022-10-10 08:58:22   chemokine-diffusion =         0.007632
2022-10-10 08:58:22   min-chemokine =               1e-06
2022-10-10 08:58:22   antibody-factor =             1
2022-10-10 08:58:22   antibody-period =             5760
2022-10-10 08:58:22   tcell-generation-rate =       105000
2022-10-10 08:58:22   tcell-initial-delay =         10080
2022-10-10 08:58:22   tcell-vascular-period =       5760
2022-10-10 08:58:22   tcell-tissue-period =         1440
2022-10-10 08:58:22   tcell-binding-period =        10
2022-10-10 08:58:22   max-binding-prob =            1
2022-10-10 08:58:22   tcells-follow-gradient =      false
2022-10-10 08:58:22   seed =                        29
2022-10-10 08:58:22   sample-period =               0
2022-10-10 08:58:22   sample-resolution =           1
2022-10-10 08:58:22   max-block-dim =               10
2022-10-10 08:58:22   output =                      experiments/j-0.0007632_m-0.007632
2022-10-10 08:58:22 _________________________
2022-10-10 08:58:22 Starting run with 64 processes on 2 nodes at 10/10/22 08:58:22
2022-10-10 08:58:22 Pinned processes, with process 0 (pid 2094303) pinned to core 0
2022-10-10 08:58:22 Using block partitioning
2022-10-10 08:58:22 Initial free memory across all nodes: 163.11GB
2022-10-10 08:58:22 Starting with 81.73GB free on node 0
2022-10-10 08:58:22 Dividing 225000000 grid points into 3515625 squares of size 64 (8^2), with 54932 per process
2022-10-10 08:58:22 Total initial memory required per process is at least 281.63MB with each grid point requiring on average 84 bytes
2022-10-10 08:58:25  --- Elapsed time for tissue.cpp:Tissue:  (exiting barrier) 2022-10-10 08:58:25 ...
2022-10-10 08:58:25           ... (min/my/avg/max, bal) (3.43/3.43/3.43/3.43 s, 1.00) barrier(0.00 s) --- 
2022-10-10 08:58:25 Memory used on node 0 after initialization is  10.91GB
2022-10-10 08:58:25           ... (min/my/avg/max, bal) No-Time barrier(0.00 s) --- 
2022-10-10 08:58:25 Fraction of circulating T cells extravasating is 5.85938e-06
2022-10-10 08:58:25 # datetime                    step    incb       expr       apop       dead       tvas       ttis       chem       virs       chempts    %infct     <%active  lbln>
2022-10-10 08:58:25 [0] <main.cpp:141> WARNING: Time step 0: SUCCESSFUL initial infection at (7500, 7500, 0) after 0 tries
2022-10-10 08:58:25 [10/10/22 08:58:25    0.00s]: 0       1          0          0          0          0          0          0.00e+00   0.00e+00   1.00e+00   0.00       < 0.000 0.016 >
2022-10-10 08:58:25 [10/10/22 08:58:25    0.10s]: 662     4          7          0          0          0          0          3.54e-08   5.50e+02   7.70e+01   0.00       < 0.000 0.040 >
2022-10-10 08:58:26 [10/10/22 08:58:26    0.11s]: 1324    15         14         0          0          0          0          7.61e-08   2.96e+03   1.49e+02   0.00       < 0.000 0.058 >
2022-10-10 08:58:26 [10/10/22 08:58:26    0.12s]: 1986    13         26         0          11         0          0          1.46e-07   5.45e+03   2.10e+02   0.00       < 0.000 0.073 >
2022-10-10 08:58:26 [10/10/22 08:58:26    0.12s]: 2648    30         27         0          29         0          0          1.71e-07   7.30e+03   2.60e+02   0.00       < 0.000 0.092 >
2022-10-10 08:58:26 [10/10/22 08:58:26    0.12s]: 3310    37         48         0          50         0          0          2.80e-07   1.11e+04   3.41e+02   0.00       < 0.000 0.111 >
2022-10-10 08:58:26 [10/10/22 08:58:26    0.12s]: 3972    32         60         0          85         0          0          3.59e-07   1.58e+04   4.20e+02   0.00       < 0.000 0.135 >
2022-10-10 08:58:26 [10/10/22 08:58:26    0.12s]: 4634    35         68         0          129        0          0          4.18e-07   1.76e+04   5.03e+02   0.00       < 0.000 0.158 >
2022-10-10 08:58:26 [10/10/22 08:58:26    0.12s]: 5296    41         76         0          174        0          0          4.62e-07   1.93e+04   5.89e+02   0.00       < 0.000 0.183 >
2022-10-10 08:58:26 [10/10/22 08:58:26    0.12s]: 5958    41         88         0          229        0          0          5.36e-07   2.22e+04   6.90e+02   0.00       < 0.000 0.209 >
2022-10-10 08:58:27 [10/10/22 08:58:27    0.12s]: 6620    55         105        0          281        0          0          6.06e-07   2.52e+04   8.00e+02   0.00       < 0.000 0.238 >
2022-10-10 08:58:27 [10/10/22 08:58:27    0.12s]: 7282    77         109        0          354        0          0          6.50e-07   2.84e+04   9.14e+02   0.00       < 0.000 0.268 >
2022-10-10 08:58:27 [10/10/22 08:58:27    0.12s]: 7944    71         125        0          439        0          0          7.30e-07   3.23e+04   1.05e+03   0.00       < 0.001 0.304 >
2022-10-10 08:58:27 [10/10/22 08:58:27    0.13s]: 8606    75         131        0          534        0          0          7.97e-07   3.56e+04   1.19e+03   0.00       < 0.001 0.342 >
2022-10-10 08:58:27 [10/10/22 08:58:27    0.12s]: 9268    82         136        0          630        0          0          8.52e-07   3.81e+04   1.32e+03   0.00       < 0.001 0.377 >
2022-10-10 08:58:27 [10/10/22 08:58:27    0.13s]: 9930    89         155        0          728        0          0          9.33e-07   4.03e+04   1.48e+03   0.00       < 0.001 0.414 >
2022-10-10 08:58:27 [10/10/22 08:58:27    0.15s]: 10592   97         169        0          839        51435194   0          1.02e-06   4.40e+04   1.64e+03   0.00       < 0.001 0.459 >
2022-10-10 08:58:28 [10/10/22 08:58:28    0.17s]: 11254   98         162        12         979        111508736  4          1.04e-06   4.61e+04   1.82e+03   0.00       < 0.001 0.509 >
2022-10-10 08:58:28 [10/10/22 08:58:28    0.19s]: 11916   86         123        33         1144       165059254  9          9.14e-07   4.25e+04   1.97e+03   0.00       < 0.001 0.550 >
2022-10-10 08:58:28 [10/10/22 08:58:28    0.22s]: 12578   87         77         46         1318       212795230  11         7.10e-07   3.31e+04   2.16e+03   0.00       < 0.001 0.599 >
2022-10-10 08:58:28 [10/10/22 08:58:28    0.24s]: 13240   68         66         30         1485       255348023  11         5.83e-07   2.45e+04   2.31e+03   0.00       < 0.001 0.629 >
2022-10-10 08:58:28 [10/10/22 08:58:28    0.26s]: 13902   71         80         18         1597       293280453  12         5.76e-07   2.27e+04   2.44e+03   0.00       < 0.001 0.674 >
2022-10-10 08:58:29 [10/10/22 08:58:29    0.27s]: 14564   68         42         33         1747       327094102  20         4.39e-07   1.94e+04   2.59e+03   0.00       < 0.001 0.699 >
2022-10-10 08:58:29 [10/10/22 08:58:29    0.28s]: 15226   48         29         27         1895       357236253  25         3.05e-07   1.32e+04   2.68e+03   0.00       < 0.001 0.654 >
2022-10-10 08:58:29 [10/10/22 08:58:29    0.30s]: 15888   36         29         20         1994       384105609  31         2.60e-07   1.02e+04   2.76e+03   0.00       < 0.001 0.588 >
2022-10-10 08:58:30 [10/10/22 08:58:30    0.31s]: 16550   30         11         17         2093       408057258  27         1.54e-07   6.82e+03   2.57e+03   0.00       < 0.001 0.521 >
2022-10-10 08:58:30 [10/10/22 08:58:30    0.32s]: 17212   19         6          8          2161       429408405  19         5.50e-08   2.59e+03   2.58e+03   0.00       < 0.001 0.505 >
2022-10-10 08:58:30 [10/10/22 08:58:30    0.32s]: 17874   18         14         5          2193       448441312  19         1.03e-07   3.46e+03   2.57e+03   0.00       < 0.001 0.457 >
2022-10-10 08:58:31 [10/10/22 08:58:31    0.33s]: 18536   24         31         1          2209       465407494  12         1.78e-07   6.52e+03   2.43e+03   0.00       < 0.001 0.448 >
2022-10-10 08:58:31 [10/10/22 08:58:31    0.34s]: 19198   19         14         4          2254       480531470  10         1.31e-07   6.50e+03   2.49e+03   0.00       < 0.001 0.441 >
2022-10-10 08:58:31 [10/10/22 08:58:31    0.35s]: 19860   14         3          18         2285       494013232  11         1.10e-07   4.47e+03   2.56e+03   0.00       < 0.001 0.454 >
2022-10-10 08:58:32 [10/10/22 08:58:32    0.35s]: 20522   5          0          5          2331       506031185  12         1.08e-08   7.86e+02   2.55e+03   0.00       < 0.001 0.448 >
2022-10-10 08:58:32 [10/10/22 08:58:32    0.35s]: 21184   6          0          1          2341       516744118  10         7.07e-09   2.55e+02   2.47e+03   0.00       < 0.001 0.460 >
2022-10-10 08:58:32 [10/10/22 08:58:32    0.34s]: 21846   2          4          0          2347       526293875  4          3.39e-08   9.31e+02   2.54e+03   0.00       < 0.001 0.427 >
2022-10-10 08:58:33 [10/10/22 08:58:33    0.34s]: 22508   7          7          4          2354       534806747  4          6.65e-08   1.80e+03   2.59e+03   0.00       < 0.001 0.367 >
2022-10-10 08:58:33 [10/10/22 08:58:33    0.35s]: 23170   9          9          2          2376       542395201  9          5.07e-08   1.57e+03   2.62e+03   0.00       < 0.001 0.286 >
2022-10-10 08:58:33 [10/10/22 08:58:33    0.35s]: 23832   8          8          4          2394       549159704  9          7.46e-08   2.90e+03   2.59e+03   0.00       < 0.001 0.231 >
2022-10-10 08:58:34 [10/10/22 08:58:34    0.35s]: 24494   9          11         2          2408       555189777  4          7.84e-08   2.92e+03   2.63e+03   0.00       < 0.001 0.197 >
2022-10-10 08:58:34 [10/10/22 08:58:34    0.36s]: 25156   13         4          15         2425       560565148  9          8.10e-08   3.19e+03   2.66e+03   0.00       < 0.001 0.192 >
2022-10-10 08:58:34 [10/10/22 08:58:34    0.37s]: 25818   10         9          7          2454       565356764  10         8.66e-08   3.01e+03   2.69e+03   0.00       < 0.001 0.191 >
2022-10-10 08:58:35 [10/10/22 08:58:35    0.37s]: 26480   8          4          5          2483       569628080  12         5.16e-08   2.35e+03   2.67e+03   0.00       < 0.001 0.200 >
2022-10-10 08:58:35 [10/10/22 08:58:35    0.37s]: 27142   7          1          4          2506       573435660  9          6.79e-09   3.89e+02   2.66e+03   0.00       < 0.001 0.215 >
2022-10-10 08:58:36 [10/10/22 08:58:36    0.37s]: 27804   9          5          4          2511       576829862  4          5.64e-08   1.92e+03   2.64e+03   0.00       < 0.000 0.229 >
2022-10-10 08:58:36 [10/10/22 08:58:36    0.37s]: 28466   14         5          5          2524       579855545  3          5.31e-08   2.16e+03   2.66e+03   0.00       < 0.000 0.246 >
2022-10-10 08:58:36 [10/10/22 08:58:36    0.37s]: 29128   10         10         3          2541       582552628  5          8.17e-08   2.97e+03   2.69e+03   0.00       < 0.000 0.227 >
2022-10-10 08:58:37 [10/10/22 08:58:37    0.37s]: 29790   8          5          1          2565       584956900  5          3.91e-08   1.98e+03   2.71e+03   0.00       < 0.000 0.222 >
2022-10-10 08:58:37 [10/10/22 08:58:37    0.37s]: 30452   8          3          5          2579       587099997  7          3.52e-08   1.53e+03   2.73e+03   0.00       < 0.000 0.205 >
2022-10-10 08:58:37 [10/10/22 08:58:37    0.38s]: 31114   9          0          6          2597       589010543  7          2.63e-08   1.26e+03   2.76e+03   0.00       < 0.000 0.190 >
2022-10-10 08:58:38 [10/10/22 08:58:38    0.37s]: 31776   5          1          3          2612       590713665  5          2.25e-08   7.83e+02   2.74e+03   0.00       < 0.000 0.170 >
2022-10-10 08:58:38 [10/10/22 08:58:38    0.36s]: 32438   3          0          3          2623       592231839  4          1.20e-08   4.62e+02   2.72e+03   0.00       < 0.000 0.165 >
2022-10-10 08:58:38 [10/10/22 08:58:38    0.36s]: 33100   2          2          0          2630       593585038  5          1.24e-08   2.64e+02   2.71e+03   0.00       < 0.000 0.165 >
2022-10-10 08:58:38 [10/10/22 08:58:38    0.01s]: 33119   2          2          0          2630       593621620  6          1.27e-08   2.85e+02   2.71e+03   0.00       < 0.000 0.165 >
2022-10-10 08:58:38  ---  main.cpp:generate tcells took  avg 0.00 s max 0.00 s balance 0.86  --- 
2022-10-10 08:58:38  ---  main.cpp:update circulating tcells took  avg 5.97 s max 6.40 s balance 0.93  --- 
2022-10-10 08:58:38  ---  main.cpp:update tcells took  avg 0.03 s max 0.06 s balance 0.62  --- 
2022-10-10 08:58:38  ---  main.cpp:update epicells took  avg 0.04 s max 0.07 s balance 0.62  --- 
2022-10-10 08:58:38  ---  main.cpp:update concentrations took  avg 0.13 s max 0.23 s balance 0.55  --- 
2022-10-10 08:58:38  ---  main.cpp:compute updates took  avg 7.87 s max 7.88 s balance 1.00  --- 
2022-10-10 08:58:38  ---  main.cpp:dispatch updates took  avg 0.83 s max 1.49 s balance 0.56  --- 
2022-10-10 08:58:38  ---  main.cpp:add new actives took  avg 0.02 s max 0.02 s balance 0.71  --- 
2022-10-10 08:58:38  ---  main.cpp:erase inactive took  avg 0.10 s max 0.15 s balance 0.65  --- 
2022-10-10 08:58:38  ---  main.cpp:sample took  avg 0.00 s max 0.00 s balance -nan  --- 
2022-10-10 08:58:38  ---  main.cpp:sample write took  avg 0.00 s max 0.00 s balance -nan  --- 
2022-10-10 08:58:38  ---  main.cpp:log took  avg 1.24 s max 1.24 s balance 0.99  --- 
2022-10-10 08:58:38 Finished 33120 time steps in 13.0670 s (0.0004 s per step)
2022-10-10 08:58:38  --- Elapsed time for main.cpp:run_sim:  (exiting barrier) 2022-10-10 08:58:38 ...
2022-10-10 08:58:38           ... (min/my/avg/max, bal) (13.07/13.07/13.07/13.07 s, 1.00) barrier(0.00 s) --- 
2022-10-10 08:58:38 Peak memory used across all nodes: 21.83GB
2022-10-10 08:58:38 Finished in 16.59 s at 10/10/22 08:58:38 for SimCov version 0.1.1.d78b099-dirty
