2022-10-10 08:58:22 SimCov version SimCov version 0.1.1.d78b099-dirty-master built on 20220926_142515
2022-10-10 08:58:22 _________________________
2022-10-10 08:58:22 Compiler definitions:
2022-10-10 08:58:22   _XOPEN_SOURCE=700
2022-10-10 08:58:22   CONFIG_USE_COLORS
2022-10-10 08:58:22   USE_BYTELL
2022-10-10 08:58:22   MAX_VIRIONS=125000
2022-10-10 08:58:22   MIN_VIRIONS=1e-10
2022-10-10 08:58:22   BLOCK_PARTITION
2022-10-10 08:58:22   MIN_BLOCKS_PER_PROC=1
2022-10-10 08:58:22   AVERAGE_SUBSAMPLE
2022-10-10 08:58:22 _________________________
2022-10-10 08:58:22 Options:
2022-10-10 08:58:22   dim =                         15000 15000 1
2022-10-10 08:58:22   whole-lung-dim =              48000 40000 20000
2022-10-10 08:58:22   timesteps =                   33120
2022-10-10 08:58:22   infection-coords =            uniform:1
2022-10-10 08:58:22   initial-infection =           1000
2022-10-10 08:58:22   incubation-period =           480
2022-10-10 08:58:22   apoptosis-period =            180
2022-10-10 08:58:22   expressing-period =           900
2022-10-10 08:58:22   infectivity =                 0.001
2022-10-10 08:58:22   infectivity-multiplier =      1.0
2022-10-10 08:58:22   virion-production =           1.1
2022-10-10 08:58:22   virion-production-multiplier = 1.0
2022-10-10 08:58:22   virion-clearance =            0.004
2022-10-10 08:58:22   virion-diffusion =            0.0007632
2022-10-10 08:58:22   chemokine-production =        1.0
2022-10-10 08:58:22   chemokine-decay =             0.01
2022-10-10 08:58:22   chemokine-diffusion =         0.0717
2022-10-10 08:58:22   min-chemokine =               1e-06
2022-10-10 08:58:22   antibody-factor =             1
2022-10-10 08:58:22   antibody-period =             5760
2022-10-10 08:58:22   tcell-generation-rate =       105000
2022-10-10 08:58:22   tcell-initial-delay =         10080
2022-10-10 08:58:22   tcell-vascular-period =       5760
2022-10-10 08:58:22   tcell-tissue-period =         1440
2022-10-10 08:58:22   tcell-binding-period =        10
2022-10-10 08:58:22   max-binding-prob =            1
2022-10-10 08:58:22   tcells-follow-gradient =      false
2022-10-10 08:58:22   seed =                        29
2022-10-10 08:58:22   sample-period =               0
2022-10-10 08:58:22   sample-resolution =           1
2022-10-10 08:58:22   max-block-dim =               10
2022-10-10 08:58:22   output =                      experiments/j-0.0007632_m-0.0717
2022-10-10 08:58:22 _________________________
2022-10-10 08:58:22 Starting run with 64 processes on 2 nodes at 10/10/22 08:58:22
2022-10-10 08:58:22 Pinned processes, with process 0 (pid 2018553) pinned to core 0
2022-10-10 08:58:22 Using block partitioning
2022-10-10 08:58:22 Initial free memory across all nodes: 164.92GB
2022-10-10 08:58:22 Starting with 82.22GB free on node 0
2022-10-10 08:58:22 Dividing 225000000 grid points into 3515625 squares of size 64 (8^2), with 54932 per process
2022-10-10 08:58:22 Total initial memory required per process is at least 281.63MB with each grid point requiring on average 84 bytes
2022-10-10 08:58:26  --- Elapsed time for tissue.cpp:Tissue:  (exiting barrier) 2022-10-10 08:58:26 ...
2022-10-10 08:58:26           ... (min/my/avg/max, bal) (3.45/3.45/3.45/3.45 s, 1.00) barrier(0.00 s) --- 
2022-10-10 08:58:26 Memory used on node 0 after initialization is  10.91GB
2022-10-10 08:58:26           ... (min/my/avg/max, bal) No-Time barrier(0.00 s) --- 
2022-10-10 08:58:26 Fraction of circulating T cells extravasating is 5.85938e-06
2022-10-10 08:58:26 # datetime                    step    incb       expr       apop       dead       tvas       ttis       chem       virs       chempts    %infct     <%active  lbln>
2022-10-10 08:58:26 [0] <main.cpp:141> WARNING: Time step 0: SUCCESSFUL initial infection at (7500, 7500, 0) after 0 tries
2022-10-10 08:58:26 [10/10/22 08:58:26    0.00s]: 0       1          0          0          0          0          0          0.00e+00   0.00e+00   1.00e+00   0.00       < 0.000 0.016 >
2022-10-10 08:58:26 [10/10/22 08:58:26    0.10s]: 662     2          9          0          0          0          0          8.30e-08   7.40e+02   4.21e+02   0.00       < 0.000 0.103 >
2022-10-10 08:58:26 [10/10/22 08:58:26    0.12s]: 1324    15         14         0          0          0          0          1.43e-07   2.89e+03   8.34e+02   0.00       < 0.000 0.204 >
2022-10-10 08:58:26 [10/10/22 08:58:26    0.12s]: 1986    13         25         0          11         0          0          2.63e-07   5.05e+03   9.49e+02   0.00       < 0.000 0.232 >
2022-10-10 08:58:26 [10/10/22 08:58:26    0.12s]: 2648    25         27         0          27         0          0          3.31e-07   7.01e+03   1.09e+03   0.00       < 0.000 0.266 >
2022-10-10 08:58:26 [10/10/22 08:58:26    0.12s]: 3310    37         42         0          47         0          0          4.81e-07   1.01e+04   1.24e+03   0.00       < 0.001 0.302 >
2022-10-10 08:58:26 [10/10/22 08:58:26    0.13s]: 3972    37         57         0          77         0          0          6.16e-07   1.38e+04   1.41e+03   0.00       < 0.001 0.344 >
2022-10-10 08:58:26 [10/10/22 08:58:26    0.13s]: 4634    48         62         0          122        0          0          7.44e-07   1.70e+04   1.57e+03   0.00       < 0.001 0.383 >
2022-10-10 08:58:27 [10/10/22 08:58:27    0.13s]: 5296    44         74         0          169        0          0          8.72e-07   1.99e+04   1.74e+03   0.00       < 0.001 0.426 >
2022-10-10 08:58:27 [10/10/22 08:58:27    0.13s]: 5958    49         90         0          221        0          0          9.97e-07   2.24e+04   1.91e+03   0.00       < 0.001 0.467 >
2022-10-10 08:58:27 [10/10/22 08:58:27    0.13s]: 6620    56         101        0          281        0          0          1.14e-06   2.62e+04   2.11e+03   0.00       < 0.001 0.516 >
2022-10-10 08:58:27 [10/10/22 08:58:27    0.13s]: 7282    62         100        0          357        0          0          1.23e-06   2.80e+04   2.30e+03   0.00       < 0.001 0.561 >
2022-10-10 08:58:27 [10/10/22 08:58:27    0.13s]: 7944    65         113        0          433        0          0          1.33e-06   2.98e+04   2.50e+03   0.00       < 0.001 0.610 >
2022-10-10 08:58:27 [10/10/22 08:58:27    0.13s]: 8606    81         119        0          513        0          0          1.43e-06   3.29e+04   2.71e+03   0.00       < 0.001 0.661 >
2022-10-10 08:58:27 [10/10/22 08:58:27    0.13s]: 9268    82         133        0          606        0          0          1.59e-06   3.57e+04   2.90e+03   0.00       < 0.001 0.708 >
2022-10-10 08:58:28 [10/10/22 08:58:28    0.13s]: 9930    88         150        0          707        0          0          1.76e-06   4.03e+04   3.12e+03   0.00       < 0.001 0.642 >
2022-10-10 08:58:28 [10/10/22 08:58:28    0.16s]: 10592   105        145        16         815        51435121   2          1.86e-06   4.33e+04   3.40e+03   0.00       < 0.002 0.548 >
2022-10-10 08:58:28 [10/10/22 08:58:28    0.19s]: 11254   107        146        15         950        111508570  2          1.92e-06   4.34e+04   3.63e+03   0.00       < 0.002 0.530 >
2022-10-10 08:58:28 [10/10/22 08:58:28    0.22s]: 11916   86         132        25         1093       165059197  6          1.87e-06   4.23e+04   3.84e+03   0.00       < 0.002 0.517 >
2022-10-10 08:58:28 [10/10/22 08:58:28    0.24s]: 12578   76         87         31         1269       212795102  16         1.64e-06   3.43e+04   4.06e+03   0.00       < 0.002 0.507 >
2022-10-10 08:58:29 [10/10/22 08:58:29    0.27s]: 13240   67         73         37         1419       255347950  23         1.21e-06   2.62e+04   4.25e+03   0.00       < 0.002 0.523 >
2022-10-10 08:58:29 [10/10/22 08:58:29    0.29s]: 13902   37         17         30         1596       293280435  34         6.80e-07   1.43e+04   4.35e+03   0.00       < 0.002 0.536 >
2022-10-10 08:58:29 [10/10/22 08:58:29    0.31s]: 14564   10         0          12         1705       327093938  56         1.48e-07   3.48e+03   4.35e+03   0.00       < 0.002 0.564 >
2022-10-10 08:58:29 [10/10/22 08:58:29    0.32s]: 15226   2          0          2          1735       357236060  58         7.38e-10   2.96e+02   2.96e+03   0.00       < 0.001 0.746 >
2022-10-10 08:58:30 [10/10/22 08:58:30    0.31s]: 15888   0          0          0          1741       384105385  39         0.00e+00   2.08e+01   1.74e+03   0.00       < 0.001 0.622 >
2022-10-10 08:58:30 [10/10/22 08:58:30    0.28s]: 16550   0          0          0          1741       408057245  14         0.00e+00   1.47e+00   1.74e+03   0.00       < 0.001 0.611 >
2022-10-10 08:58:30 [10/10/22 08:58:30    0.29s]: 17212   1          0          0          1741       429408277  0          0.00e+00   1.03e-01   1.74e+03   0.00       < 0.001 0.594 >
2022-10-10 08:58:31 [10/10/22 08:58:31    0.30s]: 17874   2          1          0          1741       448441062  1          2.56e-08   2.10e+02   2.09e+03   0.00       < 0.001 0.602 >
2022-10-10 08:58:31 [10/10/22 08:58:31    0.32s]: 18536   1          0          5          1743       465407370  3          4.47e-08   5.22e+02   2.16e+03   0.00       < 0.001 0.553 >
2022-10-10 08:58:31 [10/10/22 08:58:31    0.33s]: 19198   0          0          0          1752       480531482  10         1.53e-10   5.63e+01   2.20e+03   0.00       < 0.001 0.470 >
2022-10-10 08:58:32 [10/10/22 08:58:32    0.32s]: 19860   0          0          0          1753       494013266  13         0.00e+00   3.97e+00   1.75e+03   0.00       < 0.000 0.266 >
2022-10-10 08:58:32 [10/10/22 08:58:32    0.30s]: 20522   0          0          0          1753       506031291  7          0.00e+00   2.79e-01   1.75e+03   0.00       < 0.000 0.135 >
2022-10-10 08:58:32 [10/10/22 08:58:32    0.30s]: 21184   0          0          0          1753       516744203  0          0.00e+00   1.97e-02   1.75e+03   0.00       < 0.000 0.061 >
2022-10-10 08:58:33 [10/10/22 08:58:33    0.31s]: 21846   0          0          0          1753       526293936  0          0.00e+00   1.38e-03   1.75e+03   0.00       < 0.000 0.057 >
2022-10-10 08:58:33 [10/10/22 08:58:33    0.31s]: 22508   0          0          0          1753       534806670  0          0.00e+00   9.75e-05   1.75e+03   0.00       < 0.000 0.053 >
2022-10-10 08:58:33 [10/10/22 08:58:33    0.31s]: 23170   0          0          0          1753       542395273  0          0.00e+00   6.86e-06   1.75e+03   0.00       < 0.000 0.050 >
2022-10-10 08:58:33 [10/10/22 08:58:33    0.31s]: 23832   0          0          0          1753       549159693  0          0.00e+00   4.81e-07   1.75e+03   0.00       < 0.000 0.044 >
2022-10-10 08:58:34 [10/10/22 08:58:34    0.30s]: 24494   0          0          0          1753       555189824  0          0.00e+00   3.17e-08   1.75e+03   0.00       < 0.000 0.039 >
2022-10-10 08:58:34 [10/10/22 08:58:34    0.30s]: 25156   0          0          0          1753       560565185  0          0.00e+00   3.25e-10   1.75e+03   0.00       < 0.000 0.023 >
2022-10-10 08:58:34 [10/10/22 08:58:34    0.29s]: 25818   0          0          0          1753       565356853  0          0.00e+00   0.00e+00   1.75e+03   0.00       < 0.000 1.000 >
2022-10-10 08:58:35 [10/10/22 08:58:35    0.29s]: 26480   0          0          0          1753       569627995  0          0.00e+00   0.00e+00   1.75e+03   0.00       < 0.000 1.000 >
2022-10-10 08:58:35 [10/10/22 08:58:35    0.30s]: 27142   0          0          0          1753       573435562  0          0.00e+00   0.00e+00   1.75e+03   0.00       < 0.000 1.000 >
2022-10-10 08:58:35 [10/10/22 08:58:35    0.30s]: 27804   0          0          0          1753       576829658  0          0.00e+00   0.00e+00   1.75e+03   0.00       < 0.000 1.000 >
2022-10-10 08:58:36 [10/10/22 08:58:36    0.30s]: 28466   0          0          0          1753       579855255  0          0.00e+00   0.00e+00   1.75e+03   0.00       < 0.000 1.000 >
2022-10-10 08:58:36 [10/10/22 08:58:36    0.30s]: 29128   0          0          0          1753       582552338  0          0.00e+00   0.00e+00   1.75e+03   0.00       < 0.000 1.000 >
2022-10-10 08:58:36 [10/10/22 08:58:36    0.30s]: 29790   0          0          0          1753       584956685  0          0.00e+00   0.00e+00   1.75e+03   0.00       < 0.000 1.000 >
2022-10-10 08:58:36 [10/10/22 08:58:36    0.30s]: 30452   0          0          0          1753       587100021  0          0.00e+00   0.00e+00   1.75e+03   0.00       < 0.000 1.000 >
2022-10-10 08:58:37 [10/10/22 08:58:37    0.30s]: 31114   0          0          0          1753       589010479  0          0.00e+00   0.00e+00   1.75e+03   0.00       < 0.000 1.000 >
2022-10-10 08:58:37 [10/10/22 08:58:37    0.30s]: 31776   0          0          0          1753       590713502  0          0.00e+00   0.00e+00   1.75e+03   0.00       < 0.000 1.000 >
2022-10-10 08:58:37 [10/10/22 08:58:37    0.30s]: 32438   0          0          0          1753       592231551  0          0.00e+00   0.00e+00   1.75e+03   0.00       < 0.000 1.000 >
2022-10-10 08:58:38 [10/10/22 08:58:38    0.31s]: 33100   0          0          0          1753       593584803  0          0.00e+00   0.00e+00   1.75e+03   0.00       < 0.000 1.000 >
2022-10-10 08:58:38 [10/10/22 08:58:38    0.01s]: 33119   0          0          0          1753       593621394  0          0.00e+00   0.00e+00   1.75e+03   0.00       < 0.000 1.000 >
2022-10-10 08:58:38  ---  main.cpp:generate tcells took  avg 0.00 s max 0.00 s balance 0.91  --- 
2022-10-10 08:58:38  ---  main.cpp:update circulating tcells took  avg 6.10 s max 6.70 s balance 0.91  --- 
2022-10-10 08:58:38  ---  main.cpp:update tcells took  avg 0.03 s max 0.04 s balance 0.71  --- 
2022-10-10 08:58:38  ---  main.cpp:update epicells took  avg 0.04 s max 0.06 s balance 0.63  --- 
2022-10-10 08:58:38  ---  main.cpp:update concentrations took  avg 0.12 s max 0.19 s balance 0.62  --- 
2022-10-10 08:58:38  ---  main.cpp:compute updates took  avg 7.87 s max 7.87 s balance 1.00  --- 
2022-10-10 08:58:38  ---  main.cpp:dispatch updates took  avg 0.76 s max 1.38 s balance 0.55  --- 
2022-10-10 08:58:38  ---  main.cpp:add new actives took  avg 0.02 s max 0.03 s balance 0.67  --- 
2022-10-10 08:58:38  ---  main.cpp:erase inactive took  avg 0.09 s max 0.13 s balance 0.68  --- 
2022-10-10 08:58:38  ---  main.cpp:sample took  avg 0.00 s max 0.00 s balance -nan  --- 
2022-10-10 08:58:38  ---  main.cpp:sample write took  avg 0.00 s max 0.00 s balance -nan  --- 
2022-10-10 08:58:38  ---  main.cpp:log took  avg 1.23 s max 1.24 s balance 0.99  --- 
2022-10-10 08:58:38 Finished 33120 time steps in 12.0807 s (0.0004 s per step)
2022-10-10 08:58:38  --- Elapsed time for main.cpp:run_sim:  (exiting barrier) 2022-10-10 08:58:38 ...
2022-10-10 08:58:38           ... (min/my/avg/max, bal) (12.08/12.08/12.08/12.08 s, 1.00) barrier(0.00 s) --- 
2022-10-10 08:58:38 Peak memory used across all nodes: 21.83GB
2022-10-10 08:58:38 Finished in 16.09 s at 10/10/22 08:58:38 for SimCov version 0.1.1.d78b099-dirty
