2022-10-10 09:07:22 SimCov version SimCov version 0.1.1.d78b099-dirty-master built on 20220926_142515
2022-10-10 09:07:22 _________________________
2022-10-10 09:07:22 Compiler definitions:
2022-10-10 09:07:22   _XOPEN_SOURCE=700
2022-10-10 09:07:22   CONFIG_USE_COLORS
2022-10-10 09:07:22   USE_BYTELL
2022-10-10 09:07:22   MAX_VIRIONS=125000
2022-10-10 09:07:22   MIN_VIRIONS=1e-10
2022-10-10 09:07:22   BLOCK_PARTITION
2022-10-10 09:07:22   MIN_BLOCKS_PER_PROC=1
2022-10-10 09:07:22   AVERAGE_SUBSAMPLE
2022-10-10 09:07:22 _________________________
2022-10-10 09:07:22 Options:
2022-10-10 09:07:22   dim =                         15000 15000 1
2022-10-10 09:07:22   whole-lung-dim =              48000 40000 20000
2022-10-10 09:07:22   timesteps =                   33120
2022-10-10 09:07:22   infection-coords =            uniform:1
2022-10-10 09:07:22   initial-infection =           1000
2022-10-10 09:07:22   incubation-period =           480
2022-10-10 09:07:22   apoptosis-period =            180
2022-10-10 09:07:22   expressing-period =           900
2022-10-10 09:07:22   infectivity =                 0.001
2022-10-10 09:07:22   infectivity-multiplier =      1.0
2022-10-10 09:07:22   virion-production =           1.1
2022-10-10 09:07:22   virion-production-multiplier = 1.0
2022-10-10 09:07:22   virion-clearance =            0.004
2022-10-10 09:07:22   virion-diffusion =            0.15
2022-10-10 09:07:22   chemokine-production =        1.0
2022-10-10 09:07:22   chemokine-decay =             0.01
2022-10-10 09:07:22   chemokine-diffusion =         1.0
2022-10-10 09:07:22   min-chemokine =               1e-06
2022-10-10 09:07:22   antibody-factor =             1
2022-10-10 09:07:22   antibody-period =             5760
2022-10-10 09:07:22   tcell-generation-rate =       105000
2022-10-10 09:07:22   tcell-initial-delay =         10080
2022-10-10 09:07:22   tcell-vascular-period =       5760
2022-10-10 09:07:22   tcell-tissue-period =         1440
2022-10-10 09:07:22   tcell-binding-period =        10
2022-10-10 09:07:22   max-binding-prob =            1
2022-10-10 09:07:22   tcells-follow-gradient =      false
2022-10-10 09:07:22   seed =                        29
2022-10-10 09:07:22   sample-period =               0
2022-10-10 09:07:22   sample-resolution =           1
2022-10-10 09:07:22   max-block-dim =               10
2022-10-10 09:07:22   output =                      experiments/j-0.15_m-1
2022-10-10 09:07:22 _________________________
2022-10-10 09:07:22 Starting run with 64 processes on 2 nodes at 10/10/22 09:07:22
2022-10-10 09:07:22 Pinned processes, with process 0 (pid 2096019) pinned to core 0
2022-10-10 09:07:22 Using block partitioning
2022-10-10 09:07:22 Initial free memory across all nodes: 162.95GB
2022-10-10 09:07:22 Starting with 81.65GB free on node 0
2022-10-10 09:07:22 Dividing 225000000 grid points into 3515625 squares of size 64 (8^2), with 54932 per process
2022-10-10 09:07:22 Total initial memory required per process is at least 281.63MB with each grid point requiring on average 84 bytes
2022-10-10 09:07:25  --- Elapsed time for tissue.cpp:Tissue:  (exiting barrier) 2022-10-10 09:07:25 ...
2022-10-10 09:07:25           ... (min/my/avg/max, bal) (3.51/3.51/3.51/3.51 s, 1.00) barrier(0.00 s) --- 
2022-10-10 09:07:25 Memory used on node 0 after initialization is  10.90GB
2022-10-10 09:07:25           ... (min/my/avg/max, bal) No-Time barrier(0.00 s) --- 
2022-10-10 09:07:25 Fraction of circulating T cells extravasating is 5.85938e-06
2022-10-10 09:07:25 # datetime                    step    incb       expr       apop       dead       tvas       ttis       chem       virs       chempts    %infct     <%active  lbln>
2022-10-10 09:07:25 [0] <main.cpp:141> WARNING: Time step 0: SUCCESSFUL initial infection at (7500, 7500, 0) after 0 tries
2022-10-10 09:07:25 [10/10/22 09:07:25    0.00s]: 0       1          0          0          0          0          0          0.00e+00   0.00e+00   1.00e+00   0.00       < 0.000 0.016 >
2022-10-10 09:07:25 [10/10/22 09:07:25    0.15s]: 662     138        81         0          0          0          0          1.78e-06   6.45e+03   6.51e+03   0.00       < 0.004 0.649 >
2022-10-10 09:07:26 [10/10/22 09:07:26    0.29s]: 1324    759        510        0          1          0          0          5.85e-06   6.96e+04   1.71e+04   0.00       < 0.008 0.779 >
2022-10-10 09:07:26 [10/10/22 09:07:26    0.37s]: 1986    1412       1459       0          181        0          0          1.38e-05   2.93e+05   2.26e+04   0.00       < 0.010 0.815 >
2022-10-10 09:07:27 [10/10/22 09:07:27    0.47s]: 2648    1962       2423       0          1186       0          0          2.38e-05   5.63e+05   2.88e+04   0.00       < 0.013 0.804 >
2022-10-10 09:07:27 [10/10/22 09:07:27    0.55s]: 3310    2501       3472       0          2909       0          0          3.40e-05   8.50e+05   3.64e+04   0.00       < 0.016 0.890 >
2022-10-10 09:07:28 [10/10/22 09:07:28    0.66s]: 3972    3044       4611       0          5293       0          0          4.36e-05   1.16e+06   4.45e+04   0.01       < 0.020 0.835 >
2022-10-10 09:07:29 [10/10/22 09:07:29    0.78s]: 4634    3568       5630       0          8523       0          0          5.42e-05   1.45e+06   5.32e+04   0.01       < 0.024 0.897 >
2022-10-10 09:07:29 [10/10/22 09:07:29    0.88s]: 5296    4155       6580       0          12616      0          0          6.43e-05   1.70e+06   6.28e+04   0.01       < 0.028 0.896 >
2022-10-10 09:07:30 [10/10/22 09:07:30    1.03s]: 5958    4978       7882       0          17304      0          0          7.54e-05   2.01e+06   7.41e+04   0.01       < 0.033 0.903 >
2022-10-10 09:07:32 [10/10/22 09:07:32    1.18s]: 6620    5572       9412       0          22826      0          0          8.80e-05   2.41e+06   8.63e+04   0.02       < 0.038 0.914 >
2022-10-10 09:07:33 [10/10/22 09:07:33    1.33s]: 7282    6184       10387      0          29557      0          0          9.87e-05   2.73e+06   9.80e+04   0.02       < 0.044 0.941 >
2022-10-10 09:07:34 [10/10/22 09:07:34    1.47s]: 7944    6663       11279      0          37163      0          0          1.08e-04   3.00e+06   1.11e+05   0.02       < 0.049 0.917 >
2022-10-10 09:07:36 [10/10/22 09:07:36    1.71s]: 8606    7249       12349      0          45406      0          0          1.18e-04   3.27e+06   1.25e+05   0.03       < 0.056 0.901 >
2022-10-10 09:07:38 [10/10/22 09:07:38    1.87s]: 9268    7893       13651      0          54302      0          0          1.29e-04   3.60e+06   1.41e+05   0.03       < 0.063 0.954 >
2022-10-10 09:07:40 [10/10/22 09:07:40    2.09s]: 9930    8685       14807      0          64051      0          0          1.41e-04   3.93e+06   1.56e+05   0.04       < 0.069 0.955 >
2022-10-10 09:07:43 [10/10/22 09:07:43    2.37s]: 10592   8900       15915      74         74953      51435176   45         1.51e-04   4.24e+06   1.73e+05   0.04       < 0.077 0.953 >
2022-10-10 09:07:45 [10/10/22 09:07:45    2.58s]: 11254   9240       16027      563        87003      111508340  260        1.60e-04   4.47e+06   1.89e+05   0.05       < 0.084 0.962 >
2022-10-10 09:07:48 [10/10/22 09:07:48    2.84s]: 11916   9334       14800      1602       100755     165058479  648        1.68e-04   4.42e+06   2.07e+05   0.06       < 0.092 0.955 >
2022-10-10 09:07:51 [10/10/22 09:07:51    3.15s]: 12578   8785       12676      2490       116151     212794020  1090       1.70e-04   4.08e+06   2.24e+05   0.06       < 0.100 0.966 >
2022-10-10 09:07:55 [10/10/22 09:07:55    3.47s]: 13240   8530       10131      2942       132189     255346176  1508       1.68e-04   3.47e+06   2.41e+05   0.07       < 0.107 0.965 >
2022-10-10 09:07:58 [10/10/22 09:07:58    3.82s]: 13902   8682       8001       3175       148015     293277943  1845       1.67e-04   2.91e+06   2.59e+05   0.07       < 0.114 0.963 >
2022-10-10 09:08:03 [10/10/22 09:08:03    4.26s]: 14564   8289       7354       3485       162967     327090842  2174       1.63e-04   2.60e+06   2.77e+05   0.08       < 0.120 0.964 >
2022-10-10 09:08:07 [10/10/22 09:08:07    4.42s]: 15226   7644       5548       3979       179159     357232070  2603       1.59e-04   2.26e+06   2.95e+05   0.09       < 0.126 0.965 >
2022-10-10 09:08:12 [10/10/22 09:08:12    4.72s]: 15888   7649       4042       3867       195064     384100441  3038       1.51e-04   1.75e+06   3.12e+05   0.09       < 0.132 0.967 >
2022-10-10 09:08:17 [10/10/22 09:08:17    4.90s]: 16550   7692       3867       3833       209753     408051328  3293       1.44e-04   1.52e+06   3.30e+05   0.10       < 0.137 0.961 >
2022-10-10 09:08:22 [10/10/22 09:08:22    5.17s]: 17212   7771       3390       3971       224871     429401492  3506       1.43e-04   1.41e+06   3.48e+05   0.11       < 0.142 0.964 >
2022-10-10 09:08:27 [10/10/22 09:08:27    5.42s]: 17874   7473       2891       4195       240397     448433335  3782       1.41e-04   1.30e+06   3.67e+05   0.11       < 0.147 0.973 >
2022-10-10 09:08:33 [10/10/22 09:08:33    5.71s]: 18536   7423       2284       4057       256265     465398610  4051       1.33e-04   1.09e+06   3.85e+05   0.12       < 0.151 0.957 >
2022-10-10 09:08:39 [10/10/22 09:08:39    5.97s]: 19198   6973       2206       4292       271595     480521543  4333       1.25e-04   1.00e+06   4.03e+05   0.13       < 0.155 0.962 >
2022-10-10 09:08:45 [10/10/22 09:08:45    6.18s]: 19860   6881       1541       4220       287375     494002339  4601       1.20e-04   8.10e+05   4.21e+05   0.13       < 0.159 0.964 >
2022-10-10 09:08:51 [10/10/22 09:08:51    6.30s]: 20522   6563       1462       4082       302894     506019228  4919       1.13e-04   7.04e+05   4.40e+05   0.14       < 0.162 0.962 >
2022-10-10 09:08:58 [10/10/22 09:08:58    6.47s]: 21184   6407       1276       4195       318331     516731193  5166       1.12e-04   6.54e+05   4.58e+05   0.15       < 0.165 0.944 >
2022-10-10 09:09:05 [10/10/22 09:09:05    6.81s]: 21846   6191       1195       4153       333653     526279871  5418       1.06e-04   5.79e+05   4.76e+05   0.15       < 0.168 0.959 >
2022-10-10 09:09:12 [10/10/22 09:09:12    6.89s]: 22508   5564       865        3997       348916     534791613  5733       9.47e-05   4.90e+05   4.93e+05   0.16       < 0.171 0.973 >
2022-10-10 09:09:19 [10/10/22 09:09:19    7.03s]: 23170   4744       656        3721       363308     542379095  5907       7.93e-05   3.95e+05   5.09e+05   0.17       < 0.173 0.970 >
2022-10-10 09:09:26 [10/10/22 09:09:26    7.12s]: 23832   3838       427        3330       376340     549142936  5932       6.54e-05   2.83e+05   5.24e+05   0.17       < 0.174 0.972 >
2022-10-10 09:09:33 [10/10/22 09:09:33    7.17s]: 24494   3439       263        2872       387656     555172229  5935       5.29e-05   1.85e+05   5.35e+05   0.18       < 0.175 0.974 >
2022-10-10 09:09:40 [10/10/22 09:09:40    7.21s]: 25156   3186       297        2532       397762     560546821  5979       4.73e-05   1.61e+05   5.47e+05   0.18       < 0.176 0.976 >
2022-10-10 09:09:47 [10/10/22 09:09:47    7.26s]: 25818   2750       208        2420       407018     565337943  5932       4.11e-05   1.45e+05   5.57e+05   0.18       < 0.176 0.956 >
2022-10-10 09:09:55 [10/10/22 09:09:55    7.31s]: 26480   2155       207        1969       415388     569608921  5793       3.31e-05   1.15e+05   5.58e+05   0.19       < 0.177 0.951 >
2022-10-10 09:10:02 [10/10/22 09:10:02    7.34s]: 27142   1742       168        1631       422081     573416390  5382       2.73e-05   9.54e+04   5.51e+05   0.19       < 0.177 0.965 >
2022-10-10 09:10:09 [10/10/22 09:10:09    6.92s]: 27804   1526       116        1251       427530     576810880  4830       2.28e-05   8.39e+04   5.38e+05   0.19       < 0.175 0.957 >
2022-10-10 09:10:16 [10/10/22 09:10:16    6.63s]: 28466   1261       172        1104       431928     579836971  4287       1.97e-05   8.23e+04   5.34e+05   0.19       < 0.172 0.950 >
2022-10-10 09:10:22 [10/10/22 09:10:22    6.27s]: 29128   983        70         926        435857     582534698  3758       1.54e-05   5.68e+04   5.19e+05   0.19       < 0.168 0.957 >
2022-10-10 09:10:28 [10/10/22 09:10:28    5.89s]: 29790   729        42         713        439107     584939735  3232       1.03e-05   3.45e+04   5.20e+05   0.20       < 0.161 0.969 >
2022-10-10 09:10:33 [10/10/22 09:10:33    5.54s]: 30452   438        20         541        441488     587083583  2841       6.25e-06   2.10e+04   5.12e+05   0.20       < 0.150 0.953 >
2022-10-10 09:10:38 [10/10/22 09:10:38    5.02s]: 31114   310        17         372        443138     588994931  2430       4.18e-06   1.04e+04   4.94e+05   0.20       < 0.137 0.947 >
2022-10-10 09:10:43 [10/10/22 09:10:43    4.41s]: 31776   171        2          222        444301     590699040  1914       2.32e-06   6.37e+03   4.88e+05   0.20       < 0.121 0.949 >
2022-10-10 09:10:47 [10/10/22 09:10:47    3.83s]: 32438   109        6          126        445020     592218131  1442       8.10e-07   2.36e+03   4.78e+05   0.20       < 0.107 0.912 >
2022-10-10 09:10:50 [10/10/22 09:10:50    3.36s]: 33100   97         2          96         445407     593572407  1006       1.01e-06   2.14e+03   4.65e+05   0.20       < 0.091 0.905 >
2022-10-10 09:10:50 [10/10/22 09:10:50    0.09s]: 33119   100        2          96         445418     593609026  996        1.05e-06   2.13e+03   4.65e+05   0.20       < 0.090 0.904 >
2022-10-10 09:10:50  ---  main.cpp:generate tcells took  avg 0.00 s max 0.01 s balance 0.66  --- 
2022-10-10 09:10:50  ---  main.cpp:update circulating tcells took  avg 7.20 s max 7.63 s balance 0.94  --- 
2022-10-10 09:10:50  ---  main.cpp:update tcells took  avg 12.60 s max 13.92 s balance 0.90  --- 
2022-10-10 09:10:50  ---  main.cpp:update epicells took  avg 7.33 s max 7.67 s balance 0.96  --- 
2022-10-10 09:10:50  ---  main.cpp:update concentrations took  avg 35.19 s max 36.55 s balance 0.96  --- 
2022-10-10 09:10:50  ---  main.cpp:compute updates took  avg 112.43 s max 112.44 s balance 1.00  --- 
2022-10-10 09:10:50  ---  main.cpp:dispatch updates took  avg 56.83 s max 62.95 s balance 0.90  --- 
2022-10-10 09:10:50  ---  main.cpp:add new actives took  avg 2.66 s max 2.77 s balance 0.96  --- 
2022-10-10 09:10:50  ---  main.cpp:erase inactive took  avg 19.29 s max 19.86 s balance 0.97  --- 
2022-10-10 09:10:50  ---  main.cpp:sample took  avg 0.00 s max 0.00 s balance -nan  --- 
2022-10-10 09:10:50  ---  main.cpp:sample write took  avg 0.00 s max 0.00 s balance -nan  --- 
2022-10-10 09:10:50  ---  main.cpp:log took  avg 1.95 s max 1.97 s balance 0.99  --- 
2022-10-10 09:10:50 Finished 33120 time steps in 204.7074 s (0.0062 s per step)
2022-10-10 09:10:50  --- Elapsed time for main.cpp:run_sim:  (exiting barrier) 2022-10-10 09:10:50 ...
2022-10-10 09:10:50           ... (min/my/avg/max, bal) (204.71/204.71/204.71/204.71 s, 1.00) barrier(0.00 s) --- 
2022-10-10 09:10:50 Peak memory used across all nodes: 22.00GB
2022-10-10 09:10:50 Finished in 208.64 s at 10/10/22 09:10:50 for SimCov version 0.1.1.d78b099-dirty
