2022-10-10 09:07:22 SimCov version SimCov version 0.1.1.d78b099-dirty-master built on 20220926_142515
2022-10-10 09:07:22 _________________________
2022-10-10 09:07:22 Compiler definitions:
2022-10-10 09:07:22   _XOPEN_SOURCE=700
2022-10-10 09:07:22   CONFIG_USE_COLORS
2022-10-10 09:07:22   USE_BYTELL
2022-10-10 09:07:22   MAX_VIRIONS=125000
2022-10-10 09:07:22   MIN_VIRIONS=1e-10
2022-10-10 09:07:22   BLOCK_PARTITION
2022-10-10 09:07:22   MIN_BLOCKS_PER_PROC=1
2022-10-10 09:07:22   AVERAGE_SUBSAMPLE
2022-10-10 09:07:22 _________________________
2022-10-10 09:07:22 Options:
2022-10-10 09:07:22   dim =                         15000 15000 1
2022-10-10 09:07:22   whole-lung-dim =              48000 40000 20000
2022-10-10 09:07:22   timesteps =                   33120
2022-10-10 09:07:22   infection-coords =            uniform:1
2022-10-10 09:07:22   initial-infection =           1000
2022-10-10 09:07:22   incubation-period =           480
2022-10-10 09:07:22   apoptosis-period =            180
2022-10-10 09:07:22   expressing-period =           900
2022-10-10 09:07:22   infectivity =                 0.001
2022-10-10 09:07:22   infectivity-multiplier =      1.0
2022-10-10 09:07:22   virion-production =           1.1
2022-10-10 09:07:22   virion-production-multiplier = 1.0
2022-10-10 09:07:22   virion-clearance =            0.004
2022-10-10 09:07:22   virion-diffusion =            1.0
2022-10-10 09:07:22   chemokine-production =        1.0
2022-10-10 09:07:22   chemokine-decay =             0.01
2022-10-10 09:07:22   chemokine-diffusion =         0.0717
2022-10-10 09:07:22   min-chemokine =               1e-06
2022-10-10 09:07:22   antibody-factor =             1
2022-10-10 09:07:22   antibody-period =             5760
2022-10-10 09:07:22   tcell-generation-rate =       105000
2022-10-10 09:07:22   tcell-initial-delay =         10080
2022-10-10 09:07:22   tcell-vascular-period =       5760
2022-10-10 09:07:22   tcell-tissue-period =         1440
2022-10-10 09:07:22   tcell-binding-period =        10
2022-10-10 09:07:22   max-binding-prob =            1
2022-10-10 09:07:22   tcells-follow-gradient =      false
2022-10-10 09:07:22   seed =                        29
2022-10-10 09:07:22   sample-period =               0
2022-10-10 09:07:22   sample-resolution =           1
2022-10-10 09:07:22   max-block-dim =               10
2022-10-10 09:07:22   output =                      experiments/j-1_m-0.0717
2022-10-10 09:07:22 _________________________
2022-10-10 09:07:22 Starting run with 64 processes on 2 nodes at 10/10/22 09:07:22
2022-10-10 09:07:22 Pinned processes, with process 0 (pid 1939803) pinned to core 0
2022-10-10 09:07:22 Using block partitioning
2022-10-10 09:07:22 Initial free memory across all nodes: 165.52GB
2022-10-10 09:07:22 Starting with 82.68GB free on node 0
2022-10-10 09:07:22 Dividing 225000000 grid points into 3515625 squares of size 64 (8^2), with 54932 per process
2022-10-10 09:07:22 Total initial memory required per process is at least 281.63MB with each grid point requiring on average 84 bytes
2022-10-10 09:07:26  --- Elapsed time for tissue.cpp:Tissue:  (exiting barrier) 2022-10-10 09:07:26 ...
2022-10-10 09:07:26           ... (min/my/avg/max, bal) (3.64/3.64/3.64/3.64 s, 1.00) barrier(0.00 s) --- 
2022-10-10 09:07:26 Memory used on node 0 after initialization is  10.91GB
2022-10-10 09:07:26           ... (min/my/avg/max, bal) No-Time barrier(0.00 s) --- 
2022-10-10 09:07:26 Fraction of circulating T cells extravasating is 5.85938e-06
2022-10-10 09:07:26 # datetime                    step    incb       expr       apop       dead       tvas       ttis       chem       virs       chempts    %infct     <%active  lbln>
2022-10-10 09:07:26 [0] <main.cpp:141> WARNING: Time step 0: SUCCESSFUL initial infection at (7500, 7500, 0) after 0 tries
2022-10-10 09:07:26 [10/10/22 09:07:26    0.00s]: 0       1          0          0          0          0          0          0.00e+00   0.00e+00   1.00e+00   0.00       < 0.000 0.016 >
2022-10-10 09:07:26 [10/10/22 09:07:26    0.38s]: 662     419        104        0          0          0          0          1.23e-06   8.53e+03   2.15e+03   0.00       < 0.022 0.878 >
2022-10-10 09:07:27 [10/10/22 09:07:27    0.79s]: 1324    3378       1520       0          0          0          0          1.07e-05   1.77e+05   8.62e+03   0.00       < 0.034 0.877 >
2022-10-10 09:07:28 [10/10/22 09:07:28    1.08s]: 1986    8094       6672       0          357        0          0          4.09e-05   1.22e+06   2.16e+04   0.01       < 0.049 0.929 >
2022-10-10 09:07:29 [10/10/22 09:07:29    1.53s]: 2648    11786      14286      0          4440       0          0          8.83e-05   3.10e+06   3.86e+04   0.01       < 0.065 0.945 >
2022-10-10 09:07:31 [10/10/22 09:07:31    1.98s]: 3310    14814      21770      0          14053      0          0          1.34e-04   5.19e+06   5.99e+04   0.02       < 0.083 0.957 >
2022-10-10 09:07:34 [10/10/22 09:07:34    2.52s]: 3972    19034      28492      0          28881      0          0          1.77e-04   7.07e+06   8.86e+04   0.03       < 0.104 0.968 >
2022-10-10 09:07:37 [10/10/22 09:07:37    3.28s]: 4634    23546      35971      0          48766      0          0          2.24e-04   8.98e+06   1.23e+05   0.05       < 0.128 0.961 >
2022-10-10 09:07:41 [10/10/22 09:07:41    4.08s]: 5296    27167      43962      0          74021      0          0          2.73e-04   1.12e+07   1.62e+05   0.06       < 0.154 0.975 >
2022-10-10 09:07:46 [10/10/22 09:07:46    5.13s]: 5958    32096      51014      0          105343     0          0          3.20e-04   1.32e+07   2.10e+05   0.08       < 0.183 0.981 >
2022-10-10 09:07:53 [10/10/22 09:07:53    6.29s]: 6620    36636      59615      0          141817     0          0          3.73e-04   1.54e+07   2.60e+05   0.11       < 0.216 0.976 >
2022-10-10 09:08:01 [10/10/22 09:08:01    7.92s]: 7282    39869      68005      0          184530     0          0          4.25e-04   1.78e+07   3.16e+05   0.13       < 0.249 0.981 >
2022-10-10 09:08:10 [10/10/22 09:08:10    9.51s]: 7944    43846      74415      0          233792     0          0          4.67e-04   1.97e+07   3.77e+05   0.16       < 0.286 0.980 >
2022-10-10 09:08:21 [10/10/22 09:08:21   11.27s]: 8606    47884      82037      0          287650     0          0          5.13e-04   2.16e+07   4.46e+05   0.19       < 0.324 0.985 >
2022-10-10 09:08:34 [10/10/22 09:08:34   12.83s]: 9268    52176      89672      0          346918     0          0          5.62e-04   2.37e+07   5.22e+05   0.22       < 0.366 0.989 >
2022-10-10 09:08:49 [10/10/22 09:08:49   14.73s]: 9930    56571      97372      0          411866     0          0          6.14e-04   2.59e+07   6.01e+05   0.25       < 0.411 0.986 >
2022-10-10 09:09:06 [10/10/22 09:09:06   17.00s]: 10592   60003      105024     638        482499     51435082   136        6.62e-04   2.80e+07   6.83e+05   0.29       < 0.457 0.988 >
2022-10-10 09:09:25 [10/10/22 09:09:25   19.38s]: 11254   63110      107999     2884       561610     111508065  683        7.04e-04   2.97e+07   7.73e+05   0.33       < 0.506 0.986 >
2022-10-10 09:09:47 [10/10/22 09:09:47   21.60s]: 11916   66635      107205     5789       648775     165057724  1549       7.37e-04   3.04e+07   8.69e+05   0.37       < 0.557 0.988 >
2022-10-10 09:10:12 [10/10/22 09:10:12   25.07s]: 12578   70064      106397     8780       741565     212792543  2480       7.69e-04   3.08e+07   9.73e+05   0.41       < 0.612 0.989 >
2022-10-10 09:10:39 [10/10/22 09:10:39   27.38s]: 13240   74769      105721     11581      840765     255343891  3399       8.05e-04   3.11e+07   1.08e+06   0.46       < 0.665 0.989 >
2022-10-10 09:11:09 [10/10/22 09:11:09   29.94s]: 13902   76338      107729     13898      944047     293274493  4443       8.40e-04   3.21e+07   1.19e+06   0.51       < 0.715 0.982 >
2022-10-10 09:11:42 [10/10/22 09:11:42   32.38s]: 14564   79894      106522     16386      1054365    327086266  5466       8.67e-04   3.25e+07   1.31e+06   0.56       < 0.766 0.988 >
2022-10-10 09:12:17 [10/10/22 09:12:17   35.06s]: 15226   83226      105358     19280      1170153    357226052  6536       8.89e-04   3.26e+07   1.44e+06   0.61       < 0.817 0.988 >
2022-10-10 09:12:54 [10/10/22 09:12:54   37.20s]: 15888   86462      102412     21739      1293099    384092873  7562       9.14e-04   3.26e+07   1.56e+06   0.67       < 0.869 0.993 >
2022-10-10 09:13:35 [10/10/22 09:13:35   41.18s]: 16550   88804      104071     23345      1417797    408042133  8420       9.34e-04   3.29e+07   1.69e+06   0.73       < 0.919 0.992 >
2022-10-10 09:14:19 [10/10/22 09:14:19   44.01s]: 17212   92686      106187     24385      1547163    429390761  9282       9.62e-04   3.36e+07   1.83e+06   0.79       < 0.969 0.991 >
2022-10-10 09:15:05 [10/10/22 09:15:05   46.36s]: 17874   95600      106775     26723      1682572    448420789  10248      9.95e-04   3.44e+07   1.98e+06   0.85       < 1.018 0.991 >
2022-10-10 09:15:54 [10/10/22 09:15:54   48.81s]: 18536   99664      108181     27905      1822944    465384121  11065      1.02e-03   3.49e+07   2.13e+06   0.91       < 1.067 0.994 >
2022-10-10 09:16:46 [10/10/22 09:16:46   51.91s]: 19198   103305     111198     29439      1967504    480505273  11908      1.05e-03   3.60e+07   2.28e+06   0.98       < 1.117 0.995 >
2022-10-10 09:17:42 [10/10/22 09:17:42   55.95s]: 19860   105818     112637     31480      2119232    493984041  12663      1.09e-03   3.68e+07   2.44e+06   1.05       < 1.166 0.991 >
2022-10-10 09:18:41 [10/10/22 09:18:41   58.63s]: 20522   109979     114828     32670      2274935    505999121  13575      1.11e-03   3.75e+07   2.61e+06   1.13       < 1.215 0.992 >
2022-10-10 09:19:42 [10/10/22 09:19:42   61.02s]: 21184   114501     117549     34532      2436400    516709220  14386      1.15e-03   3.85e+07   2.78e+06   1.20       < 1.264 0.994 >
2022-10-10 09:20:45 [10/10/22 09:20:45   63.56s]: 21846   117524     117937     37007      2605225    526255946  15196      1.18e-03   3.96e+07   2.96e+06   1.28       < 1.314 0.992 >
2022-10-10 09:21:52 [10/10/22 09:21:52   66.21s]: 22508   119862     120012     37648      2779958    534765761  16095      1.20e-03   4.00e+07   3.14e+06   1.36       < 1.363 0.995 >
2022-10-10 09:23:00 [10/10/22 09:23:00   68.64s]: 23170   123000     122655     39222      2957112    542351284  16865      1.23e-03   4.09e+07   3.32e+06   1.44       < 1.411 0.994 >
2022-10-10 09:24:11 [10/10/22 09:24:11   71.17s]: 23832   126890     123211     41055      3140913    549112861  17554      1.26e-03   4.17e+07   3.52e+06   1.53       < 1.459 0.993 >
2022-10-10 09:25:25 [10/10/22 09:25:25   73.44s]: 24494   130144     124184     42175      3330558    555139886  18363      1.28e-03   4.21e+07   3.72e+06   1.61       < 1.509 0.994 >
2022-10-10 09:26:41 [10/10/22 09:26:41   76.08s]: 25156   134135     129762     43280      3522358    560512255  18988      1.32e-03   4.32e+07   3.93e+06   1.70       < 1.560 0.995 >
2022-10-10 09:28:00 [10/10/22 09:28:00   79.13s]: 25818   137608     132898     45643      3721609    565300721  19811      1.37e-03   4.48e+07   4.13e+06   1.79       < 1.610 0.995 >
2022-10-10 09:29:21 [10/10/22 09:29:21   81.43s]: 26480   142030     132782     46750      3930021    569569130  20681      1.39e-03   4.53e+07   4.35e+06   1.89       < 1.659 0.995 >
2022-10-10 09:30:46 [10/10/22 09:30:46   84.07s]: 27142   144931     135900     47498      4141475    573373832  21245      1.42e-03   4.61e+07   4.57e+06   1.99       < 1.708 0.995 >
2022-10-10 09:32:13 [10/10/22 09:32:13   87.34s]: 27804   148886     140222     48693      4355966    576765187  21816      1.46e-03   4.74e+07   4.80e+06   2.09       < 1.757 0.995 >
2022-10-10 09:33:42 [10/10/22 09:33:42   89.59s]: 28466   151814     142460     50847      4578659    579787702  22596      1.49e-03   4.85e+07   5.03e+06   2.19       < 1.806 0.996 >
2022-10-10 09:35:15 [10/10/22 09:35:15   92.05s]: 29128   154192     141464     52400      4810254    582481584  23700      1.51e-03   4.87e+07   5.27e+06   2.29       < 1.855 0.996 >
2022-10-10 09:36:50 [10/10/22 09:36:50   95.31s]: 29790   158800     144634     52793      5042242    584882901  24416      1.54e-03   4.94e+07   5.51e+06   2.40       < 1.906 0.996 >
2022-10-10 09:38:28 [10/10/22 09:38:28   98.47s]: 30452   164016     152650     53752      5275181    587023209  24765      1.60e-03   5.13e+07   5.76e+06   2.51       < 1.956 0.995 >
2022-10-10 09:40:09 [10/10/22 09:40:09  100.82s]: 31114   164698     156408     56429      5518474    588930957  25313      1.64e-03   5.34e+07   6.01e+06   2.62       < 2.005 0.994 >
2022-10-10 09:41:53 [10/10/22 09:41:53  103.55s]: 31776   169534     155765     56967      5770467    590631151  25997      1.65e-03   5.35e+07   6.27e+06   2.73       < 2.054 0.997 >
2022-10-10 09:43:39 [10/10/22 09:43:39  106.49s]: 32438   173172     158148     58719      6024997    592146401  26748      1.68e-03   5.43e+07   6.54e+06   2.85       < 2.103 0.996 >
2022-10-10 09:45:29 [10/10/22 09:45:29  109.76s]: 33100   176281     161537     60056      6284002    593496975  27482      1.72e-03   5.56e+07   6.81e+06   2.97       < 2.153 0.995 >
2022-10-10 09:45:32 [10/10/22 09:45:32    3.20s]: 33119   176395     161610     59909      6291697    593533437  27528      1.72e-03   5.56e+07   6.81e+06   2.97       < 2.154 0.995 >
2022-10-10 09:45:32  ---  main.cpp:generate tcells took  avg 0.01 s max 0.01 s balance 0.74  --- 
2022-10-10 09:45:32  ---  main.cpp:update circulating tcells took  avg 7.41 s max 7.92 s balance 0.93  --- 
2022-10-10 09:45:32  ---  main.cpp:update tcells took  avg 46.89 s max 51.49 s balance 0.91  --- 
2022-10-10 09:45:32  ---  main.cpp:update epicells took  avg 63.49 s max 65.37 s balance 0.97  --- 
2022-10-10 09:45:32  ---  main.cpp:update concentrations took  avg 630.71 s max 653.45 s balance 0.97  --- 
2022-10-10 09:45:32  ---  main.cpp:compute updates took  avg 1311.31 s max 1311.41 s balance 1.00  --- 
2022-10-10 09:45:32  ---  main.cpp:dispatch updates took  avg 573.52 s max 633.69 s balance 0.91  --- 
2022-10-10 09:45:32  ---  main.cpp:add new actives took  avg 29.19 s max 30.11 s balance 0.97  --- 
2022-10-10 09:45:32  ---  main.cpp:erase inactive took  avg 272.64 s max 278.42 s balance 0.98  --- 
2022-10-10 09:45:32  ---  main.cpp:sample took  avg 0.00 s max 0.00 s balance -nan  --- 
2022-10-10 09:45:32  ---  main.cpp:sample write took  avg 0.00 s max 0.00 s balance -nan  --- 
2022-10-10 09:45:32  ---  main.cpp:log took  avg 2.58 s max 2.59 s balance 1.00  --- 
2022-10-10 09:45:32 Finished 33120 time steps in 2286.5286 s (0.0690 s per step)
2022-10-10 09:45:32  --- Elapsed time for main.cpp:run_sim:  (exiting barrier) 2022-10-10 09:45:32 ...
2022-10-10 09:45:32           ... (min/my/avg/max, bal) (2286.53/2286.53/2286.53/2286.53 s, 1.00) barrier(0.00 s) --- 
2022-10-10 09:45:33 Peak memory used across all nodes: 23.50GB
2022-10-10 09:45:33 Finished in 2290.73 s at 10/10/22 09:45:33 for SimCov version 0.1.1.d78b099-dirty
