2022-10-10 09:02:21 SimCov version SimCov version 0.1.1.d78b099-dirty-master built on 20220926_142515
2022-10-10 09:02:21 _________________________
2022-10-10 09:02:21 Compiler definitions:
2022-10-10 09:02:21   _XOPEN_SOURCE=700
2022-10-10 09:02:21   CONFIG_USE_COLORS
2022-10-10 09:02:21   USE_BYTELL
2022-10-10 09:02:21   MAX_VIRIONS=125000
2022-10-10 09:02:21   MIN_VIRIONS=1e-10
2022-10-10 09:02:21   BLOCK_PARTITION
2022-10-10 09:02:21   MIN_BLOCKS_PER_PROC=1
2022-10-10 09:02:21   AVERAGE_SUBSAMPLE
2022-10-10 09:02:21 _________________________
2022-10-10 09:02:21 Options:
2022-10-10 09:02:21   dim =                         15000 15000 1
2022-10-10 09:02:21   whole-lung-dim =              48000 40000 20000
2022-10-10 09:02:21   timesteps =                   33120
2022-10-10 09:02:21   infection-coords =            uniform:1
2022-10-10 09:02:21   initial-infection =           1000
2022-10-10 09:02:21   incubation-period =           480
2022-10-10 09:02:21   apoptosis-period =            180
2022-10-10 09:02:21   expressing-period =           900
2022-10-10 09:02:21   infectivity =                 0.001
2022-10-10 09:02:21   infectivity-multiplier =      1.0
2022-10-10 09:02:21   virion-production =           1.1
2022-10-10 09:02:21   virion-production-multiplier = 1.0
2022-10-10 09:02:21   virion-clearance =            0.004
2022-10-10 09:02:21   virion-diffusion =            0.15
2022-10-10 09:02:21   chemokine-production =        1.0
2022-10-10 09:02:21   chemokine-decay =             0.01
2022-10-10 09:02:21   chemokine-diffusion =         0.007632
2022-10-10 09:02:21   min-chemokine =               1e-06
2022-10-10 09:02:21   antibody-factor =             1
2022-10-10 09:02:21   antibody-period =             5760
2022-10-10 09:02:21   tcell-generation-rate =       105000
2022-10-10 09:02:21   tcell-initial-delay =         10080
2022-10-10 09:02:21   tcell-vascular-period =       5760
2022-10-10 09:02:21   tcell-tissue-period =         1440
2022-10-10 09:02:21   tcell-binding-period =        10
2022-10-10 09:02:21   max-binding-prob =            1
2022-10-10 09:02:21   tcells-follow-gradient =      false
2022-10-10 09:02:21   seed =                        29
2022-10-10 09:02:21   sample-period =               0
2022-10-10 09:02:21   sample-resolution =           1
2022-10-10 09:02:21   max-block-dim =               10
2022-10-10 09:02:21   output =                      experiments/j-0.15_m-0.007632
2022-10-10 09:02:21 _________________________
2022-10-10 09:02:21 Starting run with 64 processes on 2 nodes at 10/10/22 09:02:21
2022-10-10 09:02:21 Pinned processes, with process 0 (pid 2095600) pinned to core 0
2022-10-10 09:02:21 Using block partitioning
2022-10-10 09:02:21 Initial free memory across all nodes: 162.98GB
2022-10-10 09:02:21 Starting with 81.67GB free on node 0
2022-10-10 09:02:21 Dividing 225000000 grid points into 3515625 squares of size 64 (8^2), with 54932 per process
2022-10-10 09:02:21 Total initial memory required per process is at least 281.63MB with each grid point requiring on average 84 bytes
2022-10-10 09:02:25  --- Elapsed time for tissue.cpp:Tissue:  (exiting barrier) 2022-10-10 09:02:25 ...
2022-10-10 09:02:25           ... (min/my/avg/max, bal) (3.53/3.53/3.53/3.53 s, 1.00) barrier(0.00 s) --- 
2022-10-10 09:02:25 Memory used on node 0 after initialization is  10.91GB
2022-10-10 09:02:25           ... (min/my/avg/max, bal) No-Time barrier(0.00 s) --- 
2022-10-10 09:02:25 Fraction of circulating T cells extravasating is 5.85938e-06
2022-10-10 09:02:25 # datetime                    step    incb       expr       apop       dead       tvas       ttis       chem       virs       chempts    %infct     <%active  lbln>
2022-10-10 09:02:25 [0] <main.cpp:141> WARNING: Time step 0: SUCCESSFUL initial infection at (7500, 7500, 0) after 0 tries
2022-10-10 09:02:25 [10/10/22 09:02:25    0.00s]: 0       1          0          0          0          0          0          0.00e+00   0.00e+00   1.00e+00   0.00       < 0.000 0.016 >
2022-10-10 09:02:25 [10/10/22 09:02:25    0.14s]: 662     157        73         0          0          0          0          3.64e-07   6.26e+03   4.25e+02   0.00       < 0.004 0.649 >
2022-10-10 09:02:25 [10/10/22 09:02:25    0.22s]: 1324    804        463        0          2          0          0          2.19e-06   6.78e+04   1.51e+03   0.00       < 0.006 0.768 >
2022-10-10 09:02:26 [10/10/22 09:02:26    0.28s]: 1986    1412       1457       0          187        0          0          7.08e-06   2.89e+05   3.43e+03   0.00       < 0.008 0.728 >
2022-10-10 09:02:26 [10/10/22 09:02:26    0.34s]: 2648    1918       2464       0          1161       0          0          1.24e-05   5.70e+05   6.07e+03   0.00       < 0.010 0.796 >
2022-10-10 09:02:26 [10/10/22 09:02:26    0.43s]: 3310    2432       3504       0          2881       0          0          1.79e-05   8.53e+05   9.60e+03   0.00       < 0.013 0.802 >
2022-10-10 09:02:27 [10/10/22 09:02:27    0.50s]: 3972    3023       4650       0          5302       0          0          2.38e-05   1.15e+06   1.38e+04   0.01       < 0.016 0.866 >
2022-10-10 09:02:28 [10/10/22 09:02:28    0.59s]: 4634    3713       5693       0          8525       0          0          2.93e-05   1.45e+06   1.90e+04   0.01       < 0.020 0.853 >
2022-10-10 09:02:28 [10/10/22 09:02:28    0.68s]: 5296    4202       6835       0          12599      0          0          3.51e-05   1.74e+06   2.48e+04   0.01       < 0.024 0.890 >
2022-10-10 09:02:29 [10/10/22 09:02:29    0.82s]: 5958    4921       7938       0          17448      0          0          4.10e-05   2.06e+06   3.16e+04   0.01       < 0.028 0.894 >
2022-10-10 09:02:30 [10/10/22 09:02:30    0.91s]: 6620    5403       9098       0          23154      0          0          4.70e-05   2.37e+06   3.93e+04   0.02       < 0.033 0.875 >
2022-10-10 09:02:31 [10/10/22 09:02:31    1.04s]: 7282    6094       10185      0          29723      0          0          5.27e-05   2.66e+06   4.74e+04   0.02       < 0.038 0.921 >
2022-10-10 09:02:32 [10/10/22 09:02:32    1.16s]: 7944    6738       11334      0          36976      0          0          5.88e-05   3.01e+06   5.70e+04   0.02       < 0.044 0.955 >
2022-10-10 09:02:33 [10/10/22 09:02:33    1.30s]: 8606    7390       12477      0          45283      0          0          6.47e-05   3.29e+06   6.71e+04   0.03       < 0.050 0.919 >
2022-10-10 09:02:35 [10/10/22 09:02:35    1.53s]: 9268    8094       13744      0          54275      0          0          7.10e-05   3.64e+06   7.81e+04   0.03       < 0.056 0.904 >
2022-10-10 09:02:37 [10/10/22 09:02:37    1.65s]: 9930    8625       14882      0          64296      0          0          7.70e-05   3.96e+06   8.99e+04   0.04       < 0.063 0.947 >
2022-10-10 09:02:38 [10/10/22 09:02:38    1.85s]: 10592   9266       15892      120        75170      51435268   24         8.31e-05   4.28e+06   1.03e+05   0.04       < 0.070 0.948 >
2022-10-10 09:02:40 [10/10/22 09:02:40    2.04s]: 11254   9585       16485      407        87190      111508790  83         8.80e-05   4.53e+06   1.16e+05   0.05       < 0.077 0.924 >
2022-10-10 09:02:43 [10/10/22 09:02:43    2.25s]: 11916   10186      16612      872        100125     165059219  209        9.17e-05   4.72e+06   1.31e+05   0.06       < 0.085 0.956 >
2022-10-10 09:02:45 [10/10/22 09:02:45    2.48s]: 12578   10584      16603      1261       114163     212795071  328        9.38e-05   4.79e+06   1.45e+05   0.06       < 0.093 0.951 >
2022-10-10 09:02:48 [10/10/22 09:02:48    2.74s]: 13240   11177      16063      1793       129141     255347673  448        9.46e-05   4.81e+06   1.61e+05   0.07       < 0.101 0.954 >
2022-10-10 09:02:51 [10/10/22 09:02:51    3.00s]: 13902   11642      16232      2211       144582     293279846  644        9.81e-05   4.89e+06   1.78e+05   0.08       < 0.108 0.964 >
2022-10-10 09:02:54 [10/10/22 09:02:54    3.32s]: 14564   12502      16706      2612       160590     327093152  770        1.02e-04   5.05e+06   1.96e+05   0.09       < 0.116 0.953 >
2022-10-10 09:02:58 [10/10/22 09:02:58    3.59s]: 15226   13027      17029      2876       177906     357234956  879        1.06e-04   5.26e+06   2.14e+05   0.09       < 0.124 0.966 >
2022-10-10 09:03:02 [10/10/22 09:03:02    3.97s]: 15888   13578      17278      3124       196057     384103869  1030       1.09e-04   5.39e+06   2.34e+05   0.10       < 0.132 0.976 >
2022-10-10 09:03:06 [10/10/22 09:03:06    4.14s]: 16550   13997      17812      3430       214957     408055266  1202       1.12e-04   5.58e+06   2.54e+05   0.11       < 0.140 0.960 >
2022-10-10 09:03:10 [10/10/22 09:03:10    4.47s]: 17212   14383      17321      3842       235261     429405994  1316       1.14e-04   5.63e+06   2.75e+05   0.12       < 0.148 0.947 >
2022-10-10 09:03:15 [10/10/22 09:03:15    4.76s]: 17874   14837      17541      4058       255718     448438381  1374       1.16e-04   5.65e+06   2.97e+05   0.13       < 0.155 0.969 >
2022-10-10 09:03:20 [10/10/22 09:03:20    4.97s]: 18536   15144      17495      4537       276991     465404143  1477       1.18e-04   5.73e+06   3.18e+05   0.14       < 0.162 0.966 >
2022-10-10 09:03:25 [10/10/22 09:03:25    5.26s]: 19198   15549      17738      4435       299066     480527785  1534       1.19e-04   5.77e+06   3.42e+05   0.15       < 0.170 0.947 >
2022-10-10 09:03:31 [10/10/22 09:03:31    5.46s]: 19860   16342      17996      4829       321376     494009287  1670       1.22e-04   5.90e+06   3.65e+05   0.16       < 0.177 0.974 >
2022-10-10 09:03:37 [10/10/22 09:03:37    5.71s]: 20522   17065      18640      5065       344542     506026854  1825       1.27e-04   6.13e+06   3.90e+05   0.17       < 0.185 0.964 >
2022-10-10 09:03:43 [10/10/22 09:03:43    6.02s]: 21184   17607      18565      5377       369274     516739349  1944       1.28e-04   6.23e+06   4.16e+05   0.18       < 0.193 0.955 >
2022-10-10 09:03:49 [10/10/22 09:03:49    6.25s]: 21846   17770      18319      5557       395020     526288820  2057       1.29e-04   6.23e+06   4.42e+05   0.19       < 0.200 0.978 >
2022-10-10 09:03:55 [10/10/22 09:03:55    6.58s]: 22508   18313      18353      5895       420871     534801256  2150       1.31e-04   6.28e+06   4.69e+05   0.21       < 0.207 0.960 >
2022-10-10 09:04:03 [10/10/22 09:04:03    7.09s]: 23170   18720      19330      6039       446998     542389293  2263       1.36e-04   6.47e+06   4.96e+05   0.22       < 0.214 0.960 >
2022-10-10 09:04:10 [10/10/22 09:04:10    7.29s]: 23832   19654      19451      5999       474547     549153357  2326       1.37e-04   6.57e+06   5.25e+05   0.23       < 0.221 0.975 >
2022-10-10 09:04:18 [10/10/22 09:04:18    7.71s]: 24494   19930      20677      6316       501935     555183073  2409       1.44e-04   6.87e+06   5.55e+05   0.24       < 0.229 0.957 >
2022-10-10 09:04:26 [10/10/22 09:04:26    8.01s]: 25156   20517      20708      6365       531154     560558101  2529       1.47e-04   7.04e+06   5.85e+05   0.26       < 0.236 0.969 >
2022-10-10 09:04:34 [10/10/22 09:04:34    8.30s]: 25818   21487      21485      6663       560511     565349458  2624       1.51e-04   7.23e+06   6.16e+05   0.27       < 0.244 0.980 >
2022-10-10 09:04:42 [10/10/22 09:04:42    8.63s]: 26480   22053      21725      7187       591534     569620456  2701       1.56e-04   7.44e+06   6.49e+05   0.29       < 0.251 0.963 >
2022-10-10 09:04:51 [10/10/22 09:04:51    8.89s]: 27142   22482      22564      7157       623003     573427663  2784       1.60e-04   7.62e+06   6.82e+05   0.30       < 0.259 0.963 >
2022-10-10 09:05:02 [10/10/22 09:05:02   11.02s]: 27804   22812      23315      7527       655289     576821388  2899       1.65e-04   7.87e+06   7.15e+05   0.32       < 0.266 0.978 >
2022-10-10 09:05:12 [10/10/22 09:05:12    9.73s]: 28466   23241      22883      8009       689139     579846498  3007       1.66e-04   7.98e+06   7.50e+05   0.33       < 0.274 0.971 >
2022-10-10 09:05:22 [10/10/22 09:05:22   10.23s]: 29128   24065      22989      7870       723449     582543458  3104       1.68e-04   7.97e+06   7.86e+05   0.35       < 0.281 0.974 >
2022-10-10 09:05:33 [10/10/22 09:05:33   10.56s]: 29790   24157      24420      7961       757837     584947386  3232       1.73e-04   8.18e+06   8.22e+05   0.36       < 0.289 0.967 >
2022-10-10 09:05:44 [10/10/22 09:05:44   10.87s]: 30452   24815      24149      8374       793739     587090095  3314       1.75e-04   8.39e+06   8.59e+05   0.38       < 0.297 0.971 >
2022-10-10 09:05:55 [10/10/22 09:05:55   11.18s]: 31114   25637      24446      8574       830558     589000250  3342       1.78e-04   8.42e+06   8.97e+05   0.40       < 0.305 0.966 >
2022-10-10 09:06:07 [10/10/22 09:06:07   11.54s]: 31776   26133      24991      8900       867896     590702901  3485       1.82e-04   8.62e+06   9.36e+05   0.41       < 0.312 0.977 >
2022-10-10 09:06:18 [10/10/22 09:06:18   11.92s]: 32438   26324      24926      9232       906451     592220762  3600       1.83e-04   8.75e+06   9.75e+05   0.43       < 0.320 0.967 >
2022-10-10 09:06:31 [10/10/22 09:06:31   12.14s]: 33100   26808      24660      9005       946329     593573539  3782       1.83e-04   8.63e+06   1.01e+06   0.45       < 0.327 0.982 >
2022-10-10 09:06:31 [10/10/22 09:06:31    0.35s]: 33119   26919      24609      9022       947444     593610136  3769       1.82e-04   8.63e+06   1.02e+06   0.45       < 0.327 0.981 >
2022-10-10 09:06:31  ---  main.cpp:generate tcells took  avg 0.00 s max 0.01 s balance 0.72  --- 
2022-10-10 09:06:31  ---  main.cpp:update circulating tcells took  avg 7.18 s max 7.58 s balance 0.95  --- 
2022-10-10 09:06:31  ---  main.cpp:update tcells took  avg 4.63 s max 5.20 s balance 0.89  --- 
2022-10-10 09:06:31  ---  main.cpp:update epicells took  avg 9.34 s max 9.67 s balance 0.97  --- 
2022-10-10 09:06:31  ---  main.cpp:update concentrations took  avg 48.11 s max 49.78 s balance 0.97  --- 
2022-10-10 09:06:31  ---  main.cpp:compute updates took  avg 135.15 s max 135.16 s balance 1.00  --- 
2022-10-10 09:06:31  ---  main.cpp:dispatch updates took  avg 60.65 s max 67.71 s balance 0.90  --- 
2022-10-10 09:06:31  ---  main.cpp:add new actives took  avg 3.73 s max 3.88 s balance 0.96  --- 
2022-10-10 09:06:31  ---  main.cpp:erase inactive took  avg 28.98 s max 30.09 s balance 0.96  --- 
2022-10-10 09:06:31  ---  main.cpp:sample took  avg 0.00 s max 0.00 s balance -nan  --- 
2022-10-10 09:06:31  ---  main.cpp:sample write took  avg 0.00 s max 0.00 s balance -nan  --- 
2022-10-10 09:06:31  ---  main.cpp:log took  avg 3.80 s max 3.81 s balance 1.00  --- 
2022-10-10 09:06:31 Finished 33120 time steps in 245.8961 s (0.0074 s per step)
2022-10-10 09:06:31  --- Elapsed time for main.cpp:run_sim:  (exiting barrier) 2022-10-10 09:06:31 ...
2022-10-10 09:06:31           ... (min/my/avg/max, bal) (245.90/245.90/245.90/245.90 s, 1.00) barrier(0.00 s) --- 
2022-10-10 09:06:31 Peak memory used across all nodes: 22.10GB
2022-10-10 09:06:31 Finished in 249.65 s at 10/10/22 09:06:31 for SimCov version 0.1.1.d78b099-dirty
