2022-10-10 08:59:21 SimCov version SimCov version 0.1.1.d78b099-dirty-master built on 20220926_142515
2022-10-10 08:59:21 _________________________
2022-10-10 08:59:21 Compiler definitions:
2022-10-10 08:59:21   _XOPEN_SOURCE=700
2022-10-10 08:59:21   CONFIG_USE_COLORS
2022-10-10 08:59:21   USE_BYTELL
2022-10-10 08:59:21   MAX_VIRIONS=125000
2022-10-10 08:59:21   MIN_VIRIONS=1e-10
2022-10-10 08:59:21   BLOCK_PARTITION
2022-10-10 08:59:21   MIN_BLOCKS_PER_PROC=1
2022-10-10 08:59:21   AVERAGE_SUBSAMPLE
2022-10-10 08:59:21 _________________________
2022-10-10 08:59:21 Options:
2022-10-10 08:59:21   dim =                         15000 15000 1
2022-10-10 08:59:21   whole-lung-dim =              48000 40000 20000
2022-10-10 08:59:21   timesteps =                   33120
2022-10-10 08:59:21   infection-coords =            uniform:1
2022-10-10 08:59:21   initial-infection =           1000
2022-10-10 08:59:21   incubation-period =           480
2022-10-10 08:59:21   apoptosis-period =            180
2022-10-10 08:59:21   expressing-period =           900
2022-10-10 08:59:21   infectivity =                 0.001
2022-10-10 08:59:21   infectivity-multiplier =      1.0
2022-10-10 08:59:21   virion-production =           1.1
2022-10-10 08:59:21   virion-production-multiplier = 1.0
2022-10-10 08:59:21   virion-clearance =            0.004
2022-10-10 08:59:21   virion-diffusion =            0.002049
2022-10-10 08:59:21   chemokine-production =        1.0
2022-10-10 08:59:21   chemokine-decay =             0.01
2022-10-10 08:59:21   chemokine-diffusion =         0.007632
2022-10-10 08:59:21   min-chemokine =               1e-06
2022-10-10 08:59:21   antibody-factor =             1
2022-10-10 08:59:21   antibody-period =             5760
2022-10-10 08:59:21   tcell-generation-rate =       105000
2022-10-10 08:59:21   tcell-initial-delay =         10080
2022-10-10 08:59:21   tcell-vascular-period =       5760
2022-10-10 08:59:21   tcell-tissue-period =         1440
2022-10-10 08:59:21   tcell-binding-period =        10
2022-10-10 08:59:21   max-binding-prob =            1
2022-10-10 08:59:21   tcells-follow-gradient =      false
2022-10-10 08:59:21   seed =                        29
2022-10-10 08:59:21   sample-period =               0
2022-10-10 08:59:21   sample-resolution =           1
2022-10-10 08:59:21   max-block-dim =               10
2022-10-10 08:59:21   output =                      experiments/j-0.002049_m-0.007632
2022-10-10 08:59:21 _________________________
2022-10-10 08:59:21 Starting run with 64 processes on 2 nodes at 10/10/22 08:59:21
2022-10-10 08:59:21 Pinned processes, with process 0 (pid 2018884) pinned to core 0
2022-10-10 08:59:21 Using block partitioning
2022-10-10 08:59:21 Initial free memory across all nodes: 164.89GB
2022-10-10 08:59:21 Starting with 82.20GB free on node 0
2022-10-10 08:59:21 Dividing 225000000 grid points into 3515625 squares of size 64 (8^2), with 54932 per process
2022-10-10 08:59:21 Total initial memory required per process is at least 281.63MB with each grid point requiring on average 84 bytes
2022-10-10 08:59:25  --- Elapsed time for tissue.cpp:Tissue:  (exiting barrier) 2022-10-10 08:59:25 ...
2022-10-10 08:59:25           ... (min/my/avg/max, bal) (3.45/3.45/3.45/3.45 s, 1.00) barrier(0.00 s) --- 
2022-10-10 08:59:25 Memory used on node 0 after initialization is  10.90GB
2022-10-10 08:59:25           ... (min/my/avg/max, bal) No-Time barrier(0.00 s) --- 
2022-10-10 08:59:25 Fraction of circulating T cells extravasating is 5.85938e-06
2022-10-10 08:59:25 # datetime                    step    incb       expr       apop       dead       tvas       ttis       chem       virs       chempts    %infct     <%active  lbln>
2022-10-10 08:59:25 [0] <main.cpp:141> WARNING: Time step 0: SUCCESSFUL initial infection at (7500, 7500, 0) after 0 tries
2022-10-10 08:59:25 [10/10/22 08:59:25    0.00s]: 0       1          0          0          0          0          0          0.00e+00   0.00e+00   1.00e+00   0.00       < 0.000 0.016 >
2022-10-10 08:59:25 [10/10/22 08:59:25    0.10s]: 662     13         9          0          0          0          0          4.61e-08   7.29e+02   9.30e+01   0.00       < 0.000 0.071 >
2022-10-10 08:59:25 [10/10/22 08:59:25    0.12s]: 1324    21         29         0          0          0          0          1.45e-07   5.65e+03   1.87e+02   0.00       < 0.000 0.097 >
2022-10-10 08:59:25 [10/10/22 08:59:25    0.12s]: 1986    36         38         0          21         0          0          2.16e-07   9.13e+03   2.54e+02   0.00       < 0.000 0.127 >
2022-10-10 08:59:25 [10/10/22 08:59:25    0.12s]: 2648    47         60         0          50         0          0          3.36e-07   1.43e+04   3.50e+02   0.00       < 0.000 0.156 >
2022-10-10 08:59:25 [10/10/22 08:59:25    0.12s]: 3310    63         74         0          91         0          0          4.36e-07   2.01e+04   4.66e+02   0.00       < 0.000 0.189 >
2022-10-10 08:59:26 [10/10/22 08:59:26    0.13s]: 3972    74         100        0          149        0          0          5.66e-07   2.54e+04   5.98e+02   0.00       < 0.000 0.229 >
2022-10-10 08:59:26 [10/10/22 08:59:26    0.13s]: 4634    75         127        0          224        0          0          7.28e-07   3.27e+04   7.39e+02   0.00       < 0.001 0.277 >
2022-10-10 08:59:26 [10/10/22 08:59:26    0.13s]: 5296    94         149        0          312        0          0          8.42e-07   3.82e+04   9.01e+02   0.00       < 0.001 0.325 >
2022-10-10 08:59:26 [10/10/22 08:59:26    0.13s]: 5958    106        177        0          417        0          0          9.87e-07   4.52e+04   1.10e+03   0.00       < 0.001 0.380 >
2022-10-10 08:59:26 [10/10/22 08:59:26    0.13s]: 6620    107        195        0          546        0          0          1.11e-06   5.12e+04   1.28e+03   0.00       < 0.001 0.439 >
2022-10-10 08:59:26 [10/10/22 08:59:26    0.13s]: 7282    120        216        0          687        0          0          1.24e-06   5.57e+04   1.50e+03   0.00       < 0.001 0.495 >
2022-10-10 08:59:26 [10/10/22 08:59:26    0.13s]: 7944    127        251        0          833        0          0          1.41e-06   6.34e+04   1.73e+03   0.00       < 0.001 0.562 >
2022-10-10 08:59:26 [10/10/22 08:59:26    0.13s]: 8606    139        265        0          1009       0          0          1.52e-06   6.99e+04   1.96e+03   0.00       < 0.001 0.631 >
2022-10-10 08:59:27 [10/10/22 08:59:27    0.14s]: 9268    169        279        0          1194       0          0          1.60e-06   7.40e+04   2.22e+03   0.00       < 0.001 0.619 >
2022-10-10 08:59:27 [10/10/22 08:59:27    0.14s]: 9930    181        302        0          1394       0          0          1.74e-06   8.14e+04   2.49e+03   0.00       < 0.001 0.580 >
2022-10-10 08:59:27 [10/10/22 08:59:27    0.16s]: 10592   196        318        0          1623       51435325   0          1.85e-06   8.58e+04   2.81e+03   0.00       < 0.002 0.524 >
2022-10-10 08:59:27 [10/10/22 08:59:27    0.20s]: 11254   194        340        6          1859       111508714  1          1.98e-06   9.33e+04   3.10e+03   0.00       < 0.002 0.503 >
2022-10-10 08:59:27 [10/10/22 08:59:27    0.23s]: 11916   203        343        12         2127       165059285  4          2.05e-06   9.57e+04   3.42e+03   0.00       < 0.002 0.519 >
2022-10-10 08:59:28 [10/10/22 08:59:28    0.26s]: 12578   202        289        30         2459       212795334  13         1.92e-06   9.08e+04   3.75e+03   0.00       < 0.002 0.562 >
2022-10-10 08:59:28 [10/10/22 08:59:28    0.28s]: 13240   155        198        86         2813       255348084  23         1.62e-06   7.71e+04   4.06e+03   0.00       < 0.002 0.599 >
2022-10-10 08:59:28 [10/10/22 08:59:28    0.31s]: 13902   148        102        71         3193       293280396  32         9.98e-07   4.97e+04   4.33e+03   0.00       < 0.002 0.640 >
2022-10-10 08:59:28 [10/10/22 08:59:28    0.33s]: 14564   104        105        43         3483       327094239  37         7.76e-07   3.33e+04   4.55e+03   0.00       < 0.002 0.665 >
2022-10-10 08:59:29 [10/10/22 08:59:29    0.35s]: 15226   110        79         39         3696       357236476  37         6.41e-07   2.91e+04   4.69e+03   0.00       < 0.003 0.691 >
2022-10-10 08:59:29 [10/10/22 08:59:29    0.37s]: 15888   92         54         47         3905       384105658  40         5.14e-07   2.33e+04   4.86e+03   0.00       < 0.003 0.639 >
2022-10-10 08:59:30 [10/10/22 08:59:30    0.38s]: 16550   68         34         55         4097       408057483  34         3.99e-07   1.69e+04   4.97e+03   0.00       < 0.003 0.562 >
2022-10-10 08:59:30 [10/10/22 08:59:30    0.39s]: 17212   58         14         34         4273       429408519  35         2.20e-07   1.00e+04   5.00e+03   0.00       < 0.003 0.528 >
2022-10-10 08:59:30 [10/10/22 08:59:30    0.40s]: 17874   58         24         23         4381       448441208  34         2.21e-07   8.18e+03   5.07e+03   0.00       < 0.003 0.494 >
2022-10-10 08:59:31 [10/10/22 08:59:31    0.41s]: 18536   68         12         35         4504       465407395  33         1.48e-07   7.60e+03   5.18e+03   0.00       < 0.003 0.491 >
2022-10-10 08:59:31 [10/10/22 08:59:31    0.41s]: 19198   49         35         26         4607       480531304  25         3.02e-07   1.04e+04   5.28e+03   0.00       < 0.003 0.486 >
2022-10-10 08:59:32 [10/10/22 08:59:32    0.41s]: 19860   70         23         17         4721       494013166  20         2.22e-07   9.79e+03   5.43e+03   0.00       < 0.003 0.485 >
2022-10-10 08:59:32 [10/10/22 08:59:32    0.42s]: 20522   68         20         41         4832       506031006  28         2.95e-07   1.07e+04   5.61e+03   0.00       < 0.003 0.491 >
2022-10-10 08:59:32 [10/10/22 08:59:32    0.42s]: 21184   57         18         41         4975       516744243  33         2.31e-07   7.93e+03   5.74e+03   0.00       < 0.003 0.518 >
2022-10-10 08:59:33 [10/10/22 08:59:33    0.42s]: 21846   63         26         35         5108       526293968  23         2.44e-07   7.91e+03   5.88e+03   0.00       < 0.003 0.511 >
2022-10-10 08:59:33 [10/10/22 08:59:33    0.43s]: 22508   62         30         23         5231       534806854  36         2.74e-07   1.01e+04   6.03e+03   0.00       < 0.003 0.498 >
2022-10-10 08:59:34 [10/10/22 08:59:34    0.43s]: 23170   76         35         46         5339       542395465  36         3.77e-07   1.42e+04   6.20e+03   0.00       < 0.003 0.499 >
2022-10-10 08:59:34 [10/10/22 08:59:34    0.42s]: 23832   53         10         29         5535       549160061  31         1.45e-07   7.38e+03   6.30e+03   0.00       < 0.002 0.491 >
2022-10-10 08:59:35 [10/10/22 08:59:35    0.43s]: 24494   65         15         41         5643       555189938  32         1.99e-07   7.21e+03   6.49e+03   0.00       < 0.002 0.490 >
2022-10-10 08:59:35 [10/10/22 08:59:35    0.43s]: 25156   90         27         24         5762       560565190  27         2.58e-07   9.52e+03   6.62e+03   0.00       < 0.002 0.506 >
2022-10-10 08:59:35 [10/10/22 08:59:35    0.43s]: 25818   91         53         21         5887       565356862  34         3.82e-07   1.50e+04   6.85e+03   0.00       < 0.002 0.527 >
2022-10-10 08:59:36 [10/10/22 08:59:36    0.44s]: 26480   76         27         43         6050       569628212  45         3.12e-07   1.52e+04   6.85e+03   0.00       < 0.003 0.558 >
2022-10-10 08:59:36 [10/10/22 08:59:36    0.44s]: 27142   46         24         34         6199       573435802  39         2.40e-07   1.07e+04   6.84e+03   0.00       < 0.003 0.566 >
2022-10-10 08:59:37 [10/10/22 08:59:37    0.43s]: 27804   30         6          19         6326       576830041  29         1.06e-07   5.51e+03   6.76e+03   0.00       < 0.003 0.580 >
2022-10-10 08:59:37 [10/10/22 08:59:37    0.43s]: 28466   33         13         15         6381       579855627  21         1.64e-07   6.24e+03   6.79e+03   0.00       < 0.002 0.678 >
2022-10-10 08:59:38 [10/10/22 08:59:38    0.42s]: 29128   40         22         10         6448       582552629  16         1.39e-07   4.71e+03   6.86e+03   0.00       < 0.002 0.647 >
2022-10-10 08:59:38 [10/10/22 08:59:38    0.43s]: 29790   41         24         30         6496       584956888  15         2.70e-07   9.81e+03   7.01e+03   0.00       < 0.002 0.614 >
2022-10-10 08:59:38 [10/10/22 08:59:38    0.43s]: 30452   52         13         28         6598       587100160  14         1.61e-07   7.14e+03   7.12e+03   0.00       < 0.002 0.528 >
2022-10-10 08:59:39 [10/10/22 08:59:39    0.44s]: 31114   41         24         32         6683       589010669  20         2.50e-07   9.00e+03   7.25e+03   0.00       < 0.002 0.421 >
2022-10-10 08:59:39 [10/10/22 08:59:39    0.46s]: 31776   41         29         18         6777       590713662  23         2.25e-07   7.86e+03   7.32e+03   0.00       < 0.002 0.334 >
2022-10-10 08:59:40 [10/10/22 08:59:40    0.47s]: 32438   69         41         23         6839       592231783  21         3.42e-07   1.25e+04   7.48e+03   0.00       < 0.002 0.315 >
2022-10-10 08:59:40 [10/10/22 08:59:40    0.48s]: 33100   59         42         36         6958       593585035  30         3.94e-07   1.55e+04   7.55e+03   0.00       < 0.002 0.320 >
2022-10-10 08:59:40 [10/10/22 08:59:40    0.01s]: 33119   56         42         33         6965       593621625  29         3.92e-07   1.55e+04   7.55e+03   0.00       < 0.002 0.320 >
2022-10-10 08:59:40  ---  main.cpp:generate tcells took  avg 0.00 s max 0.00 s balance 0.90  --- 
2022-10-10 08:59:40  ---  main.cpp:update circulating tcells took  avg 6.18 s max 6.65 s balance 0.93  --- 
2022-10-10 08:59:40  ---  main.cpp:update tcells took  avg 0.08 s max 0.11 s balance 0.72  --- 
2022-10-10 08:59:40  ---  main.cpp:update epicells took  avg 0.12 s max 0.18 s balance 0.67  --- 
2022-10-10 08:59:40  ---  main.cpp:update concentrations took  avg 0.34 s max 0.48 s balance 0.71  --- 
2022-10-10 08:59:40  ---  main.cpp:compute updates took  avg 9.02 s max 9.03 s balance 1.00  --- 
2022-10-10 08:59:40  ---  main.cpp:dispatch updates took  avg 1.78 s max 2.48 s balance 0.72  --- 
2022-10-10 08:59:40  ---  main.cpp:add new actives took  avg 0.03 s max 0.05 s balance 0.73  --- 
2022-10-10 08:59:40  ---  main.cpp:erase inactive took  avg 0.25 s max 0.36 s balance 0.71  --- 
2022-10-10 08:59:40  ---  main.cpp:sample took  avg 0.00 s max 0.00 s balance -nan  --- 
2022-10-10 08:59:40  ---  main.cpp:sample write took  avg 0.00 s max 0.00 s balance -nan  --- 
2022-10-10 08:59:40  ---  main.cpp:log took  avg 1.31 s max 1.32 s balance 1.00  --- 
2022-10-10 08:59:40 Finished 33120 time steps in 15.5324 s (0.0005 s per step)
2022-10-10 08:59:40  --- Elapsed time for main.cpp:run_sim:  (exiting barrier) 2022-10-10 08:59:40 ...
2022-10-10 08:59:40           ... (min/my/avg/max, bal) (15.53/15.53/15.53/15.53 s, 1.00) barrier(0.00 s) --- 
2022-10-10 08:59:40 Peak memory used across all nodes: 21.83GB
2022-10-10 08:59:40 Finished in 19.12 s at 10/10/22 08:59:40 for SimCov version 0.1.1.d78b099-dirty
