2022-10-10 08:58:22 SimCov version SimCov version 0.1.1.d78b099-dirty-master built on 20220926_142515
2022-10-10 08:58:22 _________________________
2022-10-10 08:58:22 Compiler definitions:
2022-10-10 08:58:22   _XOPEN_SOURCE=700
2022-10-10 08:58:22   CONFIG_USE_COLORS
2022-10-10 08:58:22   USE_BYTELL
2022-10-10 08:58:22   MAX_VIRIONS=125000
2022-10-10 08:58:22   MIN_VIRIONS=1e-10
2022-10-10 08:58:22   BLOCK_PARTITION
2022-10-10 08:58:22   MIN_BLOCKS_PER_PROC=1
2022-10-10 08:58:22   AVERAGE_SUBSAMPLE
2022-10-10 08:58:22 _________________________
2022-10-10 08:58:22 Options:
2022-10-10 08:58:22   dim =                         15000 15000 1
2022-10-10 08:58:22   whole-lung-dim =              48000 40000 20000
2022-10-10 08:58:22   timesteps =                   33120
2022-10-10 08:58:22   infection-coords =            uniform:1
2022-10-10 08:58:22   initial-infection =           1000
2022-10-10 08:58:22   incubation-period =           480
2022-10-10 08:58:22   apoptosis-period =            180
2022-10-10 08:58:22   expressing-period =           900
2022-10-10 08:58:22   infectivity =                 0.001
2022-10-10 08:58:22   infectivity-multiplier =      1.0
2022-10-10 08:58:22   virion-production =           1.1
2022-10-10 08:58:22   virion-production-multiplier = 1.0
2022-10-10 08:58:22   virion-clearance =            0.004
2022-10-10 08:58:22   virion-diffusion =            0.0007632
2022-10-10 08:58:22   chemokine-production =        1.0
2022-10-10 08:58:22   chemokine-decay =             0.01
2022-10-10 08:58:22   chemokine-diffusion =         0.763
2022-10-10 08:58:22   min-chemokine =               1e-06
2022-10-10 08:58:22   antibody-factor =             1
2022-10-10 08:58:22   antibody-period =             5760
2022-10-10 08:58:22   tcell-generation-rate =       105000
2022-10-10 08:58:22   tcell-initial-delay =         10080
2022-10-10 08:58:22   tcell-vascular-period =       5760
2022-10-10 08:58:22   tcell-tissue-period =         1440
2022-10-10 08:58:22   tcell-binding-period =        10
2022-10-10 08:58:22   max-binding-prob =            1
2022-10-10 08:58:22   tcells-follow-gradient =      false
2022-10-10 08:58:22   seed =                        29
2022-10-10 08:58:22   sample-period =               0
2022-10-10 08:58:22   sample-resolution =           1
2022-10-10 08:58:22   max-block-dim =               10
2022-10-10 08:58:22   output =                      experiments/j-0.0007632_m-0.763
2022-10-10 08:58:22 _________________________
2022-10-10 08:58:22 Starting run with 64 processes on 2 nodes at 10/10/22 08:58:22
2022-10-10 08:58:22 Pinned processes, with process 0 (pid 1938089) pinned to core 0
2022-10-10 08:58:22 Using block partitioning
2022-10-10 08:58:22 Initial free memory across all nodes: 165.63GB
2022-10-10 08:58:22 Starting with 82.75GB free on node 0
2022-10-10 08:58:22 Dividing 225000000 grid points into 3515625 squares of size 64 (8^2), with 54932 per process
2022-10-10 08:58:22 Total initial memory required per process is at least 281.63MB with each grid point requiring on average 84 bytes
2022-10-10 08:58:26  --- Elapsed time for tissue.cpp:Tissue:  (exiting barrier) 2022-10-10 08:58:26 ...
2022-10-10 08:58:26           ... (min/my/avg/max, bal) (3.51/3.51/3.51/3.52 s, 1.00) barrier(0.00 s) --- 
2022-10-10 08:58:26 Memory used on node 0 after initialization is  10.90GB
2022-10-10 08:58:26           ... (min/my/avg/max, bal) No-Time barrier(0.00 s) --- 
2022-10-10 08:58:26 Fraction of circulating T cells extravasating is 5.85938e-06
2022-10-10 08:58:26 # datetime                    step    incb       expr       apop       dead       tvas       ttis       chem       virs       chempts    %infct     <%active  lbln>
2022-10-10 08:58:26 [0] <main.cpp:141> WARNING: Time step 0: SUCCESSFUL initial infection at (7500, 7500, 0) after 0 tries
2022-10-10 08:58:26 [10/10/22 08:58:26    0.00s]: 0       1          0          0          0          0          0          0.00e+00   0.00e+00   1.00e+00   0.00       < 0.000 0.016 >
2022-10-10 08:58:26 [10/10/22 08:58:26    0.11s]: 662     5          7          0          0          0          0          3.08e-07   5.47e+02   4.25e+03   0.00       < 0.002 0.519 >
2022-10-10 08:58:26 [10/10/22 08:58:26    0.17s]: 1324    15         14         0          0          0          0          5.20e-07   2.90e+03   8.53e+03   0.00       < 0.004 0.601 >
2022-10-10 08:58:26 [10/10/22 08:58:26    0.19s]: 1986    17         24         0          9          0          0          7.73e-07   5.35e+03   9.16e+03   0.00       < 0.004 0.573 >
2022-10-10 08:58:26 [10/10/22 08:58:26    0.20s]: 2648    17         31         0          28         0          0          1.02e-06   7.29e+03   9.66e+03   0.00       < 0.004 0.590 >
2022-10-10 08:58:27 [10/10/22 08:58:27    0.21s]: 3310    35         32         0          50         0          0          1.23e-06   9.71e+03   1.03e+04   0.00       < 0.005 0.628 >
2022-10-10 08:58:27 [10/10/22 08:58:27    0.21s]: 3972    32         50         0          75         0          0          1.57e-06   1.26e+04   1.08e+04   0.00       < 0.005 0.658 >
2022-10-10 08:58:27 [10/10/22 08:58:27    0.21s]: 4634    37         59         0          115        0          0          1.91e-06   1.56e+04   1.14e+04   0.00       < 0.005 0.695 >
2022-10-10 08:58:27 [10/10/22 08:58:27    0.22s]: 5296    53         65         0          156        0          0          2.19e-06   1.87e+04   1.19e+04   0.00       < 0.005 0.728 >
2022-10-10 08:58:28 [10/10/22 08:58:28    0.23s]: 5958    46         87         0          209        0          0          2.60e-06   2.14e+04   1.24e+04   0.00       < 0.006 0.756 >
2022-10-10 08:58:28 [10/10/22 08:58:28    0.23s]: 6620    43         104        0          268        0          0          2.95e-06   2.61e+04   1.30e+04   0.00       < 0.006 0.792 >
2022-10-10 08:58:28 [10/10/22 08:58:28    0.23s]: 7282    59         105        0          334        0          0          3.24e-06   2.77e+04   1.36e+04   0.00       < 0.006 0.829 >
2022-10-10 08:58:28 [10/10/22 08:58:28    0.24s]: 7944    63         120        0          412        0          0          3.59e-06   2.91e+04   1.41e+04   0.00       < 0.006 0.839 >
2022-10-10 08:58:28 [10/10/22 08:58:28    0.26s]: 8606    77         124        0          493        0          0          3.95e-06   3.30e+04   1.46e+04   0.00       < 0.006 0.802 >
2022-10-10 08:58:29 [10/10/22 08:58:29    0.26s]: 9268    86         134        0          589        0          0          4.29e-06   3.54e+04   1.51e+04   0.00       < 0.007 0.776 >
2022-10-10 08:58:29 [10/10/22 08:58:29    0.27s]: 9930    91         154        0          687        0          0          4.74e-06   4.07e+04   1.58e+04   0.00       < 0.007 0.784 >
2022-10-10 08:58:29 [10/10/22 08:58:29    0.30s]: 10592   80         175        0          796        51435227   5          5.12e-06   4.50e+04   1.63e+04   0.00       < 0.007 0.799 >
2022-10-10 08:58:30 [10/10/22 08:58:30    0.33s]: 11254   102        139        27         932        111508600  22         5.34e-06   4.55e+04   1.69e+04   0.00       < 0.007 0.819 >
2022-10-10 08:58:30 [10/10/22 08:58:30    0.37s]: 11916   83         113        43         1094       165059145  55         5.25e-06   4.01e+04   1.74e+04   0.00       < 0.008 0.783 >
2022-10-10 08:58:30 [10/10/22 08:58:30    0.41s]: 12578   45         40         43         1313       212795057  79         3.61e-06   2.30e+04   1.78e+04   0.00       < 0.008 0.776 >
2022-10-10 08:58:31 [10/10/22 08:58:31    0.43s]: 13240   17         5          27         1458       255347901  132        1.44e-06   8.46e+03   1.76e+04   0.00       < 0.008 0.777 >
2022-10-10 08:58:31 [10/10/22 08:58:31    0.44s]: 13902   4          0          5          1522       293280290  170        2.04e-07   1.34e+03   1.40e+04   0.00       < 0.006 0.849 >
2022-10-10 08:58:32 [10/10/22 08:58:32    0.42s]: 14564   1          0          1          1538       327094114  147        1.03e-08   1.78e+02   9.41e+03   0.00       < 0.004 0.635 >
2022-10-10 08:58:32 [10/10/22 08:58:32    0.35s]: 15226   0          0          0          1542       357236318  78         0.00e+00   1.26e+01   1.54e+03   0.00       < 0.001 0.580 >
2022-10-10 08:58:32 [10/10/22 08:58:32    0.29s]: 15888   0          0          0          1542       384105518  28         0.00e+00   8.85e-01   1.54e+03   0.00       < 0.001 0.576 >
2022-10-10 08:58:33 [10/10/22 08:58:33    0.28s]: 16550   0          0          0          1542       408057398  0          0.00e+00   6.23e-02   1.54e+03   0.00       < 0.001 0.549 >
2022-10-10 08:58:33 [10/10/22 08:58:33    0.28s]: 17212   0          0          0          1542       429408541  0          0.00e+00   4.39e-03   1.54e+03   0.00       < 0.001 0.512 >
2022-10-10 08:58:33 [10/10/22 08:58:33    0.29s]: 17874   0          0          0          1542       448441229  0          0.00e+00   3.09e-04   1.54e+03   0.00       < 0.001 0.440 >
2022-10-10 08:58:33 [10/10/22 08:58:33    0.30s]: 18536   0          0          0          1542       465407490  0          0.00e+00   2.17e-05   1.54e+03   0.00       < 0.001 0.328 >
2022-10-10 08:58:34 [10/10/22 08:58:34    0.30s]: 19198   0          0          0          1542       480531337  0          0.00e+00   1.50e-06   1.54e+03   0.00       < 0.000 0.169 >
2022-10-10 08:58:34 [10/10/22 08:58:34    0.29s]: 19860   0          0          0          1542       494013129  0          0.00e+00   9.06e-08   1.54e+03   0.00       < 0.000 0.077 >
2022-10-10 08:58:34 [10/10/22 08:58:34    0.28s]: 20522   0          0          0          1542       506031139  0          0.00e+00   1.28e-09   1.54e+03   0.00       < 0.000 0.020 >
2022-10-10 08:58:35 [10/10/22 08:58:35    0.27s]: 21184   0          0          0          1542       516744147  0          0.00e+00   0.00e+00   1.54e+03   0.00       < 0.000 1.000 >
2022-10-10 08:58:35 [10/10/22 08:58:35    0.27s]: 21846   0          0          0          1542       526294038  0          0.00e+00   0.00e+00   1.54e+03   0.00       < 0.000 1.000 >
2022-10-10 08:58:35 [10/10/22 08:58:35    0.28s]: 22508   0          0          0          1542       534806869  0          0.00e+00   0.00e+00   1.54e+03   0.00       < 0.000 1.000 >
2022-10-10 08:58:35 [10/10/22 08:58:35    0.28s]: 23170   0          0          0          1542       542395500  0          0.00e+00   0.00e+00   1.54e+03   0.00       < 0.000 1.000 >
2022-10-10 08:58:36 [10/10/22 08:58:36    0.28s]: 23832   0          0          0          1542       549159993  0          0.00e+00   0.00e+00   1.54e+03   0.00       < 0.000 1.000 >
2022-10-10 08:58:36 [10/10/22 08:58:36    0.29s]: 24494   0          0          0          1542       555189951  0          0.00e+00   0.00e+00   1.54e+03   0.00       < 0.000 1.000 >
2022-10-10 08:58:36 [10/10/22 08:58:36    0.29s]: 25156   0          0          0          1542       560565283  0          0.00e+00   0.00e+00   1.54e+03   0.00       < 0.000 1.000 >
2022-10-10 08:58:37 [10/10/22 08:58:37    0.29s]: 25818   0          0          0          1542       565356837  0          0.00e+00   0.00e+00   1.54e+03   0.00       < 0.000 1.000 >
2022-10-10 08:58:37 [10/10/22 08:58:37    0.29s]: 26480   0          0          0          1542       569628287  0          0.00e+00   0.00e+00   1.54e+03   0.00       < 0.000 1.000 >
2022-10-10 08:58:37 [10/10/22 08:58:37    0.29s]: 27142   0          0          0          1542       573435864  0          0.00e+00   0.00e+00   1.54e+03   0.00       < 0.000 1.000 >
2022-10-10 08:58:38 [10/10/22 08:58:38    0.30s]: 27804   0          0          0          1542       576829986  0          0.00e+00   0.00e+00   1.54e+03   0.00       < 0.000 1.000 >
2022-10-10 08:58:38 [10/10/22 08:58:38    0.30s]: 28466   0          0          0          1542       579855531  0          0.00e+00   0.00e+00   1.54e+03   0.00       < 0.000 1.000 >
2022-10-10 08:58:38 [10/10/22 08:58:38    0.30s]: 29128   0          0          0          1542       582552623  0          0.00e+00   0.00e+00   1.54e+03   0.00       < 0.000 1.000 >
2022-10-10 08:58:38 [10/10/22 08:58:38    0.30s]: 29790   0          0          0          1542       584956860  0          0.00e+00   0.00e+00   1.54e+03   0.00       < 0.000 1.000 >
2022-10-10 08:58:39 [10/10/22 08:58:39    0.30s]: 30452   0          0          0          1542       587099956  0          0.00e+00   0.00e+00   1.54e+03   0.00       < 0.000 1.000 >
2022-10-10 08:58:39 [10/10/22 08:58:39    0.30s]: 31114   0          0          0          1542       589010481  0          0.00e+00   0.00e+00   1.54e+03   0.00       < 0.000 1.000 >
2022-10-10 08:58:39 [10/10/22 08:58:39    0.30s]: 31776   0          0          0          1542       590713621  0          0.00e+00   0.00e+00   1.54e+03   0.00       < 0.000 1.000 >
2022-10-10 08:58:40 [10/10/22 08:58:40    0.30s]: 32438   0          0          0          1542       592231799  0          0.00e+00   0.00e+00   1.54e+03   0.00       < 0.000 1.000 >
2022-10-10 08:58:40 [10/10/22 08:58:40    0.30s]: 33100   0          0          0          1542       593585027  0          0.00e+00   0.00e+00   1.54e+03   0.00       < 0.000 1.000 >
2022-10-10 08:58:40 [10/10/22 08:58:40    0.01s]: 33119   0          0          0          1542       593621611  0          0.00e+00   0.00e+00   1.54e+03   0.00       < 0.000 1.000 >
2022-10-10 08:58:40  ---  main.cpp:generate tcells took  avg 0.00 s max 0.00 s balance 0.87  --- 
2022-10-10 08:58:40  ---  main.cpp:update circulating tcells took  avg 6.08 s max 6.50 s balance 0.94  --- 
2022-10-10 08:58:40  ---  main.cpp:update tcells took  avg 0.08 s max 0.11 s balance 0.77  --- 
2022-10-10 08:58:40  ---  main.cpp:update epicells took  avg 0.15 s max 0.17 s balance 0.87  --- 
2022-10-10 08:58:40  ---  main.cpp:update concentrations took  avg 0.48 s max 0.56 s balance 0.86  --- 
2022-10-10 08:58:40  ---  main.cpp:compute updates took  avg 9.14 s max 9.15 s balance 1.00  --- 
2022-10-10 08:58:40  ---  main.cpp:dispatch updates took  avg 1.44 s max 1.97 s balance 0.73  --- 
2022-10-10 08:58:40  ---  main.cpp:add new actives took  avg 0.07 s max 0.08 s balance 0.82  --- 
2022-10-10 08:58:40  ---  main.cpp:erase inactive took  avg 0.35 s max 0.39 s balance 0.89  --- 
2022-10-10 08:58:40  ---  main.cpp:sample took  avg 0.00 s max 0.00 s balance -nan  --- 
2022-10-10 08:58:40  ---  main.cpp:sample write took  avg 0.00 s max 0.00 s balance -nan  --- 
2022-10-10 08:58:40  ---  main.cpp:log took  avg 1.29 s max 1.30 s balance 1.00  --- 
2022-10-10 08:58:40 Finished 33120 time steps in 14.1467 s (0.0004 s per step)
2022-10-10 08:58:40  --- Elapsed time for main.cpp:run_sim:  (exiting barrier) 2022-10-10 08:58:40 ...
2022-10-10 08:58:40           ... (min/my/avg/max, bal) (14.15/14.15/14.15/14.15 s, 1.00) barrier(0.00 s) --- 
2022-10-10 08:58:40 Peak memory used across all nodes: 21.83GB
2022-10-10 08:58:40 Finished in 18.09 s at 10/10/22 08:58:40 for SimCov version 0.1.1.d78b099-dirty
