2022-10-10 09:00:22 SimCov version SimCov version 0.1.1.d78b099-dirty-master built on 20220926_142515
2022-10-10 09:00:22 _________________________
2022-10-10 09:00:22 Compiler definitions:
2022-10-10 09:00:22   _XOPEN_SOURCE=700
2022-10-10 09:00:22   CONFIG_USE_COLORS
2022-10-10 09:00:22   USE_BYTELL
2022-10-10 09:00:22   MAX_VIRIONS=125000
2022-10-10 09:00:22   MIN_VIRIONS=1e-10
2022-10-10 09:00:22   BLOCK_PARTITION
2022-10-10 09:00:22   MIN_BLOCKS_PER_PROC=1
2022-10-10 09:00:22   AVERAGE_SUBSAMPLE
2022-10-10 09:00:22 _________________________
2022-10-10 09:00:22 Options:
2022-10-10 09:00:22   dim =                         15000 15000 1
2022-10-10 09:00:22   whole-lung-dim =              48000 40000 20000
2022-10-10 09:00:22   timesteps =                   33120
2022-10-10 09:00:22   infection-coords =            uniform:1
2022-10-10 09:00:22   initial-infection =           1000
2022-10-10 09:00:22   incubation-period =           480
2022-10-10 09:00:22   apoptosis-period =            180
2022-10-10 09:00:22   expressing-period =           900
2022-10-10 09:00:22   infectivity =                 0.001
2022-10-10 09:00:22   infectivity-multiplier =      1.0
2022-10-10 09:00:22   virion-production =           1.1
2022-10-10 09:00:22   virion-production-multiplier = 1.0
2022-10-10 09:00:22   virion-clearance =            0.004
2022-10-10 09:00:22   virion-diffusion =            0.002049
2022-10-10 09:00:22   chemokine-production =        1.0
2022-10-10 09:00:22   chemokine-decay =             0.01
2022-10-10 09:00:22   chemokine-diffusion =         0.763
2022-10-10 09:00:22   min-chemokine =               1e-06
2022-10-10 09:00:22   antibody-factor =             1
2022-10-10 09:00:22   antibody-period =             5760
2022-10-10 09:00:22   tcell-generation-rate =       105000
2022-10-10 09:00:22   tcell-initial-delay =         10080
2022-10-10 09:00:22   tcell-vascular-period =       5760
2022-10-10 09:00:22   tcell-tissue-period =         1440
2022-10-10 09:00:22   tcell-binding-period =        10
2022-10-10 09:00:22   max-binding-prob =            1
2022-10-10 09:00:22   tcells-follow-gradient =      false
2022-10-10 09:00:22   seed =                        29
2022-10-10 09:00:22   sample-period =               0
2022-10-10 09:00:22   sample-resolution =           1
2022-10-10 09:00:22   max-block-dim =               10
2022-10-10 09:00:22   output =                      experiments/j-0.002049_m-0.763
2022-10-10 09:00:22 _________________________
2022-10-10 09:00:22 Starting run with 64 processes on 2 nodes at 10/10/22 09:00:22
2022-10-10 09:00:22 Pinned processes, with process 0 (pid 2094952) pinned to core 0
2022-10-10 09:00:22 Using block partitioning
2022-10-10 09:00:22 Initial free memory across all nodes: 163.05GB
2022-10-10 09:00:22 Starting with 81.70GB free on node 0
2022-10-10 09:00:22 Dividing 225000000 grid points into 3515625 squares of size 64 (8^2), with 54932 per process
2022-10-10 09:00:22 Total initial memory required per process is at least 281.63MB with each grid point requiring on average 84 bytes
2022-10-10 09:00:25  --- Elapsed time for tissue.cpp:Tissue:  (exiting barrier) 2022-10-10 09:00:25 ...
2022-10-10 09:00:25           ... (min/my/avg/max, bal) (3.50/3.50/3.50/3.50 s, 1.00) barrier(0.00 s) --- 
2022-10-10 09:00:25 Memory used on node 0 after initialization is  10.91GB
2022-10-10 09:00:25           ... (min/my/avg/max, bal) No-Time barrier(0.00 s) --- 
2022-10-10 09:00:25 Fraction of circulating T cells extravasating is 5.85938e-06
2022-10-10 09:00:25 # datetime                    step    incb       expr       apop       dead       tvas       ttis       chem       virs       chempts    %infct     <%active  lbln>
2022-10-10 09:00:25 [0] <main.cpp:141> WARNING: Time step 0: SUCCESSFUL initial infection at (7500, 7500, 0) after 0 tries
2022-10-10 09:00:25 [10/10/22 09:00:25    0.00s]: 0       1          0          0          0          0          0          0.00e+00   0.00e+00   1.00e+00   0.00       < 0.000 0.016 >
2022-10-10 09:00:25 [10/10/22 09:00:25    0.11s]: 662     8          10         0          0          0          0          3.81e-07   9.92e+02   4.34e+03   0.00       < 0.002 0.529 >
2022-10-10 09:00:25 [10/10/22 09:00:25    0.17s]: 1324    25         27         0          0          0          0          7.16e-07   5.02e+03   8.86e+03   0.00       < 0.004 0.577 >
2022-10-10 09:00:26 [10/10/22 09:00:26    0.20s]: 1986    36         44         0          17         0          0          1.08e-06   9.85e+03   9.68e+03   0.00       < 0.004 0.591 >
2022-10-10 09:00:26 [10/10/22 09:00:26    0.20s]: 2648    47         67         0          47         0          0          1.52e-06   1.53e+04   1.04e+04   0.00       < 0.005 0.637 >
2022-10-10 09:00:26 [10/10/22 09:00:26    0.21s]: 3310    61         83         0          95         0          0          1.99e-06   2.20e+04   1.14e+04   0.00       < 0.005 0.695 >
2022-10-10 09:00:26 [10/10/22 09:00:26    0.22s]: 3972    72         109        0          153        0          0          2.47e-06   2.82e+04   1.21e+04   0.00       < 0.005 0.741 >
2022-10-10 09:00:26 [10/10/22 09:00:26    0.22s]: 4634    92         124        0          233        0          0          2.96e-06   3.25e+04   1.28e+04   0.00       < 0.006 0.783 >
2022-10-10 09:00:27 [10/10/22 09:00:27    0.23s]: 5296    84         148        0          328        0          0          3.52e-06   3.93e+04   1.36e+04   0.00       < 0.006 0.829 >
2022-10-10 09:00:27 [10/10/22 09:00:27    0.24s]: 5958    110        161        0          437        0          0          3.99e-06   4.40e+04   1.43e+04   0.00       < 0.006 0.801 >
2022-10-10 09:00:27 [10/10/22 09:00:27    0.25s]: 6620    104        198        0          553        0          0          4.58e-06   5.15e+04   1.51e+04   0.00       < 0.007 0.766 >
2022-10-10 09:00:27 [10/10/22 09:00:27    0.26s]: 7282    120        208        0          693        0          0          4.97e-06   5.48e+04   1.58e+04   0.00       < 0.007 0.778 >
2022-10-10 09:00:28 [10/10/22 09:00:28    0.27s]: 7944    136        227        0          845        0          0          5.56e-06   6.02e+04   1.66e+04   0.00       < 0.007 0.812 >
2022-10-10 09:00:28 [10/10/22 09:00:28    0.28s]: 8606    141        263        0          1006       0          0          6.11e-06   6.66e+04   1.74e+04   0.00       < 0.008 0.777 >
2022-10-10 09:00:28 [10/10/22 09:00:28    0.30s]: 9268    173        278        0          1188       0          0          6.62e-06   7.40e+04   1.83e+04   0.00       < 0.008 0.748 >
2022-10-10 09:00:29 [10/10/22 09:00:29    0.32s]: 9930    185        304        0          1396       0          0          7.30e-06   8.14e+04   1.91e+04   0.00       < 0.008 0.776 >
2022-10-10 09:00:29 [10/10/22 09:00:29    0.32s]: 10592   196        341        0          1622       51435237   4          7.92e-06   9.07e+04   2.00e+04   0.00       < 0.009 0.814 >
2022-10-10 09:00:29 [10/10/22 09:00:29    0.36s]: 11254   200        346        20         1868       111508649  29         8.47e-06   9.84e+04   2.09e+04   0.00       < 0.009 0.852 >
2022-10-10 09:00:30 [10/10/22 09:00:30    0.40s]: 11916   160        235        69         2238       165059141  80         8.39e-06   8.51e+04   2.18e+04   0.00       < 0.010 0.825 >
2022-10-10 09:00:30 [10/10/22 09:00:30    0.44s]: 12578   120        97         100        2641       212795001  127        7.00e-06   5.17e+04   2.25e+04   0.00       < 0.010 0.829 >
2022-10-10 09:00:31 [10/10/22 09:00:31    0.48s]: 13240   77         25         81         2978       255347746  174        4.84e-06   2.42e+04   2.27e+04   0.00       < 0.010 0.812 >
2022-10-10 09:00:31 [10/10/22 09:00:31    0.51s]: 13902   24         1          33         3207       293280129  188        1.25e-06   5.93e+03   2.24e+04   0.00       < 0.010 0.795 >
2022-10-10 09:00:32 [10/10/22 09:00:32    0.51s]: 14564   7          0          13         3290       327093743  218        3.23e-07   1.15e+03   1.68e+04   0.00       < 0.008 0.819 >
2022-10-10 09:00:32 [10/10/22 09:00:32    0.45s]: 15226   2          0          3          3320       357235821  191        1.58e-07   2.39e+02   1.00e+04   0.00       < 0.005 0.667 >
2022-10-10 09:00:32 [10/10/22 09:00:32    0.42s]: 15888   0          0          1          3328       384105153  120        1.94e-10   1.82e+01   5.90e+03   0.00       < 0.003 0.584 >
2022-10-10 09:00:33 [10/10/22 09:00:33    0.34s]: 16550   0          0          0          3330       408057084  55         0.00e+00   1.28e+00   3.33e+03   0.00       < 0.002 0.597 >
2022-10-10 09:00:33 [10/10/22 09:00:33    0.32s]: 17212   0          0          0          3330       429408162  3          0.00e+00   9.01e-02   3.33e+03   0.00       < 0.002 0.572 >
2022-10-10 09:00:33 [10/10/22 09:00:33    0.32s]: 17874   0          0          0          3330       448440716  0          0.00e+00   6.34e-03   3.33e+03   0.00       < 0.002 0.536 >
2022-10-10 09:00:34 [10/10/22 09:00:34    0.33s]: 18536   0          0          0          3330       465407077  0          0.00e+00   4.47e-04   3.33e+03   0.00       < 0.002 0.457 >
2022-10-10 09:00:34 [10/10/22 09:00:34    0.33s]: 19198   0          0          0          3330       480531105  0          0.00e+00   3.14e-05   3.33e+03   0.00       < 0.001 0.319 >
2022-10-10 09:00:34 [10/10/22 09:00:34    0.33s]: 19860   0          0          0          3330       494013036  0          0.00e+00   2.15e-06   3.33e+03   0.00       < 0.000 0.139 >
2022-10-10 09:00:35 [10/10/22 09:00:35    0.31s]: 20522   0          0          0          3330       506030911  0          0.00e+00   1.28e-07   3.33e+03   0.00       < 0.000 0.064 >
2022-10-10 09:00:35 [10/10/22 09:00:35    0.29s]: 21184   0          0          0          3330       516743987  0          0.00e+00   1.59e-09   3.33e+03   0.00       < 0.000 0.017 >
2022-10-10 09:00:35 [10/10/22 09:00:35    0.27s]: 21846   0          0          0          3330       526293775  0          0.00e+00   0.00e+00   3.33e+03   0.00       < 0.000 1.000 >
2022-10-10 09:00:36 [10/10/22 09:00:36    0.27s]: 22508   0          0          0          3330       534806570  0          0.00e+00   0.00e+00   3.33e+03   0.00       < 0.000 1.000 >
2022-10-10 09:00:36 [10/10/22 09:00:36    0.28s]: 23170   0          0          0          3330       542395072  0          0.00e+00   0.00e+00   3.33e+03   0.00       < 0.000 1.000 >
2022-10-10 09:00:36 [10/10/22 09:00:36    0.28s]: 23832   0          0          0          3330       549159739  0          0.00e+00   0.00e+00   3.33e+03   0.00       < 0.000 1.000 >
2022-10-10 09:00:36 [10/10/22 09:00:36    0.28s]: 24494   0          0          0          3330       555189838  0          0.00e+00   0.00e+00   3.33e+03   0.00       < 0.000 1.000 >
2022-10-10 09:00:37 [10/10/22 09:00:37    0.29s]: 25156   0          0          0          3330       560565062  0          0.00e+00   0.00e+00   3.33e+03   0.00       < 0.000 1.000 >
2022-10-10 09:00:37 [10/10/22 09:00:37    0.29s]: 25818   0          0          0          3330       565356719  0          0.00e+00   0.00e+00   3.33e+03   0.00       < 0.000 1.000 >
2022-10-10 09:00:37 [10/10/22 09:00:37    0.29s]: 26480   0          0          0          3330       569628114  0          0.00e+00   0.00e+00   3.33e+03   0.00       < 0.000 1.000 >
2022-10-10 09:00:38 [10/10/22 09:00:38    0.29s]: 27142   0          0          0          3330       573435871  0          0.00e+00   0.00e+00   3.33e+03   0.00       < 0.000 1.000 >
2022-10-10 09:00:38 [10/10/22 09:00:38    0.29s]: 27804   0          0          0          3330       576829958  0          0.00e+00   0.00e+00   3.33e+03   0.00       < 0.000 1.000 >
2022-10-10 09:00:38 [10/10/22 09:00:38    0.29s]: 28466   0          0          0          3330       579855512  0          0.00e+00   0.00e+00   3.33e+03   0.00       < 0.000 1.000 >
2022-10-10 09:00:38 [10/10/22 09:00:38    0.30s]: 29128   0          0          0          3330       582552423  0          0.00e+00   0.00e+00   3.33e+03   0.00       < 0.000 1.000 >
2022-10-10 09:00:39 [10/10/22 09:00:39    0.30s]: 29790   0          0          0          3330       584956735  0          0.00e+00   0.00e+00   3.33e+03   0.00       < 0.000 1.000 >
2022-10-10 09:00:39 [10/10/22 09:00:39    0.30s]: 30452   0          0          0          3330       587099858  0          0.00e+00   0.00e+00   3.33e+03   0.00       < 0.000 1.000 >
2022-10-10 09:00:39 [10/10/22 09:00:39    0.30s]: 31114   0          0          0          3330       589010254  0          0.00e+00   0.00e+00   3.33e+03   0.00       < 0.000 1.000 >
2022-10-10 09:00:40 [10/10/22 09:00:40    0.30s]: 31776   0          0          0          3330       590713355  0          0.00e+00   0.00e+00   3.33e+03   0.00       < 0.000 1.000 >
2022-10-10 09:00:40 [10/10/22 09:00:40    0.30s]: 32438   0          0          0          3330       592231443  0          0.00e+00   0.00e+00   3.33e+03   0.00       < 0.000 1.000 >
2022-10-10 09:00:40 [10/10/22 09:00:40    0.30s]: 33100   0          0          0          3330       593584896  0          0.00e+00   0.00e+00   3.33e+03   0.00       < 0.000 1.000 >
2022-10-10 09:00:40 [10/10/22 09:00:40    0.01s]: 33119   0          0          0          3330       593621477  0          0.00e+00   0.00e+00   3.33e+03   0.00       < 0.000 1.000 >
2022-10-10 09:00:40  ---  main.cpp:generate tcells took  avg 0.00 s max 0.00 s balance 0.91  --- 
2022-10-10 09:00:40  ---  main.cpp:update circulating tcells took  avg 6.03 s max 6.54 s balance 0.92  --- 
2022-10-10 09:00:40  ---  main.cpp:update tcells took  avg 0.13 s max 0.17 s balance 0.79  --- 
2022-10-10 09:00:40  ---  main.cpp:update epicells took  avg 0.20 s max 0.24 s balance 0.83  --- 
2022-10-10 09:00:40  ---  main.cpp:update concentrations took  avg 0.64 s max 0.75 s balance 0.85  --- 
2022-10-10 09:00:40  ---  main.cpp:compute updates took  avg 9.71 s max 9.71 s balance 1.00  --- 
2022-10-10 09:00:40  ---  main.cpp:dispatch updates took  avg 1.92 s max 2.18 s balance 0.88  --- 
2022-10-10 09:00:40  ---  main.cpp:add new actives took  avg 0.08 s max 0.09 s balance 0.87  --- 
2022-10-10 09:00:40  ---  main.cpp:erase inactive took  avg 0.44 s max 0.50 s balance 0.88  --- 
2022-10-10 09:00:40  ---  main.cpp:sample took  avg 0.00 s max 0.00 s balance -nan  --- 
2022-10-10 09:00:40  ---  main.cpp:sample write took  avg 0.00 s max 0.00 s balance -nan  --- 
2022-10-10 09:00:40  ---  main.cpp:log took  avg 1.20 s max 1.21 s balance 0.99  --- 
2022-10-10 09:00:40 Finished 33120 time steps in 15.1932 s (0.0005 s per step)
2022-10-10 09:00:40  --- Elapsed time for main.cpp:run_sim:  (exiting barrier) 2022-10-10 09:00:40 ...
2022-10-10 09:00:40           ... (min/my/avg/max, bal) (15.19/15.19/15.19/15.19 s, 1.00) barrier(0.00 s) --- 
2022-10-10 09:00:41 Peak memory used across all nodes: 21.84GB
2022-10-10 09:00:41 Finished in 19.09 s at 10/10/22 09:00:41 for SimCov version 0.1.1.d78b099-dirty
