2022-10-10 09:01:22 SimCov version SimCov version 0.1.1.d78b099-dirty-master built on 20220926_142515
2022-10-10 09:01:22 _________________________
2022-10-10 09:01:22 Compiler definitions:
2022-10-10 09:01:22   _XOPEN_SOURCE=700
2022-10-10 09:01:22   CONFIG_USE_COLORS
2022-10-10 09:01:22   USE_BYTELL
2022-10-10 09:01:22   MAX_VIRIONS=125000
2022-10-10 09:01:22   MIN_VIRIONS=1e-10
2022-10-10 09:01:22   BLOCK_PARTITION
2022-10-10 09:01:22   MIN_BLOCKS_PER_PROC=1
2022-10-10 09:01:22   AVERAGE_SUBSAMPLE
2022-10-10 09:01:22 _________________________
2022-10-10 09:01:22 Options:
2022-10-10 09:01:22   dim =                         15000 15000 1
2022-10-10 09:01:22   whole-lung-dim =              48000 40000 20000
2022-10-10 09:01:22   timesteps =                   33120
2022-10-10 09:01:22   infection-coords =            uniform:1
2022-10-10 09:01:22   initial-infection =           1000
2022-10-10 09:01:22   incubation-period =           480
2022-10-10 09:01:22   apoptosis-period =            180
2022-10-10 09:01:22   expressing-period =           900
2022-10-10 09:01:22   infectivity =                 0.001
2022-10-10 09:01:22   infectivity-multiplier =      1.0
2022-10-10 09:01:22   virion-production =           1.1
2022-10-10 09:01:22   virion-production-multiplier = 1.0
2022-10-10 09:01:22   virion-clearance =            0.004
2022-10-10 09:01:22   virion-diffusion =            0.004783
2022-10-10 09:01:22   chemokine-production =        1.0
2022-10-10 09:01:22   chemokine-decay =             0.01
2022-10-10 09:01:22   chemokine-diffusion =         1.0
2022-10-10 09:01:22   min-chemokine =               1e-06
2022-10-10 09:01:22   antibody-factor =             1
2022-10-10 09:01:22   antibody-period =             5760
2022-10-10 09:01:22   tcell-generation-rate =       105000
2022-10-10 09:01:22   tcell-initial-delay =         10080
2022-10-10 09:01:22   tcell-vascular-period =       5760
2022-10-10 09:01:22   tcell-tissue-period =         1440
2022-10-10 09:01:22   tcell-binding-period =        10
2022-10-10 09:01:22   max-binding-prob =            1
2022-10-10 09:01:22   tcells-follow-gradient =      false
2022-10-10 09:01:22   seed =                        29
2022-10-10 09:01:22   sample-period =               0
2022-10-10 09:01:22   sample-resolution =           1
2022-10-10 09:01:22   max-block-dim =               10
2022-10-10 09:01:22   output =                      experiments/j-0.004783_m-1
2022-10-10 09:01:22 _________________________
2022-10-10 09:01:22 Starting run with 64 processes on 2 nodes at 10/10/22 09:01:22
2022-10-10 09:01:22 Pinned processes, with process 0 (pid 1939058) pinned to core 0
2022-10-10 09:01:22 Using block partitioning
2022-10-10 09:01:22 Initial free memory across all nodes: 165.58GB
2022-10-10 09:01:22 Starting with 82.71GB free on node 0
2022-10-10 09:01:22 Dividing 225000000 grid points into 3515625 squares of size 64 (8^2), with 54932 per process
2022-10-10 09:01:22 Total initial memory required per process is at least 281.63MB with each grid point requiring on average 84 bytes
2022-10-10 09:01:26  --- Elapsed time for tissue.cpp:Tissue:  (exiting barrier) 2022-10-10 09:01:26 ...
2022-10-10 09:01:26           ... (min/my/avg/max, bal) (3.57/3.57/3.57/3.57 s, 1.00) barrier(0.00 s) --- 
2022-10-10 09:01:26 Memory used on node 0 after initialization is  10.90GB
2022-10-10 09:01:26           ... (min/my/avg/max, bal) No-Time barrier(0.00 s) --- 
2022-10-10 09:01:26 Fraction of circulating T cells extravasating is 5.85938e-06
2022-10-10 09:01:26 # datetime                    step    incb       expr       apop       dead       tvas       ttis       chem       virs       chempts    %infct     <%active  lbln>
2022-10-10 09:01:26 [0] <main.cpp:141> WARNING: Time step 0: SUCCESSFUL initial infection at (7500, 7500, 0) after 0 tries
2022-10-10 09:01:26 [10/10/22 09:01:26    0.00s]: 0       1          0          0          0          0          0          0.00e+00   0.00e+00   1.00e+00   0.00       < 0.000 0.016 >
2022-10-10 09:01:26 [10/10/22 09:01:26    0.11s]: 662     20         13         0          0          0          0          5.24e-07   1.28e+03   5.76e+03   0.00       < 0.003 0.704 >
2022-10-10 09:01:26 [10/10/22 09:01:26    0.21s]: 1324    46         42         0          0          0          0          1.06e-06   8.73e+03   1.22e+04   0.00       < 0.005 0.743 >
2022-10-10 09:01:26 [10/10/22 09:01:26    0.23s]: 1986    67         74         0          33         0          0          1.74e-06   1.65e+04   1.34e+04   0.00       < 0.006 0.818 >
2022-10-10 09:01:27 [10/10/22 09:01:27    0.24s]: 2648    79         132        0          83         0          0          2.56e-06   2.96e+04   1.47e+04   0.00       < 0.007 0.792 >
2022-10-10 09:01:27 [10/10/22 09:01:27    0.27s]: 3310    105        177        0          167        0          0          3.36e-06   4.24e+04   1.60e+04   0.00       < 0.007 0.786 >
2022-10-10 09:01:27 [10/10/22 09:01:27    0.29s]: 3972    122        223        0          284        0          0          4.21e-06   5.33e+04   1.73e+04   0.00       < 0.008 0.785 >
2022-10-10 09:01:27 [10/10/22 09:01:27    0.31s]: 4634    156        243        0          438        0          0          5.00e-06   6.28e+04   1.85e+04   0.00       < 0.008 0.754 >
2022-10-10 09:01:28 [10/10/22 09:01:28    0.32s]: 5296    171        295        0          609        0          0          5.93e-06   7.35e+04   1.97e+04   0.00       < 0.009 0.800 >
2022-10-10 09:01:28 [10/10/22 09:01:28    0.32s]: 5958    200        333        0          818        0          0          6.83e-06   8.59e+04   2.10e+04   0.00       < 0.009 0.838 >
2022-10-10 09:01:28 [10/10/22 09:01:28    0.33s]: 6620    244        378        0          1045       0          0          7.69e-06   9.88e+04   2.22e+04   0.00       < 0.010 0.806 >
2022-10-10 09:01:29 [10/10/22 09:01:29    0.36s]: 7282    259        411        0          1331       0          0          8.65e-06   1.10e+05   2.36e+04   0.00       < 0.010 0.783 >
2022-10-10 09:01:29 [10/10/22 09:01:29    0.38s]: 7944    264        456        0          1637       0          0          9.54e-06   1.23e+05   2.48e+04   0.00       < 0.011 0.772 >
2022-10-10 09:01:30 [10/10/22 09:01:30    0.40s]: 8606    280        487        0          1975       0          0          1.03e-05   1.31e+05   2.62e+04   0.00       < 0.012 0.799 >
2022-10-10 09:01:30 [10/10/22 09:01:30    0.42s]: 9268    328        529        0          2323       0          0          1.13e-05   1.41e+05   2.76e+04   0.00       < 0.012 0.836 >
2022-10-10 09:01:30 [10/10/22 09:01:30    0.44s]: 9930    332        590        0          2714       0          0          1.22e-05   1.57e+05   2.90e+04   0.00       < 0.013 0.798 >
2022-10-10 09:01:31 [10/10/22 09:01:31    0.47s]: 10592   354        616        0          3149       51435134   10         1.31e-05   1.66e+05   3.04e+04   0.00       < 0.014 0.824 >
2022-10-10 09:01:31 [10/10/22 09:01:31    0.52s]: 11254   348        564        64         3656       111508506  69         1.37e-05   1.69e+05   3.18e+04   0.00       < 0.014 0.864 >
2022-10-10 09:01:32 [10/10/22 09:01:32    0.57s]: 11916   277        385        133        4325       165059036  133        1.35e-05   1.40e+05   3.32e+04   0.00       < 0.015 0.867 >
2022-10-10 09:01:33 [10/10/22 09:01:33    0.61s]: 12578   203        130        147        5075       212794900  186        1.10e-05   7.95e+04   3.40e+04   0.00       < 0.015 0.871 >
2022-10-10 09:01:33 [10/10/22 09:01:33    0.66s]: 13240   163        63         154        5521       255347640  268        8.61e-06   4.43e+04   3.46e+04   0.00       < 0.015 0.857 >
2022-10-10 09:01:34 [10/10/22 09:01:34    0.70s]: 13902   96         16         85         5997       293279982  339        4.26e-06   1.67e+04   3.47e+04   0.00       < 0.015 0.859 >
2022-10-10 09:01:35 [10/10/22 09:01:35    0.72s]: 14564   31         8          41         6265       327093481  370        1.83e-06   6.39e+03   3.02e+04   0.00       < 0.013 0.801 >
2022-10-10 09:01:35 [10/10/22 09:01:35    0.68s]: 15226   5          0          14         6381       357235539  364        7.30e-08   9.45e+02   2.51e+04   0.00       < 0.011 0.872 >
2022-10-10 09:01:36 [10/10/22 09:01:36    0.56s]: 15888   1          0          4          6416       384104884  279        2.56e-11   6.65e+01   7.18e+03   0.00       < 0.004 0.615 >
2022-10-10 09:01:36 [10/10/22 09:01:36    0.43s]: 16550   0          0          0          6422       408056697  107        0.00e+00   4.69e+00   6.42e+03   0.00       < 0.004 0.586 >
2022-10-10 09:01:37 [10/10/22 09:01:37    0.40s]: 17212   0          0          0          6422       429407932  1          0.00e+00   3.30e-01   6.42e+03   0.00       < 0.004 0.563 >
2022-10-10 09:01:37 [10/10/22 09:01:37    0.39s]: 17874   0          0          0          6422       448440737  0          0.00e+00   2.32e-02   6.42e+03   0.00       < 0.004 0.538 >
2022-10-10 09:01:37 [10/10/22 09:01:37    0.39s]: 18536   0          0          0          6422       465407014  0          0.00e+00   1.64e-03   6.42e+03   0.00       < 0.004 0.525 >
2022-10-10 09:01:38 [10/10/22 09:01:38    0.39s]: 19198   0          0          0          6422       480531115  0          0.00e+00   1.15e-04   6.42e+03   0.00       < 0.003 0.470 >
2022-10-10 09:01:38 [10/10/22 09:01:38    0.38s]: 19860   0          0          0          6422       494012901  0          0.00e+00   7.96e-06   6.42e+03   0.00       < 0.001 0.288 >
2022-10-10 09:01:39 [10/10/22 09:01:39    0.35s]: 20522   0          0          0          6422       506030982  0          0.00e+00   4.78e-07   6.42e+03   0.00       < 0.000 0.113 >
2022-10-10 09:01:39 [10/10/22 09:01:39    0.32s]: 21184   0          0          0          6422       516744044  0          0.00e+00   6.03e-09   6.42e+03   0.00       < 0.000 0.051 >
2022-10-10 09:01:39 [10/10/22 09:01:39    0.29s]: 21846   0          0          0          6422       526293869  0          0.00e+00   0.00e+00   6.42e+03   0.00       < 0.000 1.000 >
2022-10-10 09:01:39 [10/10/22 09:01:39    0.29s]: 22508   0          0          0          6422       534806819  0          0.00e+00   0.00e+00   6.42e+03   0.00       < 0.000 1.000 >
2022-10-10 09:01:40 [10/10/22 09:01:40    0.29s]: 23170   0          0          0          6422       542395237  0          0.00e+00   0.00e+00   6.42e+03   0.00       < 0.000 1.000 >
2022-10-10 09:01:40 [10/10/22 09:01:40    0.30s]: 23832   0          0          0          6422       549159788  0          0.00e+00   0.00e+00   6.42e+03   0.00       < 0.000 1.000 >
2022-10-10 09:01:40 [10/10/22 09:01:40    0.30s]: 24494   0          0          0          6422       555189852  0          0.00e+00   0.00e+00   6.42e+03   0.00       < 0.000 1.000 >
2022-10-10 09:01:41 [10/10/22 09:01:41    0.30s]: 25156   0          0          0          6422       560565185  0          0.00e+00   0.00e+00   6.42e+03   0.00       < 0.000 1.000 >
2022-10-10 09:01:41 [10/10/22 09:01:41    0.30s]: 25818   0          0          0          6422       565356994  0          0.00e+00   0.00e+00   6.42e+03   0.00       < 0.000 1.000 >
2022-10-10 09:01:41 [10/10/22 09:01:41    0.31s]: 26480   0          0          0          6422       569628342  0          0.00e+00   0.00e+00   6.42e+03   0.00       < 0.000 1.000 >
2022-10-10 09:01:42 [10/10/22 09:01:42    0.31s]: 27142   0          0          0          6422       573436153  0          0.00e+00   0.00e+00   6.42e+03   0.00       < 0.000 1.000 >
2022-10-10 09:01:42 [10/10/22 09:01:42    0.31s]: 27804   0          0          0          6422       576830320  0          0.00e+00   0.00e+00   6.42e+03   0.00       < 0.000 1.000 >
2022-10-10 09:01:42 [10/10/22 09:01:42    0.31s]: 28466   0          0          0          6422       579855861  0          0.00e+00   0.00e+00   6.42e+03   0.00       < 0.000 1.000 >
2022-10-10 09:01:43 [10/10/22 09:01:43    0.31s]: 29128   0          0          0          6422       582552894  0          0.00e+00   0.00e+00   6.42e+03   0.00       < 0.000 1.000 >
2022-10-10 09:01:43 [10/10/22 09:01:43    0.31s]: 29790   0          0          0          6422       584957099  0          0.00e+00   0.00e+00   6.42e+03   0.00       < 0.000 1.000 >
2022-10-10 09:01:43 [10/10/22 09:01:43    0.32s]: 30452   0          0          0          6422       587100323  0          0.00e+00   0.00e+00   6.42e+03   0.00       < 0.000 1.000 >
2022-10-10 09:01:43 [10/10/22 09:01:43    0.31s]: 31114   0          0          0          6422       589010728  0          0.00e+00   0.00e+00   6.42e+03   0.00       < 0.000 1.000 >
2022-10-10 09:01:44 [10/10/22 09:01:44    0.32s]: 31776   0          0          0          6422       590713710  0          0.00e+00   0.00e+00   6.42e+03   0.00       < 0.000 1.000 >
2022-10-10 09:01:44 [10/10/22 09:01:44    0.40s]: 32438   0          0          0          6422       592231812  0          0.00e+00   0.00e+00   6.42e+03   0.00       < 0.000 1.000 >
2022-10-10 09:01:45 [10/10/22 09:01:45    0.32s]: 33100   0          0          0          6422       593584993  0          0.00e+00   0.00e+00   6.42e+03   0.00       < 0.000 1.000 >
2022-10-10 09:01:45 [10/10/22 09:01:45    0.01s]: 33119   0          0          0          6422       593621582  0          0.00e+00   0.00e+00   6.42e+03   0.00       < 0.000 1.000 >
2022-10-10 09:01:45  ---  main.cpp:generate tcells took  avg 0.00 s max 0.00 s balance 0.84  --- 
2022-10-10 09:01:45  ---  main.cpp:update circulating tcells took  avg 6.22 s max 6.96 s balance 0.89  --- 
2022-10-10 09:01:45  ---  main.cpp:update tcells took  avg 0.24 s max 0.30 s balance 0.79  --- 
2022-10-10 09:01:45  ---  main.cpp:update epicells took  avg 0.32 s max 0.36 s balance 0.90  --- 
2022-10-10 09:01:45  ---  main.cpp:update concentrations took  avg 1.12 s max 1.24 s balance 0.90  --- 
2022-10-10 09:01:45  ---  main.cpp:compute updates took  avg 11.65 s max 11.66 s balance 1.00  --- 
2022-10-10 09:01:45  ---  main.cpp:dispatch updates took  avg 2.82 s max 3.10 s balance 0.91  --- 
2022-10-10 09:01:45  ---  main.cpp:add new actives took  avg 0.17 s max 0.19 s balance 0.90  --- 
2022-10-10 09:01:45  ---  main.cpp:erase inactive took  avg 0.72 s max 0.78 s balance 0.92  --- 
2022-10-10 09:01:45  ---  main.cpp:sample took  avg 0.00 s max 0.00 s balance -nan  --- 
2022-10-10 09:01:45  ---  main.cpp:sample write took  avg 0.00 s max 0.00 s balance -nan  --- 
2022-10-10 09:01:45  ---  main.cpp:log took  avg 1.26 s max 1.27 s balance 1.00  --- 
2022-10-10 09:01:45 Finished 33120 time steps in 18.7889 s (0.0006 s per step)
2022-10-10 09:01:45  --- Elapsed time for main.cpp:run_sim:  (exiting barrier) 2022-10-10 09:01:45 ...
2022-10-10 09:01:45           ... (min/my/avg/max, bal) (18.79/18.79/18.79/18.79 s, 1.00) barrier(0.00 s) --- 
2022-10-10 09:01:45 Peak memory used across all nodes: 21.84GB
2022-10-10 09:01:45 Finished in 22.59 s at 10/10/22 09:01:45 for SimCov version 0.1.1.d78b099-dirty
