2022-10-10 09:01:22 SimCov version SimCov version 0.1.1.d78b099-dirty-master built on 20220926_142515
2022-10-10 09:01:22 _________________________
2022-10-10 09:01:22 Compiler definitions:
2022-10-10 09:01:22   _XOPEN_SOURCE=700
2022-10-10 09:01:22   CONFIG_USE_COLORS
2022-10-10 09:01:22   USE_BYTELL
2022-10-10 09:01:22   MAX_VIRIONS=125000
2022-10-10 09:01:22   MIN_VIRIONS=1e-10
2022-10-10 09:01:22   BLOCK_PARTITION
2022-10-10 09:01:22   MIN_BLOCKS_PER_PROC=1
2022-10-10 09:01:22   AVERAGE_SUBSAMPLE
2022-10-10 09:01:22 _________________________
2022-10-10 09:01:22 Options:
2022-10-10 09:01:22   dim =                         15000 15000 1
2022-10-10 09:01:22   whole-lung-dim =              48000 40000 20000
2022-10-10 09:01:22   timesteps =                   33120
2022-10-10 09:01:22   infection-coords =            uniform:1
2022-10-10 09:01:22   initial-infection =           1000
2022-10-10 09:01:22   incubation-period =           480
2022-10-10 09:01:22   apoptosis-period =            180
2022-10-10 09:01:22   expressing-period =           900
2022-10-10 09:01:22   infectivity =                 0.001
2022-10-10 09:01:22   infectivity-multiplier =      1.0
2022-10-10 09:01:22   virion-production =           1.1
2022-10-10 09:01:22   virion-production-multiplier = 1.0
2022-10-10 09:01:22   virion-clearance =            0.004
2022-10-10 09:01:22   virion-diffusion =            0.004783
2022-10-10 09:01:22   chemokine-production =        1.0
2022-10-10 09:01:22   chemokine-decay =             0.01
2022-10-10 09:01:22   chemokine-diffusion =         0.763
2022-10-10 09:01:22   min-chemokine =               1e-06
2022-10-10 09:01:22   antibody-factor =             1
2022-10-10 09:01:22   antibody-period =             5760
2022-10-10 09:01:22   tcell-generation-rate =       105000
2022-10-10 09:01:22   tcell-initial-delay =         10080
2022-10-10 09:01:22   tcell-vascular-period =       5760
2022-10-10 09:01:22   tcell-tissue-period =         1440
2022-10-10 09:01:22   tcell-binding-period =        10
2022-10-10 09:01:22   max-binding-prob =            1
2022-10-10 09:01:22   tcells-follow-gradient =      false
2022-10-10 09:01:22   seed =                        29
2022-10-10 09:01:22   sample-period =               0
2022-10-10 09:01:22   sample-resolution =           1
2022-10-10 09:01:22   max-block-dim =               10
2022-10-10 09:01:22   output =                      experiments/j-0.004783_m-0.763
2022-10-10 09:01:22 _________________________
2022-10-10 09:01:22 Starting run with 64 processes on 2 nodes at 10/10/22 09:01:22
2022-10-10 09:01:22 Pinned processes, with process 0 (pid 2019518) pinned to core 0
2022-10-10 09:01:22 Using block partitioning
2022-10-10 09:01:22 Initial free memory across all nodes: 164.82GB
2022-10-10 09:01:22 Starting with 82.17GB free on node 0
2022-10-10 09:01:22 Dividing 225000000 grid points into 3515625 squares of size 64 (8^2), with 54932 per process
2022-10-10 09:01:22 Total initial memory required per process is at least 281.63MB with each grid point requiring on average 84 bytes
2022-10-10 09:01:25  --- Elapsed time for tissue.cpp:Tissue:  (exiting barrier) 2022-10-10 09:01:25 ...
2022-10-10 09:01:25           ... (min/my/avg/max, bal) (3.52/3.52/3.52/3.52 s, 1.00) barrier(0.00 s) --- 
2022-10-10 09:01:25 Memory used on node 0 after initialization is  10.90GB
2022-10-10 09:01:25           ... (min/my/avg/max, bal) No-Time barrier(0.00 s) --- 
2022-10-10 09:01:25 Fraction of circulating T cells extravasating is 5.85938e-06
2022-10-10 09:01:25 # datetime                    step    incb       expr       apop       dead       tvas       ttis       chem       virs       chempts    %infct     <%active  lbln>
2022-10-10 09:01:25 [0] <main.cpp:141> WARNING: Time step 0: SUCCESSFUL initial infection at (7500, 7500, 0) after 0 tries
2022-10-10 09:01:25 [10/10/22 09:01:25    0.00s]: 0       1          0          0          0          0          0          0.00e+00   0.00e+00   1.00e+00   0.00       < 0.000 0.016 >
2022-10-10 09:01:25 [10/10/22 09:01:25    0.11s]: 662     17         14         0          0          0          0          4.14e-07   9.91e+02   4.41e+03   0.00       < 0.002 0.538 >
2022-10-10 09:01:25 [10/10/22 09:01:25    0.19s]: 1324    57         39         0          0          0          0          8.93e-07   7.97e+03   9.31e+03   0.00       < 0.004 0.575 >
2022-10-10 09:01:26 [10/10/22 09:01:26    0.22s]: 1986    75         80         0          29         0          0          1.52e-06   1.84e+04   1.04e+04   0.00       < 0.005 0.632 >
2022-10-10 09:01:26 [10/10/22 09:01:26    0.22s]: 2648    87         113        0          94         0          0          2.22e-06   2.90e+04   1.14e+04   0.00       < 0.005 0.693 >
2022-10-10 09:01:26 [10/10/22 09:01:26    0.23s]: 3310    108        161        0          172        0          0          2.95e-06   4.08e+04   1.24e+04   0.00       < 0.006 0.759 >
2022-10-10 09:01:26 [10/10/22 09:01:26    0.23s]: 3972    143        202        0          280        0          0          3.73e-06   5.07e+04   1.35e+04   0.00       < 0.006 0.824 >
2022-10-10 09:01:27 [10/10/22 09:01:27    0.25s]: 4634    163        245        0          423        0          0          4.49e-06   6.35e+04   1.46e+04   0.00       < 0.006 0.784 >
2022-10-10 09:01:27 [10/10/22 09:01:27    0.27s]: 5296    169        271        0          609        0          0          5.21e-06   7.27e+04   1.56e+04   0.00       < 0.007 0.784 >
2022-10-10 09:01:27 [10/10/22 09:01:27    0.28s]: 5958    191        323        0          807        0          0          6.11e-06   8.15e+04   1.67e+04   0.00       < 0.007 0.814 >
2022-10-10 09:01:27 [10/10/22 09:01:27    0.30s]: 6620    199        392        0          1026       0          0          6.91e-06   9.89e+04   1.78e+04   0.00       < 0.008 0.760 >
2022-10-10 09:01:28 [10/10/22 09:01:28    0.32s]: 7282    232        409        0          1296       0          0          7.57e-06   1.08e+05   1.89e+04   0.00       < 0.008 0.770 >
2022-10-10 09:01:28 [10/10/22 09:01:28    0.32s]: 7944    258        436        0          1591       0          0          8.28e-06   1.15e+05   2.01e+04   0.00       < 0.009 0.816 >
2022-10-10 09:01:28 [10/10/22 09:01:28    0.32s]: 8606    305        487        0          1905       0          0          9.15e-06   1.26e+05   2.13e+04   0.00       < 0.009 0.845 >
2022-10-10 09:01:29 [10/10/22 09:01:29    0.35s]: 9268    313        540        0          2257       0          0          1.01e-05   1.44e+05   2.26e+04   0.00       < 0.010 0.818 >
2022-10-10 09:01:29 [10/10/22 09:01:29    0.37s]: 9930    322        569        0          2668       0          0          1.08e-05   1.53e+05   2.38e+04   0.00       < 0.011 0.789 >
2022-10-10 09:01:29 [10/10/22 09:01:29    0.42s]: 10592   360        596        10         3085       51435172   14         1.17e-05   1.62e+05   2.51e+04   0.00       < 0.011 0.776 >
2022-10-10 09:01:30 [10/10/22 09:01:30    0.47s]: 11254   354        573        94         3571       111508677  48         1.25e-05   1.73e+05   2.64e+04   0.00       < 0.012 0.807 >
2022-10-10 09:01:30 [10/10/22 09:01:30    0.52s]: 11916   337        452        117        4217       165059238  108        1.26e-05   1.55e+05   2.77e+04   0.00       < 0.012 0.822 >
2022-10-10 09:01:31 [10/10/22 09:01:31    0.56s]: 12578   245        257        151        4944       212795235  162        1.09e-05   1.14e+05   2.89e+04   0.00       < 0.013 0.807 >
2022-10-10 09:01:32 [10/10/22 09:01:32    0.60s]: 13240   187        122        110        5575       255347866  225        7.60e-06   6.07e+04   2.94e+04   0.00       < 0.013 0.810 >
2022-10-10 09:01:32 [10/10/22 09:01:32    0.64s]: 13902   99         37         116        6056       293280219  270        5.13e-06   3.36e+04   2.97e+04   0.00       < 0.013 0.814 >
2022-10-10 09:01:33 [10/10/22 09:01:33    0.66s]: 14564   52         6          53         6384       327093795  315        2.39e-06   1.00e+04   2.87e+04   0.00       < 0.013 0.874 >
2022-10-10 09:01:34 [10/10/22 09:01:34    0.66s]: 15226   26         1          36         6549       357235846  327        7.48e-07   2.21e+03   2.41e+04   0.00       < 0.011 0.837 >
2022-10-10 09:01:34 [10/10/22 09:01:34    0.60s]: 15888   8          0          13         6639       384105040  270        1.42e-07   6.67e+02   1.68e+04   0.00       < 0.008 0.748 >
2022-10-10 09:01:35 [10/10/22 09:01:35    0.53s]: 16550   0          0          3          6663       408056909  202        1.28e-10   4.70e+01   8.85e+03   0.00       < 0.005 0.681 >
2022-10-10 09:01:35 [10/10/22 09:01:35    0.44s]: 17212   0          0          0          6667       429408032  83         0.00e+00   3.31e+00   6.67e+03   0.00       < 0.004 0.590 >
2022-10-10 09:01:36 [10/10/22 09:01:36    0.42s]: 17874   0          0          0          6667       448440788  13         0.00e+00   2.33e-01   6.67e+03   0.00       < 0.004 0.566 >
2022-10-10 09:01:36 [10/10/22 09:01:36    0.41s]: 18536   0          0          0          6667       465407000  0          0.00e+00   1.64e-02   6.67e+03   0.00       < 0.004 0.522 >
2022-10-10 09:01:36 [10/10/22 09:01:36    0.41s]: 19198   0          0          0          6667       480531092  0          0.00e+00   1.16e-03   6.67e+03   0.00       < 0.003 0.434 >
2022-10-10 09:01:37 [10/10/22 09:01:37    0.41s]: 19860   0          0          0          6667       494012953  0          0.00e+00   8.12e-05   6.67e+03   0.00       < 0.002 0.288 >
2022-10-10 09:01:37 [10/10/22 09:01:37    0.39s]: 20522   0          0          0          6667       506030929  0          0.00e+00   5.60e-06   6.67e+03   0.00       < 0.001 0.200 >
2022-10-10 09:01:38 [10/10/22 09:01:38    0.34s]: 21184   0          0          0          6667       516743959  0          0.00e+00   3.51e-07   6.67e+03   0.00       < 0.000 0.101 >
2022-10-10 09:01:38 [10/10/22 09:01:38    0.31s]: 21846   0          0          0          6667       526293785  0          0.00e+00   7.06e-09   6.67e+03   0.00       < 0.000 0.018 >
2022-10-10 09:01:38 [10/10/22 09:01:38    0.28s]: 22508   0          0          0          6667       534806605  0          0.00e+00   0.00e+00   6.67e+03   0.00       < 0.000 1.000 >
2022-10-10 09:01:38 [10/10/22 09:01:38    0.29s]: 23170   0          0          0          6667       542395112  0          0.00e+00   0.00e+00   6.67e+03   0.00       < 0.000 1.000 >
2022-10-10 09:01:39 [10/10/22 09:01:39    0.29s]: 23832   0          0          0          6667       549159704  0          0.00e+00   0.00e+00   6.67e+03   0.00       < 0.000 1.000 >
2022-10-10 09:01:39 [10/10/22 09:01:39    0.29s]: 24494   0          0          0          6667       555189708  0          0.00e+00   0.00e+00   6.67e+03   0.00       < 0.000 1.000 >
2022-10-10 09:01:39 [10/10/22 09:01:39    0.29s]: 25156   0          0          0          6667       560565143  0          0.00e+00   0.00e+00   6.67e+03   0.00       < 0.000 1.000 >
2022-10-10 09:01:40 [10/10/22 09:01:40    0.30s]: 25818   0          0          0          6667       565356814  0          0.00e+00   0.00e+00   6.67e+03   0.00       < 0.000 1.000 >
2022-10-10 09:01:40 [10/10/22 09:01:40    0.30s]: 26480   0          0          0          6667       569628122  0          0.00e+00   0.00e+00   6.67e+03   0.00       < 0.000 1.000 >
2022-10-10 09:01:40 [10/10/22 09:01:40    0.30s]: 27142   0          0          0          6667       573435778  0          0.00e+00   0.00e+00   6.67e+03   0.00       < 0.000 1.000 >
2022-10-10 09:01:40 [10/10/22 09:01:40    0.30s]: 27804   0          0          0          6667       576830020  0          0.00e+00   0.00e+00   6.67e+03   0.00       < 0.000 1.000 >
2022-10-10 09:01:41 [10/10/22 09:01:41    0.30s]: 28466   0          0          0          6667       579855509  0          0.00e+00   0.00e+00   6.67e+03   0.00       < 0.000 1.000 >
2022-10-10 09:01:41 [10/10/22 09:01:41    0.30s]: 29128   0          0          0          6667       582552622  0          0.00e+00   0.00e+00   6.67e+03   0.00       < 0.000 1.000 >
2022-10-10 09:01:41 [10/10/22 09:01:41    0.31s]: 29790   0          0          0          6667       584956893  0          0.00e+00   0.00e+00   6.67e+03   0.00       < 0.000 1.000 >
2022-10-10 09:01:42 [10/10/22 09:01:42    0.31s]: 30452   0          0          0          6667       587100252  0          0.00e+00   0.00e+00   6.67e+03   0.00       < 0.000 1.000 >
2022-10-10 09:01:42 [10/10/22 09:01:42    0.31s]: 31114   0          0          0          6667       589010653  0          0.00e+00   0.00e+00   6.67e+03   0.00       < 0.000 1.000 >
2022-10-10 09:01:42 [10/10/22 09:01:42    0.31s]: 31776   0          0          0          6667       590713745  0          0.00e+00   0.00e+00   6.67e+03   0.00       < 0.000 1.000 >
2022-10-10 09:01:43 [10/10/22 09:01:43    0.31s]: 32438   0          0          0          6667       592231876  0          0.00e+00   0.00e+00   6.67e+03   0.00       < 0.000 1.000 >
2022-10-10 09:01:43 [10/10/22 09:01:43    0.31s]: 33100   0          0          0          6667       593585134  0          0.00e+00   0.00e+00   6.67e+03   0.00       < 0.000 1.000 >
2022-10-10 09:01:43 [10/10/22 09:01:43    0.01s]: 33119   0          0          0          6667       593621726  0          0.00e+00   0.00e+00   6.67e+03   0.00       < 0.000 1.000 >
2022-10-10 09:01:43  ---  main.cpp:generate tcells took  avg 0.00 s max 0.00 s balance 0.89  --- 
2022-10-10 09:01:43  ---  main.cpp:update circulating tcells took  avg 6.16 s max 6.57 s balance 0.94  --- 
2022-10-10 09:01:43  ---  main.cpp:update tcells took  avg 0.23 s max 0.29 s balance 0.78  --- 
2022-10-10 09:01:43  ---  main.cpp:update epicells took  avg 0.28 s max 0.31 s balance 0.90  --- 
2022-10-10 09:01:43  ---  main.cpp:update concentrations took  avg 0.95 s max 1.03 s balance 0.92  --- 
2022-10-10 09:01:43  ---  main.cpp:compute updates took  avg 11.02 s max 11.03 s balance 1.00  --- 
2022-10-10 09:01:43  ---  main.cpp:dispatch updates took  avg 2.63 s max 2.97 s balance 0.89  --- 
2022-10-10 09:01:43  ---  main.cpp:add new actives took  avg 0.13 s max 0.17 s balance 0.78  --- 
2022-10-10 09:01:43  ---  main.cpp:erase inactive took  avg 0.62 s max 0.67 s balance 0.92  --- 
2022-10-10 09:01:43  ---  main.cpp:sample took  avg 0.00 s max 0.00 s balance -nan  --- 
2022-10-10 09:01:43  ---  main.cpp:sample write took  avg 0.00 s max 0.00 s balance -nan  --- 
2022-10-10 09:01:43  ---  main.cpp:log took  avg 1.32 s max 1.33 s balance 0.99  --- 
2022-10-10 09:01:43 Finished 33120 time steps in 17.8449 s (0.0005 s per step)
2022-10-10 09:01:43  --- Elapsed time for main.cpp:run_sim:  (exiting barrier) 2022-10-10 09:01:43 ...
2022-10-10 09:01:43           ... (min/my/avg/max, bal) (17.84/17.85/17.84/17.85 s, 1.00) barrier(0.00 s) --- 
2022-10-10 09:01:43 Peak memory used across all nodes: 21.84GB
2022-10-10 09:01:43 Finished in 21.58 s at 10/10/22 09:01:43 for SimCov version 0.1.1.d78b099-dirty
