2022-10-10 09:00:22 SimCov version SimCov version 0.1.1.d78b099-dirty-master built on 20220926_142515
2022-10-10 09:00:22 _________________________
2022-10-10 09:00:22 Compiler definitions:
2022-10-10 09:00:22   _XOPEN_SOURCE=700
2022-10-10 09:00:22   CONFIG_USE_COLORS
2022-10-10 09:00:22   USE_BYTELL
2022-10-10 09:00:22   MAX_VIRIONS=125000
2022-10-10 09:00:22   MIN_VIRIONS=1e-10
2022-10-10 09:00:22   BLOCK_PARTITION
2022-10-10 09:00:22   MIN_BLOCKS_PER_PROC=1
2022-10-10 09:00:22   AVERAGE_SUBSAMPLE
2022-10-10 09:00:22 _________________________
2022-10-10 09:00:22 Options:
2022-10-10 09:00:22   dim =                         15000 15000 1
2022-10-10 09:00:22   whole-lung-dim =              48000 40000 20000
2022-10-10 09:00:22   timesteps =                   33120
2022-10-10 09:00:22   infection-coords =            uniform:1
2022-10-10 09:00:22   initial-infection =           1000
2022-10-10 09:00:22   incubation-period =           480
2022-10-10 09:00:22   apoptosis-period =            180
2022-10-10 09:00:22   expressing-period =           900
2022-10-10 09:00:22   infectivity =                 0.001
2022-10-10 09:00:22   infectivity-multiplier =      1.0
2022-10-10 09:00:22   virion-production =           1.1
2022-10-10 09:00:22   virion-production-multiplier = 1.0
2022-10-10 09:00:22   virion-clearance =            0.004
2022-10-10 09:00:22   virion-diffusion =            0.004783
2022-10-10 09:00:22   chemokine-production =        1.0
2022-10-10 09:00:22   chemokine-decay =             0.01
2022-10-10 09:00:22   chemokine-diffusion =         0.007632
2022-10-10 09:00:22   min-chemokine =               1e-06
2022-10-10 09:00:22   antibody-factor =             1
2022-10-10 09:00:22   antibody-period =             5760
2022-10-10 09:00:22   tcell-generation-rate =       105000
2022-10-10 09:00:22   tcell-initial-delay =         10080
2022-10-10 09:00:22   tcell-vascular-period =       5760
2022-10-10 09:00:22   tcell-tissue-period =         1440
2022-10-10 09:00:22   tcell-binding-period =        10
2022-10-10 09:00:22   max-binding-prob =            1
2022-10-10 09:00:22   tcells-follow-gradient =      false
2022-10-10 09:00:22   seed =                        29
2022-10-10 09:00:22   sample-period =               0
2022-10-10 09:00:22   sample-resolution =           1
2022-10-10 09:00:22   max-block-dim =               10
2022-10-10 09:00:22   output =                      experiments/j-0.004783_m-0.007632
2022-10-10 09:00:22 _________________________
2022-10-10 09:00:22 Starting run with 64 processes on 2 nodes at 10/10/22 09:00:22
2022-10-10 09:00:22 Pinned processes, with process 0 (pid 1938738) pinned to core 0
2022-10-10 09:00:22 Using block partitioning
2022-10-10 09:00:22 Initial free memory across all nodes: 165.60GB
2022-10-10 09:00:22 Starting with 82.73GB free on node 0
2022-10-10 09:00:22 Dividing 225000000 grid points into 3515625 squares of size 64 (8^2), with 54932 per process
2022-10-10 09:00:22 Total initial memory required per process is at least 281.63MB with each grid point requiring on average 84 bytes
2022-10-10 09:00:25  --- Elapsed time for tissue.cpp:Tissue:  (exiting barrier) 2022-10-10 09:00:25 ...
2022-10-10 09:00:25           ... (min/my/avg/max, bal) (3.54/3.54/3.54/3.54 s, 1.00) barrier(0.00 s) --- 
2022-10-10 09:00:25 Memory used on node 0 after initialization is  10.90GB
2022-10-10 09:00:25           ... (min/my/avg/max, bal) No-Time barrier(0.00 s) --- 
2022-10-10 09:00:25 Fraction of circulating T cells extravasating is 5.85938e-06
2022-10-10 09:00:25 # datetime                    step    incb       expr       apop       dead       tvas       ttis       chem       virs       chempts    %infct     <%active  lbln>
2022-10-10 09:00:25 [0] <main.cpp:141> WARNING: Time step 0: SUCCESSFUL initial infection at (7500, 7500, 0) after 0 tries
2022-10-10 09:00:25 [10/10/22 09:00:25    0.00s]: 0       1          0          0          0          0          0          0.00e+00   0.00e+00   1.00e+00   0.00       < 0.000 0.016 >
2022-10-10 09:00:26 [10/10/22 09:00:26    0.10s]: 662     21         13         0          0          0          0          6.52e-08   1.15e+03   1.08e+02   0.00       < 0.000 0.117 >
2022-10-10 09:00:26 [10/10/22 09:00:26    0.12s]: 1324    53         46         0          0          0          0          2.30e-07   8.85e+03   2.33e+02   0.00       < 0.000 0.169 >
2022-10-10 09:00:26 [10/10/22 09:00:26    0.12s]: 1986    61         93         0          33         0          0          4.78e-07   1.98e+04   3.74e+02   0.00       < 0.000 0.226 >
2022-10-10 09:00:26 [10/10/22 09:00:26    0.12s]: 2648    87         120        0          94         0          0          6.62e-07   2.96e+04   5.36e+02   0.00       < 0.001 0.286 >
2022-10-10 09:00:26 [10/10/22 09:00:26    0.13s]: 3310    117        156        0          180        0          0          8.72e-07   4.00e+04   7.23e+02   0.00       < 0.001 0.354 >
2022-10-10 09:00:26 [10/10/22 09:00:26    0.13s]: 3972    146        192        0          293        0          0          1.07e-06   5.09e+04   9.46e+02   0.00       < 0.001 0.427 >
2022-10-10 09:00:26 [10/10/22 09:00:26    0.13s]: 4634    157        247        0          439        0          0          1.34e-06   6.30e+04   1.21e+03   0.00       < 0.001 0.515 >
2022-10-10 09:00:26 [10/10/22 09:00:26    0.13s]: 5296    179        295        0          617        0          0          1.64e-06   7.70e+04   1.50e+03   0.00       < 0.001 0.609 >
2022-10-10 09:00:27 [10/10/22 09:00:27    0.14s]: 5958    187        341        0          822        0          0          1.86e-06   8.80e+04   1.82e+03   0.00       < 0.001 0.676 >
2022-10-10 09:00:27 [10/10/22 09:00:27    0.14s]: 6620    236        361        0          1066       0          0          2.01e-06   9.69e+04   2.14e+03   0.00       < 0.001 0.566 >
2022-10-10 09:00:27 [10/10/22 09:00:27    0.15s]: 7282    257        411        0          1328       0          0          2.27e-06   1.10e+05   2.55e+03   0.00       < 0.002 0.512 >
2022-10-10 09:00:27 [10/10/22 09:00:27    0.17s]: 7944    270        457        0          1634       0          0          2.55e-06   1.23e+05   2.97e+03   0.00       < 0.002 0.528 >
2022-10-10 09:00:27 [10/10/22 09:00:27    0.18s]: 8606    299        508        0          1970       0          0          2.82e-06   1.35e+05   3.42e+03   0.00       < 0.002 0.595 >
2022-10-10 09:00:27 [10/10/22 09:00:27    0.18s]: 9268    321        563        0          2327       0          0          3.07e-06   1.48e+05   3.92e+03   0.00       < 0.002 0.664 >
2022-10-10 09:00:28 [10/10/22 09:00:28    0.19s]: 9930    330        588        0          2740       0          0          3.25e-06   1.59e+05   4.42e+03   0.00       < 0.003 0.679 >
2022-10-10 09:00:28 [10/10/22 09:00:28    0.22s]: 10592   357        603        14         3174       51435242   3          3.38e-06   1.65e+05   4.93e+03   0.00       < 0.003 0.562 >
2022-10-10 09:00:28 [10/10/22 09:00:28    0.26s]: 11254   353        574        43         3682       111508585  10         3.44e-06   1.68e+05   5.51e+03   0.00       < 0.003 0.595 >
2022-10-10 09:00:28 [10/10/22 09:00:28    0.29s]: 11916   361        490        75         4273       165059185  22         3.16e-06   1.51e+05   6.07e+03   0.00       < 0.004 0.650 >
2022-10-10 09:00:29 [10/10/22 09:00:29    0.33s]: 12578   342        376        131        4883       212795299  28         2.78e-06   1.35e+05   6.65e+03   0.00       < 0.004 0.612 >
2022-10-10 09:00:29 [10/10/22 09:00:29    0.36s]: 13240   351        334        96         5482       255348189  27         2.44e-06   1.13e+05   7.21e+03   0.00       < 0.004 0.574 >
2022-10-10 09:00:29 [10/10/22 09:00:29    0.39s]: 13902   352        331        117        6018       293280589  33         2.45e-06   1.10e+05   7.82e+03   0.00       < 0.004 0.604 >
2022-10-10 09:00:30 [10/10/22 09:00:30    0.42s]: 14564   352        305        123        6603       327094191  46         2.35e-06   1.06e+05   8.43e+03   0.00       < 0.005 0.639 >
2022-10-10 09:00:30 [10/10/22 09:00:30    0.44s]: 15226   306        269        138        7208       357236255  53         2.10e-06   9.60e+04   8.99e+03   0.00       < 0.005 0.675 >
2022-10-10 09:00:31 [10/10/22 09:00:31    0.46s]: 15888   319        199        133        7821       384105526  58         1.73e-06   8.08e+04   9.56e+03   0.00       < 0.005 0.707 >
2022-10-10 09:00:31 [10/10/22 09:00:31    0.47s]: 16550   328        236        111        8336       408057326  54         1.77e-06   7.59e+04   1.02e+04   0.00       < 0.005 0.734 >
2022-10-10 09:00:32 [10/10/22 09:00:32    0.48s]: 17212   346        209        168        8899       429408343  65         1.95e-06   8.36e+04   1.08e+04   0.00       < 0.006 0.767 >
2022-10-10 09:00:32 [10/10/22 09:00:32    0.49s]: 17874   339        149        160        9585       448441002  79         1.53e-06   6.82e+04   1.15e+04   0.00       < 0.006 0.779 >
2022-10-10 09:00:33 [10/10/22 09:00:33    0.50s]: 18536   233        107        164        10260      465406999  102        1.11e-06   4.95e+04   1.20e+04   0.00       < 0.006 0.748 >
2022-10-10 09:00:33 [10/10/22 09:00:33    0.51s]: 19198   216        78         131        10796      480531069  100        8.43e-07   3.45e+04   1.25e+04   0.00       < 0.006 0.771 >
2022-10-10 09:00:34 [10/10/22 09:00:34    0.51s]: 19860   253        88         112        11262      494012881  82         8.33e-07   3.21e+04   1.29e+04   0.01       < 0.006 0.773 >
2022-10-10 09:00:34 [10/10/22 09:00:34    0.51s]: 20522   238        84         133        11716      506030980  71         9.07e-07   3.56e+04   1.35e+04   0.01       < 0.006 0.765 >
2022-10-10 09:00:35 [10/10/22 09:00:35    0.53s]: 21184   254        78         127        12214      516743994  74         8.13e-07   3.26e+04   1.39e+04   0.01       < 0.007 0.724 >
2022-10-10 09:00:35 [10/10/22 09:00:35    0.54s]: 21846   201        66         119        12703      526293826  88         8.77e-07   3.66e+04   1.44e+04   0.01       < 0.007 0.736 >
2022-10-10 09:00:36 [10/10/22 09:00:36    0.56s]: 22508   218        83         114        13129      534806567  85         7.98e-07   3.06e+04   1.47e+04   0.01       < 0.007 0.746 >
2022-10-10 09:00:36 [10/10/22 09:00:36    0.56s]: 23170   190        92         107        13577      542395151  72         8.26e-07   3.29e+04   1.50e+04   0.01       < 0.007 0.700 >
2022-10-10 09:00:37 [10/10/22 09:00:37    0.57s]: 23832   243        136        59         13965      549159600  72         9.82e-07   3.83e+04   1.55e+04   0.01       < 0.007 0.665 >
2022-10-10 09:00:38 [10/10/22 09:00:38    0.59s]: 24494   200        124        136        14378      555189612  87         1.22e-06   5.10e+04   1.61e+04   0.01       < 0.007 0.660 >
2022-10-10 09:00:38 [10/10/22 09:00:38    0.59s]: 25156   179        61         133        14881      560565015  94         7.70e-07   3.33e+04   1.64e+04   0.01       < 0.007 0.654 >
2022-10-10 09:00:39 [10/10/22 09:00:39    0.60s]: 25818   196        52         111        15297      565356736  83         6.62e-07   2.56e+04   1.69e+04   0.01       < 0.007 0.655 >
2022-10-10 09:00:39 [10/10/22 09:00:39    0.61s]: 26480   219        64         106        15729      569627989  73         6.15e-07   2.23e+04   1.74e+04   0.01       < 0.007 0.662 >
2022-10-10 09:00:40 [10/10/22 09:00:40    0.60s]: 27142   272        101        111        16130      573435673  73         8.96e-07   3.10e+04   1.81e+04   0.01       < 0.007 0.678 >
2022-10-10 09:00:41 [10/10/22 09:00:41    0.61s]: 27804   296        130        135        16648      576829815  88         1.13e-06   4.21e+04   1.87e+04   0.01       < 0.008 0.637 >
2022-10-10 09:00:41 [10/10/22 09:00:41    0.63s]: 28466   272        162        138        17190      579855389  90         1.32e-06   5.22e+04   1.92e+04   0.01       < 0.008 0.632 >
2022-10-10 09:00:42 [10/10/22 09:00:42    0.63s]: 29128   271        143        110        17769      582552398  90         1.24e-06   5.01e+04   1.98e+04   0.01       < 0.008 0.640 >
2022-10-10 09:00:43 [10/10/22 09:00:43    0.66s]: 29790   291        109        141        18327      584956625  118        1.12e-06   4.63e+04   2.06e+04   0.01       < 0.008 0.683 >
2022-10-10 09:00:43 [10/10/22 09:00:43    0.67s]: 30452   352        129        150        18908      587099791  118        1.29e-06   4.98e+04   2.13e+04   0.01       < 0.008 0.700 >
2022-10-10 09:00:44 [10/10/22 09:00:44    0.67s]: 31114   312        178        181        19524      589010241  119        1.44e-06   5.83e+04   2.20e+04   0.01       < 0.009 0.721 >
2022-10-10 09:00:45 [10/10/22 09:00:45    0.68s]: 31776   295        130        180        20197      590713278  130        1.36e-06   5.60e+04   2.24e+04   0.01       < 0.009 0.700 >
2022-10-10 09:00:45 [10/10/22 09:00:45    0.71s]: 32438   213        60         194        20931      592231502  125        8.39e-07   3.99e+04   2.28e+04   0.01       < 0.009 0.681 >
2022-10-10 09:00:46 [10/10/22 09:00:46    0.73s]: 33100   206        71         109        21452      593584755  124        6.41e-07   2.67e+04   2.32e+04   0.01       < 0.010 0.673 >
2022-10-10 09:00:46 [10/10/22 09:00:46    0.02s]: 33119   202        71         108        21469      593621347  123        6.49e-07   2.66e+04   2.32e+04   0.01       < 0.010 0.672 >
2022-10-10 09:00:46  ---  main.cpp:generate tcells took  avg 0.00 s max 0.00 s balance 0.89  --- 
2022-10-10 09:00:46  ---  main.cpp:update circulating tcells took  avg 6.28 s max 6.74 s balance 0.93  --- 
2022-10-10 09:00:46  ---  main.cpp:update tcells took  avg 0.19 s max 0.23 s balance 0.83  --- 
2022-10-10 09:00:46  ---  main.cpp:update epicells took  avg 0.32 s max 0.38 s balance 0.86  --- 
2022-10-10 09:00:46  ---  main.cpp:update concentrations took  avg 1.00 s max 1.18 s balance 0.84  --- 
2022-10-10 09:00:46  ---  main.cpp:compute updates took  avg 11.58 s max 11.58 s balance 1.00  --- 
2022-10-10 09:00:46  ---  main.cpp:dispatch updates took  avg 3.45 s max 4.46 s balance 0.77  --- 
2022-10-10 09:00:46  ---  main.cpp:add new actives took  avg 0.09 s max 0.11 s balance 0.84  --- 
2022-10-10 09:00:46  ---  main.cpp:erase inactive took  avg 0.66 s max 0.76 s balance 0.87  --- 
2022-10-10 09:00:46  ---  main.cpp:sample took  avg 0.00 s max 0.00 s balance -nan  --- 
2022-10-10 09:00:46  ---  main.cpp:sample write took  avg 0.00 s max 0.00 s balance -nan  --- 
2022-10-10 09:00:46  ---  main.cpp:log took  avg 1.35 s max 1.36 s balance 1.00  --- 
2022-10-10 09:00:46 Finished 33120 time steps in 20.5248 s (0.0006 s per step)
2022-10-10 09:00:46  --- Elapsed time for main.cpp:run_sim:  (exiting barrier) 2022-10-10 09:00:46 ...
2022-10-10 09:00:46           ... (min/my/avg/max, bal) (20.52/20.52/20.52/20.52 s, 1.00) barrier(0.00 s) --- 
2022-10-10 09:00:46 Peak memory used across all nodes: 21.83GB
2022-10-10 09:00:46 Finished in 24.59 s at 10/10/22 09:00:46 for SimCov version 0.1.1.d78b099-dirty
