2022-10-10 08:59:22 SimCov version SimCov version 0.1.1.d78b099-dirty-master built on 20220926_142515
2022-10-10 08:59:22 _________________________
2022-10-10 08:59:22 Compiler definitions:
2022-10-10 08:59:22   _XOPEN_SOURCE=700
2022-10-10 08:59:22   CONFIG_USE_COLORS
2022-10-10 08:59:22   USE_BYTELL
2022-10-10 08:59:22   MAX_VIRIONS=125000
2022-10-10 08:59:22   MIN_VIRIONS=1e-10
2022-10-10 08:59:22   BLOCK_PARTITION
2022-10-10 08:59:22   MIN_BLOCKS_PER_PROC=1
2022-10-10 08:59:22   AVERAGE_SUBSAMPLE
2022-10-10 08:59:22 _________________________
2022-10-10 08:59:22 Options:
2022-10-10 08:59:22   dim =                         15000 15000 1
2022-10-10 08:59:22   whole-lung-dim =              48000 40000 20000
2022-10-10 08:59:22   timesteps =                   33120
2022-10-10 08:59:22   infection-coords =            uniform:1
2022-10-10 08:59:22   initial-infection =           1000
2022-10-10 08:59:22   incubation-period =           480
2022-10-10 08:59:22   apoptosis-period =            180
2022-10-10 08:59:22   expressing-period =           900
2022-10-10 08:59:22   infectivity =                 0.001
2022-10-10 08:59:22   infectivity-multiplier =      1.0
2022-10-10 08:59:22   virion-production =           1.1
2022-10-10 08:59:22   virion-production-multiplier = 1.0
2022-10-10 08:59:22   virion-clearance =            0.004
2022-10-10 08:59:22   virion-diffusion =            0.002049
2022-10-10 08:59:22   chemokine-production =        1.0
2022-10-10 08:59:22   chemokine-decay =             0.01
2022-10-10 08:59:22   chemokine-diffusion =         0.0717
2022-10-10 08:59:22   min-chemokine =               1e-06
2022-10-10 08:59:22   antibody-factor =             1
2022-10-10 08:59:22   antibody-period =             5760
2022-10-10 08:59:22   tcell-generation-rate =       105000
2022-10-10 08:59:22   tcell-initial-delay =         10080
2022-10-10 08:59:22   tcell-vascular-period =       5760
2022-10-10 08:59:22   tcell-tissue-period =         1440
2022-10-10 08:59:22   tcell-binding-period =        10
2022-10-10 08:59:22   max-binding-prob =            1
2022-10-10 08:59:22   tcells-follow-gradient =      false
2022-10-10 08:59:22   seed =                        29
2022-10-10 08:59:22   sample-period =               0
2022-10-10 08:59:22   sample-resolution =           1
2022-10-10 08:59:22   max-block-dim =               10
2022-10-10 08:59:22   output =                      experiments/j-0.002049_m-0.0717
2022-10-10 08:59:22 _________________________
2022-10-10 08:59:22 Starting run with 64 processes on 2 nodes at 10/10/22 08:59:22
2022-10-10 08:59:22 Pinned processes, with process 0 (pid 1938422) pinned to core 0
2022-10-10 08:59:22 Using block partitioning
2022-10-10 08:59:22 Initial free memory across all nodes: 165.61GB
2022-10-10 08:59:22 Starting with 82.74GB free on node 0
2022-10-10 08:59:22 Dividing 225000000 grid points into 3515625 squares of size 64 (8^2), with 54932 per process
2022-10-10 08:59:22 Total initial memory required per process is at least 281.63MB with each grid point requiring on average 84 bytes
2022-10-10 08:59:26  --- Elapsed time for tissue.cpp:Tissue:  (exiting barrier) 2022-10-10 08:59:26 ...
2022-10-10 08:59:26           ... (min/my/avg/max, bal) (3.55/3.55/3.55/3.55 s, 1.00) barrier(0.00 s) --- 
2022-10-10 08:59:26 Memory used on node 0 after initialization is  10.91GB
2022-10-10 08:59:26           ... (min/my/avg/max, bal) No-Time barrier(0.00 s) --- 
2022-10-10 08:59:26 Fraction of circulating T cells extravasating is 5.85938e-06
2022-10-10 08:59:26 # datetime                    step    incb       expr       apop       dead       tvas       ttis       chem       virs       chempts    %infct     <%active  lbln>
2022-10-10 08:59:26 [0] <main.cpp:141> WARNING: Time step 0: SUCCESSFUL initial infection at (7500, 7500, 0) after 0 tries
2022-10-10 08:59:26 [10/10/22 08:59:26    0.00s]: 0       1          0          0          0          0          0          0.00e+00   0.00e+00   1.00e+00   0.00       < 0.000 0.016 >
2022-10-10 08:59:26 [10/10/22 08:59:26    0.10s]: 662     9          11         0          0          0          0          9.46e-08   8.31e+02   4.31e+02   0.00       < 0.000 0.105 >
2022-10-10 08:59:26 [10/10/22 08:59:26    0.12s]: 1324    21         25         0          0          0          0          2.13e-07   5.03e+03   8.91e+02   0.00       < 0.000 0.218 >
2022-10-10 08:59:26 [10/10/22 08:59:26    0.12s]: 1986    34         38         0          18         0          0          3.82e-07   8.64e+03   1.06e+03   0.00       < 0.000 0.258 >
2022-10-10 08:59:26 [10/10/22 08:59:26    0.13s]: 2648    38         64         0          44         0          0          6.23e-07   1.47e+04   1.26e+03   0.00       < 0.001 0.307 >
2022-10-10 08:59:26 [10/10/22 08:59:26    0.13s]: 3310    60         91         0          84         0          0          8.48e-07   2.12e+04   1.54e+03   0.00       < 0.001 0.376 >
2022-10-10 08:59:26 [10/10/22 08:59:26    0.13s]: 3972    70         121        0          143        0          0          1.11e-06   2.88e+04   1.80e+03   0.00       < 0.001 0.440 >
2022-10-10 08:59:26 [10/10/22 08:59:26    0.13s]: 4634    79         132        0          228        0          0          1.26e-06   3.39e+04   2.03e+03   0.00       < 0.001 0.496 >
2022-10-10 08:59:27 [10/10/22 08:59:27    0.13s]: 5296    89         150        0          327        0          0          1.47e-06   3.85e+04   2.30e+03   0.00       < 0.001 0.561 >
2022-10-10 08:59:27 [10/10/22 08:59:27    0.13s]: 5958    94         175        0          429        0          0          1.67e-06   4.47e+04   2.57e+03   0.00       < 0.001 0.627 >
2022-10-10 08:59:27 [10/10/22 08:59:27    0.13s]: 6620    117        188        0          556        0          0          1.87e-06   5.02e+04   2.88e+03   0.00       < 0.001 0.662 >
2022-10-10 08:59:27 [10/10/22 08:59:27    0.14s]: 7282    117        225        0          687        0          0          2.12e-06   5.66e+04   3.19e+03   0.00       < 0.001 0.616 >
2022-10-10 08:59:27 [10/10/22 08:59:27    0.15s]: 7944    145        240        0          845        0          0          2.30e-06   6.15e+04   3.55e+03   0.00       < 0.002 0.549 >
2022-10-10 08:59:27 [10/10/22 08:59:27    0.16s]: 8606    161        267        0          1012       0          0          2.56e-06   7.06e+04   3.91e+03   0.00       < 0.002 0.509 >
2022-10-10 08:59:27 [10/10/22 08:59:27    0.17s]: 9268    156        282        0          1211       0          0          2.75e-06   7.65e+04   4.26e+03   0.00       < 0.002 0.521 >
2022-10-10 08:59:28 [10/10/22 08:59:28    0.18s]: 9930    182        277        0          1425       0          0          2.85e-06   7.87e+04   4.65e+03   0.00       < 0.002 0.567 >
2022-10-10 08:59:28 [10/10/22 08:59:28    0.20s]: 10592   196        315        0          1632       51435238   2          3.11e-06   8.39e+04   5.03e+03   0.00       < 0.002 0.614 >
2022-10-10 08:59:28 [10/10/22 08:59:28    0.23s]: 11254   187        321        22         1880       111508510  9          3.33e-06   9.20e+04   5.46e+03   0.00       < 0.002 0.666 >
2022-10-10 08:59:28 [10/10/22 08:59:28    0.25s]: 11916   154        245        53         2202       165059095  21         3.13e-06   8.46e+04   5.85e+03   0.00       < 0.003 0.715 >
2022-10-10 08:59:29 [10/10/22 08:59:29    0.30s]: 12578   156        148        76         2530       212795106  26         2.52e-06   5.70e+04   6.18e+03   0.00       < 0.003 0.642 >
2022-10-10 08:59:29 [10/10/22 08:59:29    0.32s]: 13240   121        132        56         2855       255347858  42         1.95e-06   4.40e+04   6.52e+03   0.00       < 0.003 0.561 >
2022-10-10 08:59:29 [10/10/22 08:59:29    0.34s]: 13902   55         39         83         3158       293280374  54         1.26e-06   2.83e+04   6.71e+03   0.00       < 0.003 0.563 >
2022-10-10 08:59:30 [10/10/22 08:59:30    0.36s]: 14564   30         4          46         3373       327094019  65         4.06e-07   8.49e+03   6.52e+03   0.00       < 0.003 0.548 >
2022-10-10 08:59:30 [10/10/22 08:59:30    0.38s]: 15226   10         3          9          3482       357236290  68         8.73e-08   1.67e+03   5.77e+03   0.00       < 0.003 0.530 >
2022-10-10 08:59:30 [10/10/22 08:59:30    0.38s]: 15888   2          0          5          3519       384105523  60         1.71e-09   2.30e+02   4.56e+03   0.00       < 0.002 0.607 >
2022-10-10 08:59:31 [10/10/22 08:59:31    0.36s]: 16550   0          0          0          3528       408057196  33         2.32e-13   1.62e+01   3.53e+03   0.00       < 0.002 0.624 >
2022-10-10 08:59:31 [10/10/22 08:59:31    0.33s]: 17212   0          0          0          3528       429408224  10         0.00e+00   1.14e+00   3.53e+03   0.00       < 0.002 0.603 >
2022-10-10 08:59:31 [10/10/22 08:59:31    0.33s]: 17874   1          0          0          3528       448440886  0          0.00e+00   8.02e-02   3.53e+03   0.00       < 0.002 0.580 >
2022-10-10 08:59:32 [10/10/22 08:59:32    0.36s]: 18536   4          1          0          3528       465407132  1          2.58e-08   2.22e+02   3.84e+03   0.00       < 0.002 0.481 >
2022-10-10 08:59:32 [10/10/22 08:59:32    0.38s]: 19198   1          0          0          3534       480531138  9          3.15e-10   4.42e+01   3.87e+03   0.00       < 0.002 0.407 >
2022-10-10 08:59:32 [10/10/22 08:59:32    0.37s]: 19860   1          0          0          3535       494012836  12         0.00e+00   3.12e+00   3.54e+03   0.00       < 0.001 0.321 >
2022-10-10 08:59:33 [10/10/22 08:59:33    0.37s]: 20522   3          0          4          3536       506030845  9          5.92e-10   4.18e+01   3.89e+03   0.00       < 0.001 0.219 >
2022-10-10 08:59:33 [10/10/22 08:59:33    0.35s]: 21184   2          0          1          3544       516743857  9          1.70e-08   1.71e+02   3.91e+03   0.00       < 0.000 0.211 >
2022-10-10 08:59:34 [10/10/22 08:59:34    0.35s]: 21846   0          0          1          3549       526293598  9          1.83e-11   1.20e+01   3.90e+03   0.00       < 0.000 0.140 >
2022-10-10 08:59:34 [10/10/22 08:59:34    0.33s]: 22508   0          0          0          3550       534806461  8          0.00e+00   8.47e-01   3.55e+03   0.00       < 0.000 0.114 >
2022-10-10 08:59:34 [10/10/22 08:59:34    0.32s]: 23170   0          0          0          3550       542394987  2          0.00e+00   5.96e-02   3.55e+03   0.00       < 0.000 0.106 >
2022-10-10 08:59:35 [10/10/22 08:59:35    0.33s]: 23832   0          0          0          3550       549159564  0          0.00e+00   4.20e-03   3.55e+03   0.00       < 0.000 0.100 >
2022-10-10 08:59:35 [10/10/22 08:59:35    0.33s]: 24494   0          0          0          3550       555189660  0          0.00e+00   2.96e-04   3.55e+03   0.00       < 0.000 0.093 >
2022-10-10 08:59:35 [10/10/22 08:59:35    0.33s]: 25156   0          0          0          3550       560565017  0          0.00e+00   2.08e-05   3.55e+03   0.00       < 0.000 0.083 >
2022-10-10 08:59:36 [10/10/22 08:59:36    0.33s]: 25818   0          0          0          3550       565356578  0          0.00e+00   1.46e-06   3.55e+03   0.00       < 0.000 0.061 >
2022-10-10 08:59:36 [10/10/22 08:59:36    0.33s]: 26480   0          0          0          3550       569627969  0          0.00e+00   9.75e-08   3.55e+03   0.00       < 0.000 0.034 >
2022-10-10 08:59:36 [10/10/22 08:59:36    0.32s]: 27142   0          0          0          3550       573435595  0          0.00e+00   1.62e-09   3.55e+03   0.00       < 0.000 0.016 >
2022-10-10 08:59:36 [10/10/22 08:59:36    0.30s]: 27804   0          0          0          3550       576829630  0          0.00e+00   0.00e+00   3.55e+03   0.00       < 0.000 1.000 >
2022-10-10 08:59:37 [10/10/22 08:59:37    0.30s]: 28466   0          0          0          3550       579855153  0          0.00e+00   0.00e+00   3.55e+03   0.00       < 0.000 1.000 >
2022-10-10 08:59:37 [10/10/22 08:59:37    0.30s]: 29128   0          0          0          3550       582552437  0          0.00e+00   0.00e+00   3.55e+03   0.00       < 0.000 1.000 >
2022-10-10 08:59:37 [10/10/22 08:59:37    0.30s]: 29790   0          0          0          3550       584956721  0          0.00e+00   0.00e+00   3.55e+03   0.00       < 0.000 1.000 >
2022-10-10 08:59:38 [10/10/22 08:59:38    0.30s]: 30452   0          0          0          3550       587099874  0          0.00e+00   0.00e+00   3.55e+03   0.00       < 0.000 1.000 >
2022-10-10 08:59:38 [10/10/22 08:59:38    0.30s]: 31114   0          0          0          3550       589010282  0          0.00e+00   0.00e+00   3.55e+03   0.00       < 0.000 1.000 >
2022-10-10 08:59:38 [10/10/22 08:59:38    0.30s]: 31776   0          0          0          3550       590713243  0          0.00e+00   0.00e+00   3.55e+03   0.00       < 0.000 1.000 >
2022-10-10 08:59:39 [10/10/22 08:59:39    0.30s]: 32438   0          0          0          3550       592231468  0          0.00e+00   0.00e+00   3.55e+03   0.00       < 0.000 1.000 >
2022-10-10 08:59:39 [10/10/22 08:59:39    0.30s]: 33100   0          0          0          3550       593584840  0          0.00e+00   0.00e+00   3.55e+03   0.00       < 0.000 1.000 >
2022-10-10 08:59:39 [10/10/22 08:59:39    0.01s]: 33119   0          0          0          3550       593621438  0          0.00e+00   0.00e+00   3.55e+03   0.00       < 0.000 1.000 >
2022-10-10 08:59:39  ---  main.cpp:generate tcells took  avg 0.00 s max 0.00 s balance 0.92  --- 
2022-10-10 08:59:39  ---  main.cpp:update circulating tcells took  avg 6.12 s max 6.68 s balance 0.92  --- 
2022-10-10 08:59:39  ---  main.cpp:update tcells took  avg 0.05 s max 0.07 s balance 0.69  --- 
2022-10-10 08:59:39  ---  main.cpp:update epicells took  avg 0.07 s max 0.11 s balance 0.61  --- 
2022-10-10 08:59:39  ---  main.cpp:update concentrations took  avg 0.21 s max 0.32 s balance 0.65  --- 
2022-10-10 08:59:39  ---  main.cpp:compute updates took  avg 8.32 s max 8.32 s balance 1.00  --- 
2022-10-10 08:59:39  ---  main.cpp:dispatch updates took  avg 1.19 s max 1.64 s balance 0.72  --- 
2022-10-10 08:59:39  ---  main.cpp:add new actives took  avg 0.03 s max 0.04 s balance 0.76  --- 
2022-10-10 08:59:39  ---  main.cpp:erase inactive took  avg 0.15 s max 0.23 s balance 0.65  --- 
2022-10-10 08:59:39  ---  main.cpp:sample took  avg 0.00 s max 0.00 s balance -nan  --- 
2022-10-10 08:59:39  ---  main.cpp:sample write took  avg 0.00 s max 0.00 s balance -nan  --- 
2022-10-10 08:59:39  ---  main.cpp:log took  avg 1.24 s max 1.24 s balance 1.00  --- 
2022-10-10 08:59:39 Finished 33120 time steps in 13.3271 s (0.0004 s per step)
2022-10-10 08:59:39  --- Elapsed time for main.cpp:run_sim:  (exiting barrier) 2022-10-10 08:59:39 ...
2022-10-10 08:59:39           ... (min/my/avg/max, bal) (13.33/13.33/13.33/13.33 s, 1.00) barrier(0.00 s) --- 
2022-10-10 08:59:39 Peak memory used across all nodes: 21.83GB
2022-10-10 08:59:39 Finished in 17.10 s at 10/10/22 08:59:39 for SimCov version 0.1.1.d78b099-dirty
