2022-10-10 09:02:22 SimCov version SimCov version 0.1.1.d78b099-dirty-master built on 20220926_142515
2022-10-10 09:02:22 _________________________
2022-10-10 09:02:22 Compiler definitions:
2022-10-10 09:02:22   _XOPEN_SOURCE=700
2022-10-10 09:02:22   CONFIG_USE_COLORS
2022-10-10 09:02:22   USE_BYTELL
2022-10-10 09:02:22   MAX_VIRIONS=125000
2022-10-10 09:02:22   MIN_VIRIONS=1e-10
2022-10-10 09:02:22   BLOCK_PARTITION
2022-10-10 09:02:22   MIN_BLOCKS_PER_PROC=1
2022-10-10 09:02:22   AVERAGE_SUBSAMPLE
2022-10-10 09:02:22 _________________________
2022-10-10 09:02:22 Options:
2022-10-10 09:02:22   dim =                         15000 15000 1
2022-10-10 09:02:22   whole-lung-dim =              48000 40000 20000
2022-10-10 09:02:22   timesteps =                   33120
2022-10-10 09:02:22   infection-coords =            uniform:1
2022-10-10 09:02:22   initial-infection =           1000
2022-10-10 09:02:22   incubation-period =           480
2022-10-10 09:02:22   apoptosis-period =            180
2022-10-10 09:02:22   expressing-period =           900
2022-10-10 09:02:22   infectivity =                 0.001
2022-10-10 09:02:22   infectivity-multiplier =      1.0
2022-10-10 09:02:22   virion-production =           1.1
2022-10-10 09:02:22   virion-production-multiplier = 1.0
2022-10-10 09:02:22   virion-clearance =            0.004
2022-10-10 09:02:22   virion-diffusion =            0.15
2022-10-10 09:02:22   chemokine-production =        1.0
2022-10-10 09:02:22   chemokine-decay =             0.01
2022-10-10 09:02:22   chemokine-diffusion =         0.763
2022-10-10 09:02:22   min-chemokine =               1e-06
2022-10-10 09:02:22   antibody-factor =             1
2022-10-10 09:02:22   antibody-period =             5760
2022-10-10 09:02:22   tcell-generation-rate =       105000
2022-10-10 09:02:22   tcell-initial-delay =         10080
2022-10-10 09:02:22   tcell-vascular-period =       5760
2022-10-10 09:02:22   tcell-tissue-period =         1440
2022-10-10 09:02:22   tcell-binding-period =        10
2022-10-10 09:02:22   max-binding-prob =            1
2022-10-10 09:02:22   tcells-follow-gradient =      false
2022-10-10 09:02:22   seed =                        29
2022-10-10 09:02:22   sample-period =               0
2022-10-10 09:02:22   sample-resolution =           1
2022-10-10 09:02:22   max-block-dim =               10
2022-10-10 09:02:22   output =                      experiments/j-0.15_m-0.763
2022-10-10 09:02:22 _________________________
2022-10-10 09:02:22 Starting run with 64 processes on 2 nodes at 10/10/22 09:02:22
2022-10-10 09:02:22 Pinned processes, with process 0 (pid 1939390) pinned to core 0
2022-10-10 09:02:22 Using block partitioning
2022-10-10 09:02:22 Initial free memory across all nodes: 165.54GB
2022-10-10 09:02:22 Starting with 82.69GB free on node 0
2022-10-10 09:02:22 Dividing 225000000 grid points into 3515625 squares of size 64 (8^2), with 54932 per process
2022-10-10 09:02:22 Total initial memory required per process is at least 281.63MB with each grid point requiring on average 84 bytes
2022-10-10 09:02:26  --- Elapsed time for tissue.cpp:Tissue:  (exiting barrier) 2022-10-10 09:02:26 ...
2022-10-10 09:02:26           ... (min/my/avg/max, bal) (3.70/3.70/3.70/3.70 s, 1.00) barrier(0.00 s) --- 
2022-10-10 09:02:26 Memory used on node 0 after initialization is  10.90GB
2022-10-10 09:02:26           ... (min/my/avg/max, bal) No-Time barrier(0.00 s) --- 
2022-10-10 09:02:26 Fraction of circulating T cells extravasating is 5.85938e-06
2022-10-10 09:02:26 # datetime                    step    incb       expr       apop       dead       tvas       ttis       chem       virs       chempts    %infct     <%active  lbln>
2022-10-10 09:02:26 [0] <main.cpp:141> WARNING: Time step 0: SUCCESSFUL initial infection at (7500, 7500, 0) after 0 tries
2022-10-10 09:02:26 [10/10/22 09:02:26    0.00s]: 0       1          0          0          0          0          0          0.00e+00   0.00e+00   1.00e+00   0.00       < 0.000 0.016 >
2022-10-10 09:02:26 [10/10/22 09:02:26    0.15s]: 662     149        77         0          0          0          0          1.49e-06   5.89e+03   5.10e+03   0.00       < 0.004 0.649 >
2022-10-10 09:02:26 [10/10/22 09:02:26    0.29s]: 1324    806        511        0          1          0          0          5.54e-06   7.12e+04   1.38e+04   0.00       < 0.006 0.806 >
2022-10-10 09:02:27 [10/10/22 09:02:27    0.35s]: 1986    1423       1528       0          182        0          0          1.31e-05   3.06e+05   1.85e+04   0.00       < 0.008 0.757 >
2022-10-10 09:02:27 [10/10/22 09:02:27    0.43s]: 2648    1954       2466       0          1231       0          0          2.28e-05   5.74e+05   2.44e+04   0.00       < 0.011 0.765 >
2022-10-10 09:02:28 [10/10/22 09:02:28    0.54s]: 3310    2470       3519       0          2961       0          0          3.23e-05   8.60e+05   3.10e+04   0.00       < 0.014 0.841 >
2022-10-10 09:02:28 [10/10/22 09:02:28    0.62s]: 3972    3163       4603       0          5410       0          0          4.23e-05   1.16e+06   3.87e+04   0.01       < 0.017 0.869 >
2022-10-10 09:02:29 [10/10/22 09:02:29    0.75s]: 4634    3656       5791       0          8668       0          0          5.30e-05   1.47e+06   4.69e+04   0.01       < 0.021 0.872 >
2022-10-10 09:02:30 [10/10/22 09:02:30    0.85s]: 5296    4206       6848       0          12785      0          0          6.22e-05   1.77e+06   5.63e+04   0.01       < 0.025 0.876 >
2022-10-10 09:02:31 [10/10/22 09:02:31    1.00s]: 5958    4963       7948       0          17661      0          0          7.22e-05   2.05e+06   6.66e+04   0.01       < 0.030 0.920 >
2022-10-10 09:02:32 [10/10/22 09:02:32    1.14s]: 6620    5677       9140       0          23339      0          0          8.36e-05   2.39e+06   7.75e+04   0.02       < 0.034 0.870 >
2022-10-10 09:02:33 [10/10/22 09:02:33    1.29s]: 7282    6042       10313      0          30011      0          0          9.37e-05   2.71e+06   8.90e+04   0.02       < 0.040 0.924 >
2022-10-10 09:02:35 [10/10/22 09:02:35    1.41s]: 7944    6578       11259      0          37481      0          0          1.01e-04   3.00e+06   1.02e+05   0.02       < 0.045 0.937 >
2022-10-10 09:02:36 [10/10/22 09:02:36    1.59s]: 8606    7228       12273      0          45638      0          0          1.12e-04   3.26e+06   1.15e+05   0.03       < 0.051 0.918 >
2022-10-10 09:02:38 [10/10/22 09:02:38    1.84s]: 9268    7855       13429      0          54565      0          0          1.23e-04   3.56e+06   1.29e+05   0.03       < 0.057 0.925 >
2022-10-10 09:02:40 [10/10/22 09:02:40    1.99s]: 9930    8499       14745      0          64229      0          0          1.33e-04   3.89e+06   1.44e+05   0.04       < 0.064 0.941 >
2022-10-10 09:02:42 [10/10/22 09:02:42    2.22s]: 10592   8919       15648      119        74960      51435159   53         1.42e-04   4.22e+06   1.59e+05   0.04       < 0.071 0.956 >
2022-10-10 09:02:45 [10/10/22 09:02:45    2.49s]: 11254   9145       15636      660        87087      111508294  259        1.51e-04   4.38e+06   1.75e+05   0.05       < 0.078 0.949 >
2022-10-10 09:02:48 [10/10/22 09:02:48    2.74s]: 11916   9210       14612      1508       100744     165058690  615        1.58e-04   4.32e+06   1.93e+05   0.06       < 0.086 0.951 >
2022-10-10 09:02:51 [10/10/22 09:02:51    3.04s]: 12578   8788       12398      2401       116182     212794346  1014       1.60e-04   3.97e+06   2.10e+05   0.06       < 0.093 0.958 >
2022-10-10 09:02:54 [10/10/22 09:02:54    3.37s]: 13240   8907       9854       2783       132044     255346653  1339       1.60e-04   3.41e+06   2.27e+05   0.07       < 0.100 0.960 >
2022-10-10 09:02:58 [10/10/22 09:02:58    3.63s]: 13902   8971       8635       3198       147402     293278418  1650       1.58e-04   2.99e+06   2.45e+05   0.07       < 0.107 0.972 >
2022-10-10 09:03:02 [10/10/22 09:03:02    4.11s]: 14564   9015       7841       3796       162672     327091285  1980       1.62e-04   2.81e+06   2.64e+05   0.08       < 0.114 0.952 >
2022-10-10 09:03:06 [10/10/22 09:03:06    4.30s]: 15226   8582       6822       4090       178928     357232801  2362       1.60e-04   2.56e+06   2.81e+05   0.09       < 0.120 0.949 >
2022-10-10 09:03:11 [10/10/22 09:03:11    4.53s]: 15888   8134       5594       4236       195604     384101214  2786       1.54e-04   2.20e+06   2.99e+05   0.09       < 0.126 0.978 >
2022-10-10 09:03:15 [10/10/22 09:03:15    4.84s]: 16550   7982       4014       4047       212444     408052308  3073       1.44e-04   1.77e+06   3.17e+05   0.10       < 0.132 0.963 >
2022-10-10 09:03:21 [10/10/22 09:03:21    5.15s]: 17212   7988       3634       3937       228042     429402428  3307       1.33e-04   1.50e+06   3.34e+05   0.11       < 0.137 0.951 >
2022-10-10 09:03:26 [10/10/22 09:03:26    5.40s]: 17874   7914       3516       4308       243530     448434255  3535       1.31e-04   1.45e+06   3.53e+05   0.12       < 0.142 0.969 >
2022-10-10 09:03:32 [10/10/22 09:03:32    5.63s]: 18536   8009       2973       4449       259703     465399377  3767       1.31e-04   1.31e+06   3.71e+05   0.12       < 0.147 0.962 >
2022-10-10 09:03:37 [10/10/22 09:03:37    5.86s]: 19198   7491       2500       4540       276223     480522454  4037       1.27e-04   1.20e+06   3.90e+05   0.13       < 0.151 0.946 >
2022-10-10 09:03:43 [10/10/22 09:03:43    6.00s]: 19860   7254       1923       4429       292822     494003261  4212       1.17e-04   9.83e+05   4.08e+05   0.14       < 0.155 0.956 >
2022-10-10 09:03:50 [10/10/22 09:03:50    6.14s]: 20522   7242       1563       4344       308902     506020206  4468       1.10e-04   8.27e+05   4.26e+05   0.14       < 0.159 0.964 >
2022-10-10 09:03:56 [10/10/22 09:03:56    6.37s]: 21184   7058       1556       4211       324965     516732199  4672       1.04e-04   7.38e+05   4.45e+05   0.15       < 0.162 0.966 >
2022-10-10 09:04:03 [10/10/22 09:04:03    6.66s]: 21846   6664       1309       4266       340827     526281069  4971       1.00e-04   6.88e+05   4.63e+05   0.16       < 0.165 0.953 >
2022-10-10 09:04:09 [10/10/22 09:04:09    6.70s]: 22508   6113       1197       4214       356501     534793094  5092       9.25e-05   5.99e+05   4.80e+05   0.16       < 0.169 0.970 >
2022-10-10 09:04:16 [10/10/22 09:04:16    6.92s]: 23170   5865       920        3914       371839     542380850  5181       8.45e-05   4.93e+05   4.98e+05   0.17       < 0.172 0.963 >
2022-10-10 09:04:23 [10/10/22 09:04:23    7.05s]: 23832   5612       803        3899       386336     549144857  5271       7.56e-05   4.38e+05   5.16e+05   0.18       < 0.175 0.969 >
2022-10-10 09:04:30 [10/10/22 09:04:30    7.13s]: 24494   5258       648        3774       400574     555174226  5271       6.93e-05   3.93e+05   5.34e+05   0.18       < 0.177 0.981 >
2022-10-10 09:04:38 [10/10/22 09:04:38    7.20s]: 25156   4931       683        3621       414197     560548830  5362       6.50e-05   3.54e+05   5.50e+05   0.19       < 0.180 0.954 >
2022-10-10 09:04:45 [10/10/22 09:04:45    7.36s]: 25818   4230       534        3450       427461     565339661  5667       5.89e-05   3.13e+05   5.64e+05   0.19       < 0.182 0.956 >
2022-10-10 09:04:52 [10/10/22 09:04:52    7.47s]: 26480   3847       407        3146       439431     569610388  5704       5.04e-05   2.40e+05   5.74e+05   0.20       < 0.184 0.970 >
2022-10-10 09:05:00 [10/10/22 09:05:00    7.55s]: 27142   3252       330        2738       450437     573417762  5522       4.52e-05   2.01e+05   5.77e+05   0.20       < 0.186 0.972 >
2022-10-10 09:05:08 [10/10/22 09:05:08    8.40s]: 27804   2608       208        2435       459889     576811602  5252       3.60e-05   1.53e+05   5.75e+05   0.21       < 0.186 0.966 >
2022-10-10 09:05:16 [10/10/22 09:05:16    7.48s]: 28466   1966       182        1940       468069     579837133  4977       2.29e-05   1.04e+05   5.82e+05   0.21       < 0.186 0.960 >
2022-10-10 09:05:23 [10/10/22 09:05:23    7.28s]: 29128   1372       120        1316       474394     582534352  4691       1.62e-05   7.15e+04   5.84e+05   0.21       < 0.185 0.967 >
2022-10-10 09:05:30 [10/10/22 09:05:30    7.15s]: 29790   1160       146        1015       478730     584938990  4167       1.39e-05   6.00e+04   5.67e+05   0.21       < 0.183 0.954 >
2022-10-10 09:05:37 [10/10/22 09:05:37    6.70s]: 30452   857        127        812        482152     587083001  3391       1.24e-05   6.41e+04   5.45e+05   0.22       < 0.177 0.949 >
2022-10-10 09:05:43 [10/10/22 09:05:43    6.15s]: 31114   735        66         709        484877     588994330  2586       8.73e-06   4.58e+04   5.41e+05   0.22       < 0.167 0.927 >
2022-10-10 09:05:49 [10/10/22 09:05:49    5.69s]: 31776   505        44         464        487205     590698351  1988       5.22e-06   2.76e+04   5.28e+05   0.22       < 0.156 0.926 >
2022-10-10 09:05:54 [10/10/22 09:05:54    5.09s]: 32438   478        16         361        488799     592217659  1524       4.45e-06   1.70e+04   5.29e+05   0.22       < 0.147 0.950 >
2022-10-10 09:05:59 [10/10/22 09:05:59    4.68s]: 33100   499        34         376        490118     593571778  1236       5.83e-06   1.96e+04   5.27e+05   0.22       < 0.134 0.931 >
2022-10-10 09:05:59 [10/10/22 09:05:59    0.14s]: 33119   500        29         389        490152     593608394  1238       5.69e-06   1.95e+04   5.27e+05   0.22       < 0.133 0.935 >
2022-10-10 09:05:59  ---  main.cpp:generate tcells took  avg 0.00 s max 0.01 s balance 0.71  --- 
2022-10-10 09:05:59  ---  main.cpp:update circulating tcells took  avg 7.30 s max 7.79 s balance 0.94  --- 
2022-10-10 09:05:59  ---  main.cpp:update tcells took  avg 11.86 s max 13.21 s balance 0.90  --- 
2022-10-10 09:05:59  ---  main.cpp:update epicells took  avg 7.64 s max 7.91 s balance 0.97  --- 
2022-10-10 09:05:59  ---  main.cpp:update concentrations took  avg 36.77 s max 38.52 s balance 0.95  --- 
2022-10-10 09:05:59  ---  main.cpp:compute updates took  avg 116.76 s max 116.79 s balance 1.00  --- 
2022-10-10 09:05:59  ---  main.cpp:dispatch updates took  avg 58.98 s max 62.54 s balance 0.94  --- 
2022-10-10 09:05:59  ---  main.cpp:add new actives took  avg 2.68 s max 2.79 s balance 0.96  --- 
2022-10-10 09:05:59  ---  main.cpp:erase inactive took  avg 20.33 s max 21.26 s balance 0.96  --- 
2022-10-10 09:05:59  ---  main.cpp:sample took  avg 0.00 s max 0.00 s balance -nan  --- 
2022-10-10 09:05:59  ---  main.cpp:sample write took  avg 0.00 s max 0.00 s balance -nan  --- 
2022-10-10 09:05:59  ---  main.cpp:log took  avg 2.97 s max 2.98 s balance 1.00  --- 
2022-10-10 09:05:59 Finished 33120 time steps in 212.8665 s (0.0064 s per step)
2022-10-10 09:05:59  --- Elapsed time for main.cpp:run_sim:  (exiting barrier) 2022-10-10 09:05:59 ...
2022-10-10 09:05:59           ... (min/my/avg/max, bal) (212.87/212.87/212.87/212.87 s, 1.00) barrier(0.00 s) --- 
2022-10-10 09:05:59 Peak memory used across all nodes: 22.00GB
2022-10-10 09:05:59 Finished in 217.13 s at 10/10/22 09:05:59 for SimCov version 0.1.1.d78b099-dirty
