2022-10-10 09:01:22 SimCov version SimCov version 0.1.1.d78b099-dirty-master built on 20220926_142515
2022-10-10 09:01:22 _________________________
2022-10-10 09:01:22 Compiler definitions:
2022-10-10 09:01:22   _XOPEN_SOURCE=700
2022-10-10 09:01:22   CONFIG_USE_COLORS
2022-10-10 09:01:22   USE_BYTELL
2022-10-10 09:01:22   MAX_VIRIONS=125000
2022-10-10 09:01:22   MIN_VIRIONS=1e-10
2022-10-10 09:01:22   BLOCK_PARTITION
2022-10-10 09:01:22   MIN_BLOCKS_PER_PROC=1
2022-10-10 09:01:22   AVERAGE_SUBSAMPLE
2022-10-10 09:01:22 _________________________
2022-10-10 09:01:22 Options:
2022-10-10 09:01:22   dim =                         15000 15000 1
2022-10-10 09:01:22   whole-lung-dim =              48000 40000 20000
2022-10-10 09:01:22   timesteps =                   33120
2022-10-10 09:01:22   infection-coords =            uniform:1
2022-10-10 09:01:22   initial-infection =           1000
2022-10-10 09:01:22   incubation-period =           480
2022-10-10 09:01:22   apoptosis-period =            180
2022-10-10 09:01:22   expressing-period =           900
2022-10-10 09:01:22   infectivity =                 0.001
2022-10-10 09:01:22   infectivity-multiplier =      1.0
2022-10-10 09:01:22   virion-production =           1.1
2022-10-10 09:01:22   virion-production-multiplier = 1.0
2022-10-10 09:01:22   virion-clearance =            0.004
2022-10-10 09:01:22   virion-diffusion =            0.004783
2022-10-10 09:01:22   chemokine-production =        1.0
2022-10-10 09:01:22   chemokine-decay =             0.01
2022-10-10 09:01:22   chemokine-diffusion =         0.0717
2022-10-10 09:01:22   min-chemokine =               1e-06
2022-10-10 09:01:22   antibody-factor =             1
2022-10-10 09:01:22   antibody-period =             5760
2022-10-10 09:01:22   tcell-generation-rate =       105000
2022-10-10 09:01:22   tcell-initial-delay =         10080
2022-10-10 09:01:22   tcell-vascular-period =       5760
2022-10-10 09:01:22   tcell-tissue-period =         1440
2022-10-10 09:01:22   tcell-binding-period =        10
2022-10-10 09:01:22   max-binding-prob =            1
2022-10-10 09:01:22   tcells-follow-gradient =      false
2022-10-10 09:01:22   seed =                        29
2022-10-10 09:01:22   sample-period =               0
2022-10-10 09:01:22   sample-resolution =           1
2022-10-10 09:01:22   max-block-dim =               10
2022-10-10 09:01:22   output =                      experiments/j-0.004783_m-0.0717
2022-10-10 09:01:22 _________________________
2022-10-10 09:01:22 Starting run with 64 processes on 2 nodes at 10/10/22 09:01:22
2022-10-10 09:01:22 Pinned processes, with process 0 (pid 2095270) pinned to core 0
2022-10-10 09:01:22 Using block partitioning
2022-10-10 09:01:22 Initial free memory across all nodes: 163.02GB
2022-10-10 09:01:22 Starting with 81.68GB free on node 0
2022-10-10 09:01:22 Dividing 225000000 grid points into 3515625 squares of size 64 (8^2), with 54932 per process
2022-10-10 09:01:22 Total initial memory required per process is at least 281.63MB with each grid point requiring on average 84 bytes
2022-10-10 09:01:25  --- Elapsed time for tissue.cpp:Tissue:  (exiting barrier) 2022-10-10 09:01:25 ...
2022-10-10 09:01:25           ... (min/my/avg/max, bal) (3.50/3.50/3.50/3.50 s, 1.00) barrier(0.00 s) --- 
2022-10-10 09:01:25 Memory used on node 0 after initialization is  10.91GB
2022-10-10 09:01:25           ... (min/my/avg/max, bal) No-Time barrier(0.00 s) --- 
2022-10-10 09:01:25 Fraction of circulating T cells extravasating is 5.85938e-06
2022-10-10 09:01:25 # datetime                    step    incb       expr       apop       dead       tvas       ttis       chem       virs       chempts    %infct     <%active  lbln>
2022-10-10 09:01:25 [0] <main.cpp:141> WARNING: Time step 0: SUCCESSFUL initial infection at (7500, 7500, 0) after 0 tries
2022-10-10 09:01:25 [10/10/22 09:01:25    0.00s]: 0       1          0          0          0          0          0          0.00e+00   0.00e+00   1.00e+00   0.00       < 0.000 0.016 >
2022-10-10 09:01:25 [10/10/22 09:01:25    0.11s]: 662     14         17         0          0          0          0          1.43e-07   1.65e+03   5.03e+02   0.00       < 0.000 0.125 >
2022-10-10 09:01:25 [10/10/22 09:01:25    0.13s]: 1324    50         43         0          0          0          0          3.23e-07   8.71e+03   9.98e+02   0.00       < 0.000 0.244 >
2022-10-10 09:01:26 [10/10/22 09:01:26    0.13s]: 1986    69         76         0          30         0          0          6.44e-07   1.74e+04   1.26e+03   0.00       < 0.001 0.307 >
2022-10-10 09:01:26 [10/10/22 09:01:26    0.13s]: 2648    69         115        0          88         0          0          9.81e-07   2.74e+04   1.54e+03   0.00       < 0.001 0.375 >
2022-10-10 09:01:26 [10/10/22 09:01:26    0.13s]: 3310    92         160        0          167        0          0          1.35e-06   3.86e+04   1.88e+03   0.00       < 0.001 0.458 >
2022-10-10 09:01:26 [10/10/22 09:01:26    0.13s]: 3972    124        202        0          265        0          0          1.65e-06   4.94e+04   2.25e+03   0.00       < 0.001 0.550 >
2022-10-10 09:01:26 [10/10/22 09:01:26    0.13s]: 4634    139        245        0          406        0          0          2.00e-06   5.94e+04   2.63e+03   0.00       < 0.001 0.642 >
2022-10-10 09:01:26 [10/10/22 09:01:26    0.14s]: 5296    160        281        0          571        0          0          2.36e-06   7.22e+04   3.06e+03   0.00       < 0.001 0.614 >
2022-10-10 09:01:26 [10/10/22 09:01:26    0.15s]: 5958    186        322        0          773        0          0          2.71e-06   8.21e+04   3.50e+03   0.00       < 0.002 0.502 >
2022-10-10 09:01:27 [10/10/22 09:01:27    0.17s]: 6620    202        377        0          998        0          0          3.14e-06   9.41e+04   3.98e+03   0.00       < 0.002 0.485 >
2022-10-10 09:01:27 [10/10/22 09:01:27    0.18s]: 7282    243        428        0          1253       0          0          3.52e-06   1.09e+05   4.52e+03   0.00       < 0.002 0.552 >
2022-10-10 09:01:27 [10/10/22 09:01:27    0.18s]: 7944    272        477        0          1547       0          0          3.93e-06   1.23e+05   5.09e+03   0.00       < 0.002 0.621 >
2022-10-10 09:01:27 [10/10/22 09:01:27    0.19s]: 8606    284        487        0          1899       0          0          4.15e-06   1.31e+05   5.65e+03   0.00       < 0.003 0.689 >
2022-10-10 09:01:27 [10/10/22 09:01:27    0.19s]: 9268    299        540        0          2249       0          0          4.60e-06   1.42e+05   6.27e+03   0.00       < 0.003 0.628 >
2022-10-10 09:01:28 [10/10/22 09:01:28    0.21s]: 9930    311        597        0          2640       0          0          4.96e-06   1.56e+05   6.94e+03   0.00       < 0.003 0.567 >
2022-10-10 09:01:28 [10/10/22 09:01:28    0.24s]: 10592   344        629        0          3056       51435219   0          5.19e-06   1.64e+05   7.60e+03   0.00       < 0.003 0.618 >
2022-10-10 09:01:28 [10/10/22 09:01:28    0.27s]: 11254   346        641        25         3520       111508623  11         5.53e-06   1.73e+05   8.29e+03   0.00       < 0.004 0.617 >
2022-10-10 09:01:28 [10/10/22 09:01:28    0.31s]: 11916   348        533        81         4110       165059065  31         5.38e-06   1.66e+05   9.02e+03   0.00       < 0.004 0.575 >
2022-10-10 09:01:29 [10/10/22 09:01:29    0.36s]: 12578   325        377        101        4782       212795045  50         4.64e-06   1.35e+05   9.67e+03   0.00       < 0.004 0.590 >
2022-10-10 09:01:29 [10/10/22 09:01:29    0.39s]: 13240   274        224        116        5436       255347748  69         3.60e-06   9.37e+04   1.03e+04   0.00       < 0.005 0.623 >
2022-10-10 09:01:30 [10/10/22 09:01:30    0.42s]: 13902   243        135        124        6007       293280144  89         2.71e-06   6.25e+04   1.08e+04   0.00       < 0.005 0.649 >
2022-10-10 09:01:30 [10/10/22 09:01:30    0.44s]: 14564   140        41         145        6553       327093922  112        1.63e-06   3.68e+04   1.13e+04   0.00       < 0.005 0.674 >
2022-10-10 09:01:30 [10/10/22 09:01:30    0.46s]: 15226   104        33         78         6955       357236109  124        9.57e-07   1.66e+04   1.13e+04   0.00       < 0.005 0.679 >
2022-10-10 09:01:31 [10/10/22 09:01:31    0.47s]: 15888   70         14         44         7238       384105340  114        4.89e-07   8.17e+03   1.11e+04   0.00       < 0.005 0.678 >
2022-10-10 09:01:31 [10/10/22 09:01:31    0.48s]: 16550   45         3          28         7429       408057237  120        1.41e-07   3.16e+03   1.09e+04   0.00       < 0.005 0.669 >
2022-10-10 09:01:32 [10/10/22 09:01:32    0.49s]: 17212   10         1          19         7530       429408236  103        7.76e-08   1.35e+03   9.53e+03   0.00       < 0.005 0.658 >
2022-10-10 09:01:32 [10/10/22 09:01:32    0.47s]: 17874   11         4          8          7567       448441121  71         6.57e-08   8.17e+02   8.63e+03   0.00       < 0.005 0.646 >
2022-10-10 09:01:33 [10/10/22 09:01:33    0.55s]: 18536   7          6          12         7593       465407248  47         1.26e-07   1.97e+03   8.25e+03   0.00       < 0.005 0.621 >
2022-10-10 09:01:33 [10/10/22 09:01:33    0.46s]: 19198   2          1          5          7628       480531104  28         1.39e-08   5.25e+02   8.18e+03   0.00       < 0.004 0.593 >
2022-10-10 09:01:34 [10/10/22 09:01:34    0.45s]: 19860   4          3          12         7638       494012975  20         5.22e-08   5.02e+02   8.27e+03   0.00       < 0.004 0.550 >
2022-10-10 09:01:34 [10/10/22 09:01:34    0.44s]: 20522   4          0          9          7663       506030921  15         3.58e-08   3.47e+02   8.37e+03   0.00       < 0.004 0.482 >
2022-10-10 09:01:35 [10/10/22 09:01:35    0.44s]: 21184   8          0          4          7684       516743999  12         1.78e-08   2.50e+02   8.53e+03   0.00       < 0.003 0.444 >
2022-10-10 09:01:35 [10/10/22 09:01:35    0.43s]: 21846   5          0          6          7701       526293764  20         2.45e-08   1.86e+02   8.13e+03   0.00       < 0.002 0.345 >
2022-10-10 09:01:36 [10/10/22 09:01:36    0.41s]: 22508   4          1          2          7716       534806637  22         2.28e-08   1.59e+02   8.46e+03   0.00       < 0.001 0.308 >
2022-10-10 09:01:36 [10/10/22 09:01:36    0.40s]: 23170   3          1          2          7731       542395116  19         1.38e-08   9.01e+01   8.34e+03   0.00       < 0.001 0.238 >
2022-10-10 09:01:36 [10/10/22 09:01:36    0.39s]: 23832   4          0          4          7742       549159649  17         4.56e-10   4.31e+01   8.19e+03   0.00       < 0.001 0.415 >
2022-10-10 09:01:37 [10/10/22 09:01:37    0.38s]: 24494   6          0          4          7752       555189712  18         2.12e-08   2.89e+02   8.62e+03   0.00       < 0.001 0.401 >
2022-10-10 09:01:37 [10/10/22 09:01:37    0.39s]: 25156   5          1          7          7766       560565190  20         3.07e-08   3.15e+02   8.64e+03   0.00       < 0.001 0.391 >
2022-10-10 09:01:38 [10/10/22 09:01:38    0.39s]: 25818   4          0          3          7787       565356896  22         2.93e-09   1.32e+02   8.68e+03   0.00       < 0.001 0.396 >
2022-10-10 09:01:38 [10/10/22 09:01:38    0.39s]: 26480   0          0          2          7798       569628119  28         2.10e-08   1.20e+02   8.12e+03   0.00       < 0.001 0.378 >
2022-10-10 09:01:38 [10/10/22 09:01:38    0.39s]: 27142   1          1          3          7800       573435708  19         1.02e-08   4.13e+01   8.20e+03   0.00       < 0.001 0.388 >
2022-10-10 09:01:39 [10/10/22 09:01:39    0.39s]: 27804   2          1          4          7807       576829967  16         1.12e-08   9.78e+01   8.29e+03   0.00       < 0.001 0.391 >
2022-10-10 09:01:39 [10/10/22 09:01:39    0.39s]: 28466   0          0          1          7817       579855535  19         4.84e-10   4.47e+01   8.30e+03   0.00       < 0.001 0.369 >
2022-10-10 09:01:39 [10/10/22 09:01:39    0.39s]: 29128   0          0          0          7821       582552467  11         0.00e+00   3.15e+00   7.82e+03   0.00       < 0.001 0.355 >
2022-10-10 09:01:40 [10/10/22 09:01:40    0.36s]: 29790   0          0          0          7821       584956586  7          0.00e+00   2.22e-01   7.82e+03   0.00       < 0.001 0.326 >
2022-10-10 09:01:40 [10/10/22 09:01:40    0.36s]: 30452   0          0          0          7821       587099920  0          0.00e+00   1.56e-02   7.82e+03   0.00       < 0.001 0.289 >
2022-10-10 09:01:41 [10/10/22 09:01:41    0.36s]: 31114   0          0          0          7821       589010493  0          0.00e+00   1.10e-03   7.82e+03   0.00       < 0.000 0.235 >
2022-10-10 09:01:41 [10/10/22 09:01:41    0.35s]: 31776   0          0          0          7821       590713599  0          0.00e+00   7.74e-05   7.82e+03   0.00       < 0.000 0.179 >
2022-10-10 09:01:41 [10/10/22 09:01:41    0.35s]: 32438   0          0          0          7821       592231521  0          0.00e+00   5.44e-06   7.82e+03   0.00       < 0.000 0.145 >
2022-10-10 09:01:42 [10/10/22 09:01:42    0.35s]: 33100   0          0          0          7821       593584648  0          0.00e+00   3.70e-07   7.82e+03   0.00       < 0.000 0.089 >
2022-10-10 09:01:42 [10/10/22 09:01:42    0.01s]: 33119   0          0          0          7821       593621251  0          0.00e+00   3.42e-07   7.82e+03   0.00       < 0.000 0.087 >
2022-10-10 09:01:42  ---  main.cpp:generate tcells took  avg 0.00 s max 0.00 s balance 0.89  --- 
2022-10-10 09:01:42  ---  main.cpp:update circulating tcells took  avg 6.24 s max 6.91 s balance 0.90  --- 
2022-10-10 09:01:42  ---  main.cpp:update tcells took  avg 0.12 s max 0.16 s balance 0.79  --- 
2022-10-10 09:01:42  ---  main.cpp:update epicells took  avg 0.14 s max 0.21 s balance 0.66  --- 
2022-10-10 09:01:42  ---  main.cpp:update concentrations took  avg 0.43 s max 0.67 s balance 0.65  --- 
2022-10-10 09:01:42  ---  main.cpp:compute updates took  avg 9.55 s max 9.56 s balance 1.00  --- 
2022-10-10 09:01:42  ---  main.cpp:dispatch updates took  avg 2.10 s max 2.95 s balance 0.71  --- 
2022-10-10 09:01:42  ---  main.cpp:add new actives took  avg 0.05 s max 0.07 s balance 0.64  --- 
2022-10-10 09:01:42  ---  main.cpp:erase inactive took  avg 0.29 s max 0.42 s balance 0.69  --- 
2022-10-10 09:01:42  ---  main.cpp:sample took  avg 0.00 s max 0.00 s balance -nan  --- 
2022-10-10 09:01:42  ---  main.cpp:sample write took  avg 0.00 s max 0.00 s balance -nan  --- 
2022-10-10 09:01:42  ---  main.cpp:log took  avg 1.34 s max 1.34 s balance 0.99  --- 
2022-10-10 09:01:42 Finished 33120 time steps in 16.3324 s (0.0005 s per step)
2022-10-10 09:01:42  --- Elapsed time for main.cpp:run_sim:  (exiting barrier) 2022-10-10 09:01:42 ...
2022-10-10 09:01:42           ... (min/my/avg/max, bal) (16.33/16.33/16.33/16.33 s, 1.00) barrier(0.00 s) --- 
2022-10-10 09:01:42 Peak memory used across all nodes: 21.84GB
2022-10-10 09:01:42 Finished in 20.09 s at 10/10/22 09:01:42 for SimCov version 0.1.1.d78b099-dirty
